#
# A fatal error has been detected by the Java Runtime Environment:
#
#  Internal Error (jvmciRuntime.cpp:1609), pid=21, tid=42
#  fatal error: Fatal exception in JVMCI: Error calling jdk.vm.ci.services.Services.serializeSavedProperties
#
# JRE version: OpenJDK Runtime Environment GraalVM CE 22.3.0 (17.0.5+8) (build 17.0.5+8-jvmci-22.3-b08)
# Java VM: OpenJDK 64-Bit Server VM GraalVM CE 22.3.0 (17.0.5+8-jvmci-22.3-b08, mixed mode, sharing, tiered, jvmci, jvmci compiler, compressed oops, compressed class ptrs, parallel gc, linux-amd64)
# Problematic frame:
# V  [libjvm.so+0x972714]  JVMCIRuntime::fatal_exception(JVMCIEnv*, char const*)+0x74
#
# Core dump will be written. Default location: Core dumps may be processed with "/usr/share/apport/apport -p%p -s%s -c%c -d%d -P%P -u%u -g%g -- %E" (or dumping to /home/runner/Pokemon-Battle-Simulator/core.21)
#
# If you would like to submit a bug report, please visit:
#   https://github.com/oracle/graal/issues
#

---------------  S U M M A R Y ------------

Command Line: -XX:ThreadPriorityPolicy=1 -XX:+UnlockExperimentalVMOptions -XX:+EnableJVMCIProduct -XX:JVMCIThreadsPerNativeLibraryRuntime=1 -XX:-UnlockExperimentalVMOptions -Declipse.application=org.eclipse.jdt.ls.core.id1 -Dosgi.bundles.defaultStartLevel=4 -Declipse.product=org.eclipse.jdt.ls.core.product -Dlog.level=ALL -Xverify:none -XX:+UseParallelGC -XX:GCTimeRatio=4 -XX:AdaptiveSizePolicyWeight=90 -Dsun.zip.disableMemoryMapping=true -Xmx512m -Xms100m /nix/store/m6gcpi1ii6rghy04cjwjddcavv7i90df-jdt-language-server-1.9.0/share/java/plugins/org.eclipse.equinox.launcher_1.6.400.v20210924-0641.jar --add-modules=ALL-SYSTEM --add-opens java.base/java.util=ALL-UNNAMED --add-opens java.base/java.lang=ALL-UNNAMED -configuration /home/runner/.cache/jdt-language-server/config -data /home/runner/.cache/jdt-language-server/data/home/runner/Pokemon-Battle-Simulator

Host: AMD EPYC 7B12, 8 cores, 1G, Ubuntu 20.04.2 LTS
Time: Sat Jun 10 02:40:46 2023 UTC elapsed time: 814.620281 seconds (0d 0h 13m 34s)

---------------  T H R E A D  ---------------

Current thread (0x00007f05d40b21e0):  JavaThread "JVMCI-native CompilerThread0" daemon [_thread_in_vm, id=42, stack(0x00007f05ba51a000,0x00007f05ba71a000)]


Current CompileTask:
JVMCI-native: 814620 9758       4       org.eclipse.jdt.internal.core.ClassFile::getType (28 bytes)

Stack: [0x00007f05ba51a000,0x00007f05ba71a000],  sp=0x00007f05ba718380,  free space=2040k
Native frames: (J=compiled Java code, j=interpreted, Vv=VM code, C=native code)
V  [libjvm.so+0x972714]  JVMCIRuntime::fatal_exception(JVMCIEnv*, char const*)+0x74
V  [libjvm.so+0x93e2fe]  JVMCIEnv::copy_saved_properties()+0x14e
V  [libjvm.so+0x9732a9]  JVMCIRuntime::initialize(JVMCIEnv*)+0xb19
V  [libjvm.so+0x9738a2]  JVMCIRuntime::get_HotSpotJVMCIRuntime(JVMCIEnv*)+0x12
V  [libjvm.so+0x9749f2]  JVMCIRuntime::compile_method(JVMCIEnv*, JVMCICompiler*, methodHandle const&, int)+0xd2
V  [libjvm.so+0x5b0d20]  CompileBroker::invoke_compiler_on_method(CompileTask*)+0x1470
V  [libjvm.so+0x5b12e8]  CompileBroker::compiler_thread_loop()+0x528
V  [libjvm.so+0xd82460]  JavaThread::thread_main_inner()+0xd0
V  [libjvm.so+0xd85a40]  Thread::call_run()+0xc0
V  [libjvm.so+0xbdb1e1]  thread_native_entry(Thread*)+0xe1

Register to memory mapping:

RAX=0x00007f05da279000 points into unknown readable memory: 0x0000000000000058 | 58 00 00 00 00 00 00 00
RBX=0x00007f05db374398: <offset 0x0000000000ef5398> in /nix/store/gpxl5qgg8kicmcvivwmybwjlpf7wh20l-graalvm17-ce-22.3.0/lib/server/libjvm.so at 0x00007f05da47f000
RCX=0x00007f05db32c1e8: <offset 0x0000000000ead1e8> in /nix/store/gpxl5qgg8kicmcvivwmybwjlpf7wh20l-graalvm17-ce-22.3.0/lib/server/libjvm.so at 0x00007f05da47f000
RDX=0x0000000000000649 is an unknown value
RSP=0x00007f05ba718380 is pointing into the stack for thread: 0x00007f05d40b21e0
RBP=0x00007f05ba7183a0 is pointing into the stack for thread: 0x00007f05d40b21e0
RSI=0x00007f05db374c48: <offset 0x0000000000ef5c48> in /nix/store/gpxl5qgg8kicmcvivwmybwjlpf7wh20l-graalvm17-ce-22.3.0/lib/server/libjvm.so at 0x00007f05da47f000
RDI=0x00000000e0000000 is an oop: java.lang.String 
{0x00000000e0000000} - klass: 'java/lang/String'
 - string: "resolution"
R8 =0x00007f05db374398: <offset 0x0000000000ef5398> in /nix/store/gpxl5qgg8kicmcvivwmybwjlpf7wh20l-graalvm17-ce-22.3.0/lib/server/libjvm.so at 0x00007f05da47f000
R9 =0x00007f05ba718330 is pointing into the stack for thread: 0x00007f05d40b21e0
R10=0x00007f05ba719948 is pointing into the stack for thread: 0x00007f05d40b21e0
R11=0x0000000000000293 is an unknown value
R12=0x0 is NULL
R13=0x00007f05d40b21e0 is a thread
R14=0x00007f05d4000b80 points into unknown readable memory: 0x00007f05db5a5a38 | 38 5a 5a db 05 7f 00 00
R15=0x00007f05db6b3e40: <offset 0x0000000001234e40> in /nix/store/gpxl5qgg8kicmcvivwmybwjlpf7wh20l-graalvm17-ce-22.3.0/lib/server/libjvm.so at 0x00007f05da47f000


Registers:
RAX=0x00007f05da279000, RBX=0x00007f05db374398, RCX=0x00007f05db32c1e8, RDX=0x0000000000000649
RSP=0x00007f05ba718380, RBP=0x00007f05ba7183a0, RSI=0x00007f05db374c48, RDI=0x00000000e0000000
R8 =0x00007f05db374398, R9 =0x00007f05ba718330, R10=0x00007f05ba719948, R11=0x0000000000000293
R12=0x0000000000000000, R13=0x00007f05d40b21e0, R14=0x00007f05d4000b80, R15=0x00007f05db6b3e40
RIP=0x00007f05dadf1714, EFLAGS=0x0000000000010206, CSGSFS=0x002b000000000033, ERR=0x0000000000000006
  TRAPNO=0x000000000000000e

Top of Stack: (sp=0x00007f05ba718380)
0x00007f05ba718380:   00007f05ba718940 00007f05d40b21e0
0x00007f05ba718390:   00007f05d8c0f5b8 0000000800c44fd0
0x00007f05ba7183a0:   00007f05ba718500 00007f05dadbd2fe
0x00007f05ba7183b0:   00007f05ba7183e0 00007f05ba718440 

Instructions: (pc=0x00007f05dadf1714)
0x00007f05dadf1614:   30 e8 f6 cf e8 ff 4c 89 e7 e8 2e 48 d1 ff 84 db
0x00007f05dadf1624:   75 2a 4d 85 ed 74 04 4d 8b 6d 00 48 83 c4 08 44
0x00007f05dadf1634:   89 f9 4c 89 f2 4c 89 ee 5b 4c 89 e7 41 5c 41 5d
0x00007f05dadf1644:   41 5e 41 5f 5d e9 e2 47 d1 ff 66 90 48 83 c4 08
0x00007f05dadf1654:   5b 41 5c 41 5d 41 5e 41 5f 5d c3 90 31 d2 be 08
0x00007f05dadf1664:   00 00 00 4c 89 ff e8 b1 78 a3 ff 49 89 c5 e9 37
0x00007f05dadf1674:   ff ff ff 66 0f 1f 84 00 00 00 00 00 48 8b 7a 08
0x00007f05dadf1684:   e9 6d ff ff ff 0f 1f 80 00 00 00 00 e8 5b 48 0a
0x00007f05dadf1694:   00 84 c0 75 89 e9 6a ff ff ff 66 90 55 48 89 e5
0x00007f05dadf16a4:   41 56 41 55 41 54 49 89 fc 53 48 89 f3 66 48 8d
0x00007f05dadf16b4:   3d 27 5e 85 00 66 66 48 e8 df 43 8d ff 4c 8b 28
0x00007f05dadf16c4:   8b 05 be 72 8a 00 85 c0 75 14 ba 01 00 00 00 48
0x00007f05dadf16d4:   8d 0d ae 72 8a 00 f0 0f b1 11 85 c0 74 4e be c8
0x00007f05dadf16e4:   00 00 00 4c 89 ef e8 01 0b 41 00 48 8d 05 12 ac
0x00007f05dadf16f4:   85 00 49 89 d8 48 8d 0d e8 aa 53 00 ba 49 06 00
0x00007f05dadf1704:   00 48 8d 35 3c 35 58 00 bf 00 00 00 e0 48 8b 00
0x00007f05dadf1714:   c6 00 58 31 c0 e8 e2 91 c6 ff 5b 41 5c 41 5d 41
0x00007f05dadf1724:   5e 5d e9 55 34 26 00 0f 1f 44 00 00 48 8d 05 81
0x00007f05dadf1734:   a3 8b 00 48 89 df 4c 8b 30 e8 9e 43 8d ff 48 89
0x00007f05dadf1744:   de 48 89 c2 49 8b 06 4c 89 f7 ff 50 08 4c 89 f7
0x00007f05dadf1754:   e8 a7 5c 27 00 4d 85 e4 74 12 be 01 00 00 00 4c
0x00007f05dadf1764:   89 e7 e8 35 43 fc ff eb 82 0f 1f 00 be 01 00 00
0x00007f05dadf1774:   00 4c 89 ef e8 d3 fd ff ff e9 6d ff ff ff 66 66
0x00007f05dadf1784:   2e 0f 1f 84 00 00 00 00 00 0f 1f 00 55 48 89 e5
0x00007f05dadf1794:   41 57 41 56 41 55 41 54 53 48 81 ec 08 02 00 00
0x00007f05dadf17a4:   64 48 8b 04 25 28 00 00 00 48 89 45 c8 8b 07 83
0x00007f05dadf17b4:   f8 02 0f 84 11 04 00 00 4c 8b 6f 18 49 89 ff 49
0x00007f05dadf17c4:   89 f4 4d 85 ed 74 14 4c 89 ef e8 5d 57 22 00 41
0x00007f05dadf17d4:   8b 07 83 f8 02 0f 84 19 04 00 00 48 8d 1d 9a 06
0x00007f05dadf17e4:   8a 00 4c 8d 35 0b 3c 58 00 eb 38 90 48 85 d2 7f
0x00007f05dadf17f4:   0d 48 8d 05 b4 c0 85 00 48 83 38 00 7e 0e 41 8b
0x00007f05dadf1804:   77 2c 4c 89 f7 31 c0 e8 a0 b2 f7 ff 49 8b 7f 18 


Stack slot to memory mapping:
stack at sp + 0 slots: 0x00007f05ba718940 is pointing into the stack for thread: 0x00007f05d40b21e0
stack at sp + 1 slots: 0x00007f05d40b21e0 is a thread
stack at sp + 2 slots: 0x00007f05d8c0f5b8 points into unknown readable memory: 0x657300189e56ffff | ff ff 56 9e 18 00 73 65
stack at sp + 3 slots: 0x0000000800c44fd0 is a pointer to class: 
jdk.vm.ci.services.Services {0x0000000800c44fd0}
 - instance size:     2
 - klass size:        65
 - access:            public final synchronized 
 - state:             fully_initialized
 - name:              'jdk/vm/ci/services/Services'
 - super:             'java/lang/Object'
 - sub:               
 - arrays:            NULL
 - methods:           Array<T>(0x00007f05bac64850)
 - method ordering:   Array<T>(0x0000000800928960)
 - default_methods:   Array<T>(0x0000000000000000)
 - local interfaces:  Array<T>(0x00000008005ce810)
 - trans. interfaces: Array<T>(0x00000008005ce810)
 - constants:         constant pool [427] {0x00007f05bac63930} for 'jdk/vm/ci/services/Services' cache=0x00007f05bac65b20
 - class loader data:  loader data: 0x00007f05d40283f0 of 'bootstrap'
 - source file:       'Services.java'
 - class annotations:       Array<T>(0x0000000000000000)
 - class type annotations:  Array<T>(0x0000000000000000)
 - field annotations:       Array<T>(0x0000000000000000)
 - field type annotations:  Array<T>(0x0000000000000000)
 - inner classes:     Array<T>(0x00007f05bac65af0)
 - nest members:     Array<T>(0x00007f05bac65b10)
 - permitted subclasses:     Array<T>(0x00000008005ce7a0)
 - java mirror:       a 'java/lang/Class'{0x00000000e0145460} = 'jdk/vm/ci/services/Services'
 - vtable length      5  (start addr: 0x0000000800c451a0)
 - itable length      2 (start addr: 0x0000000800c451c8)
 - ---- static fields (3 words):
 - public static final 'IS_BUILDING_NATIVE_IMAGE' 'Z' @128 
 - public static final 'IS_IN_NATIVE_IMAGE' 'Z' @129 
 - private static volatile 'savedProperties' 'Ljava/util/Map;' @112 
 - static final 'JVMCI_ENABLED' 'Z' @130 
 - private static final 'servicesCache' 'Ljava/util/Map;' @116 
 - private static final 'MAX_UNICODE_IN_UTF8_LENGTH' 'I' @120 
 - private static final 'MAX_UTF8_PROPERTY_STRING_LENGTH' 'I' @124 
 - ---- non-static fields (0 words):
 - non-static oop maps: 
stack at sp + 4 slots: 0x00007f05ba718500 is pointing into the stack for thread: 0x00007f05d40b21e0
stack at sp + 5 slots: 0x00007f05dadbd2fe: <offset 0x000000000093e2fe> in /nix/store/gpxl5qgg8kicmcvivwmybwjlpf7wh20l-graalvm17-ce-22.3.0/lib/server/libjvm.so at 0x00007f05da47f000
stack at sp + 6 slots: 0x00007f05ba7183e0 is pointing into the stack for thread: 0x00007f05d40b21e0
stack at sp + 7 slots: 0x00007f05ba718440 is pointing into the stack for thread: 0x00007f05d40b21e0


---------------  P R O C E S S  ---------------

Threads class SMR info:
_java_thread_list=0x00007f0528015e10, length=24, elements={
0x00007f05d4026690, 0x00007f05d40a64d0, 0x00007f05d40a7910, 0x00007f05d40ae050,
0x00007f05d40af400, 0x00007f05d40b07f0, 0x00007f05d40b21e0, 0x00007f05d40b36f0,
0x00007f05d40b4750, 0x00007f05d40e8400, 0x00007f05d4130500, 0x00007f05d43804c0,
0x00007f05d43817c0, 0x00007f05d4646960, 0x00007f0568017240, 0x00007f05682a0ea0,
0x00007f0568483050, 0x00007f0568612ce0, 0x00007f05d43a4e10, 0x00007f05d44b3520,
0x00007f0538000ff0, 0x00007f053c43a1b0, 0x00007f0544150910, 0x00007f0570005b90
}

Java Threads: ( => current thread )
  0x00007f05d4026690 JavaThread "main" [_thread_blocked, id=34, stack(0x00007f05da29a000,0x00007f05da39a000)]
  0x00007f05d40a64d0 JavaThread "Reference Handler" daemon [_thread_blocked, id=37, stack(0x00007f05d82b1000,0x00007f05d83b1000)]
  0x00007f05d40a7910 JavaThread "Finalizer" daemon [_thread_blocked, id=38, stack(0x00007f05d81b1000,0x00007f05d82b1000)]
  0x00007f05d40ae050 JavaThread "Signal Dispatcher" daemon [_thread_blocked, id=39, stack(0x00007f05d80b1000,0x00007f05d81b1000)]
  0x00007f05d40af400 JavaThread "Service Thread" daemon [_thread_blocked, id=40, stack(0x00007f05ba81a000,0x00007f05ba91a000)]
  0x00007f05d40b07f0 JavaThread "Monitor Deflation Thread" daemon [_thread_blocked, id=41, stack(0x00007f05ba71a000,0x00007f05ba81a000)]
=>0x00007f05d40b21e0 JavaThread "JVMCI-native CompilerThread0" daemon [_thread_in_vm, id=42, stack(0x00007f05ba51a000,0x00007f05ba71a000)]
  0x00007f05d40b36f0 JavaThread "C1 CompilerThread0" daemon [_thread_blocked, id=43, stack(0x00007f05ba31a000,0x00007f05ba51a000)]
  0x00007f05d40b4750 JavaThread "Sweeper thread" daemon [_thread_blocked, id=44, stack(0x00007f05ba21a000,0x00007f05ba31a000)]
  0x00007f05d40e8400 JavaThread "Common-Cleaner" daemon [_thread_blocked, id=45, stack(0x00007f05ba11a000,0x00007f05ba21a000)]
  0x00007f05d4130500 JavaThread "Notification Thread" daemon [_thread_blocked, id=48, stack(0x00007f05ba01a000,0x00007f05ba11a000)]
  0x00007f05d43804c0 JavaThread "Framework Event Dispatcher: Equinox Container: 551e4782-0097-443d-9d79-673da859e31c" daemon [_thread_blocked, id=62, stack(0x00007f05b8a00000,0x00007f05b8b00000)]
  0x00007f05d43817c0 JavaThread "Start Level: Equinox Container: 551e4782-0097-443d-9d79-673da859e31c" daemon [_thread_blocked, id=63, stack(0x00007f05b8800000,0x00007f05b8900000)]
  0x00007f05d4646960 JavaThread "Refresh Thread: Equinox Container: 551e4782-0097-443d-9d79-673da859e31c" daemon [_thread_blocked, id=68, stack(0x00007f05b8600000,0x00007f05b8700000)]
  0x00007f0568017240 JavaThread "SCR Component Actor" daemon [_thread_blocked, id=74, stack(0x00007f05b8400000,0x00007f05b8500000)]
  0x00007f05682a0ea0 JavaThread "Worker-JM" [_thread_blocked, id=85, stack(0x00007f05b8000000,0x00007f05b8100000)]
  0x00007f0568483050 JavaThread "Java indexing" daemon [_thread_blocked, id=89, stack(0x00007f0581500000,0x00007f0581600000)]
  0x00007f0568612ce0 JavaThread "Bundle File Closer" daemon [_thread_blocked, id=90, stack(0x00007f0581300000,0x00007f0581400000)]
  0x00007f05d43a4e10 JavaThread "pool-3-thread-1" [_thread_blocked, id=99, stack(0x00007f0581100000,0x00007f0581200000)]
  0x00007f05d44b3520 JavaThread "pool-2-thread-1" [_thread_in_native, id=100, stack(0x00007f0580f00000,0x00007f0581000000)]
  0x00007f0538000ff0 JavaThread "Worker-4" [_thread_blocked, id=105, stack(0x00007f0580b00000,0x00007f0580c00000)]
  0x00007f053c43a1b0 JavaThread "Okio Watchdog" daemon [_thread_blocked, id=168, stack(0x00007f0580800000,0x00007f0580900000)]
  0x00007f0544150910 JavaThread "Thread-16" [_thread_blocked, id=1171, stack(0x00007f0580d00000,0x00007f0580e00000)]
  0x00007f0570005b90 JavaThread "Active Thread: Equinox Container: 551e4782-0097-443d-9d79-673da859e31c" [_thread_blocked, id=2262, stack(0x00007f0580900000,0x00007f0580a00000)]

Other Threads:
  0x00007f05d40a1c10 VMThread "VM Thread" [stack: 0x00007f05d83b3000,0x00007f05d84b3000] [id=36] _threads_hazard_ptr=0x00007f0528015e10
  0x00007f05d4131ea0 WatcherThread [stack: 0x00007f05b9f1a000,0x00007f05ba01a000] [id=49]
  0x00007f05d403df30 GCTaskThread "GC Thread#0" [stack: 0x00007f05d9e5d000,0x00007f05d9f5d000] [id=35]

Threads with active compile tasks:
JVMCI-native CompilerThread0   814699 9758       4       org.eclipse.jdt.internal.core.ClassFile::getType (28 bytes)
C1 CompilerThread0   814699 9759       3       org.eclipse.jdt.internal.compiler.lookup.BinaryTypeBinding$ExternalAnnotationStatus::isPotentiallyUnannotatedLib (44 bytes)

VM state: synchronizing (normal execution)

VM Mutex/Monitor currently owned by a thread:  ([mutex/lock_event])
[0x00007f05d4023840] Threads_lock - owner thread: 0x00007f05d40a1c10
[0x00007f05d4023ff0] Heap_lock - owner thread: 0x00007f0544150910

OutOfMemory and StackOverflow Exception counts:
OutOfMemoryError java_heap_errors=24
LinkageErrors=72

Heap address: 0x00000000e0000000, size: 512 MB, Compressed Oops mode: 32-bit

CDS archive(s) mapped at: [0x0000000800000000-0x0000000800bc8000-0x0000000800bc8000), size 12353536, SharedBaseAddress: 0x0000000800000000, ArchiveRelocationMode: 0.
Compressed class space mapped at: 0x0000000800c00000-0x0000000840c00000, reserved size: 1073741824
Narrow klass base: 0x0000000800000000, Narrow klass shift: 0, Narrow klass range: 0x100000000

GC Precious Log:
 CPUs: 8 total, 1 available
 Memory: 1024M
 Large Page Support: Disabled
 NUMA Support: Disabled
 Compressed Oops: Enabled (32-bit)
 Alignments: Space 512K, Generation 512K, Heap 2M
 Heap Min Capacity: 100M
 Heap Initial Capacity: 100M
 Heap Max Capacity: 512M
 Pre-touch: Disabled
 Parallel Workers: 1

Heap:
 PSYoungGen      total 38400K, used 24576K [0x00000000f5580000, 0x00000000f8980000, 0x0000000100000000)
  eden space 24576K, 100% used [0x00000000f5580000,0x00000000f6d80000,0x00000000f6d80000)
  from space 13824K, 0% used [0x00000000f6d80000,0x00000000f6d80000,0x00000000f7b00000)
  to   space 12800K, 0% used [0x00000000f7d00000,0x00000000f7d00000,0x00000000f8980000)
 ParOldGen       total 349696K, used 349695K [0x00000000e0000000, 0x00000000f5580000, 0x00000000f5580000)
  object space 349696K, 99% used [0x00000000e0000000,0x00000000f557fff8,0x00000000f5580000)
 Metaspace       used 61674K, committed 62784K, reserved 1105920K
  class space    used 6079K, committed 6528K, reserved 1048576K

Card table byte_map: [0x00007f05d9f5d000,0x00007f05da05e000] _byte_map_base: 0x00007f05d985d000

Marking Bits: (ParMarkBitMap*) 0x00007f05db6ad4c0
 Begin Bits: [0x00007f05d8db0000, 0x00007f05d95b0000)
 End Bits:   [0x00007f05d95b0000, 0x00007f05d9db0000)

Polling page: 0x00007f05da277000

Metaspace:

Usage:
  Non-class:     54.29 MB used.
      Class:      5.94 MB used.
       Both:     60.23 MB used.

Virtual space:
  Non-class space:       56.00 MB reserved,      54.94 MB ( 98%) committed,  7 nodes.
      Class space:        1.00 GB reserved,       6.38 MB ( <1%) committed,  1 nodes.
             Both:        1.05 GB reserved,      61.31 MB (  6%) committed. 

Chunk freelists:
   Non-Class:  630.00 KB
       Class:  1.69 MB
        Both:  2.30 MB

MaxMetaspaceSize: unlimited
CompressedClassSpaceSize: 1.00 GB
Initial GC threshold: 21.00 MB
Current GC threshold: 102.12 MB
CDS: on
MetaspaceReclaimPolicy: balanced
 - commit_granule_bytes: 65536.
 - commit_granule_words: 8192.
 - virtual_space_node_default_size: 1048576.
 - enlarge_chunks_in_place: 1.
 - new_chunks_are_fully_committed: 0.
 - uncommit_free_chunks: 1.
 - use_allocation_guard: 0.
 - handle_deallocations: 1.


Internal statistics:

num_allocs_failed_limit: 6.
num_arena_births: 516.
num_arena_deaths: 150.
num_vsnodes_births: 8.
num_vsnodes_deaths: 0.
num_space_committed: 980.
num_space_uncommitted: 0.
num_chunks_returned_to_freelist: 212.
num_chunks_taken_from_freelist: 2942.
num_chunk_merges: 86.
num_chunk_splits: 1923.
num_chunks_enlarged: 1203.
num_purges: 2.
num_inconsistent_stats: 0.

CodeHeap 'non-profiled nmethods': size=120036Kb used=2745Kb max_used=2745Kb free=117290Kb
 bounds [0x00007f05c2f7a000, 0x00007f05c322a000, 0x00007f05ca4b3000]
CodeHeap 'profiled nmethods': size=120032Kb used=15807Kb max_used=16707Kb free=104225Kb
 bounds [0x00007f05bba42000, 0x00007f05bcaa2000, 0x00007f05c2f7a000]
CodeHeap 'non-nmethods': size=5692Kb used=1405Kb max_used=1408Kb free=4286Kb
 bounds [0x00007f05bb4b3000, 0x00007f05bb723000, 0x00007f05bba42000]
 total_blobs=8184 nmethods=7438 adapters=634
 compilation: enabled
              stopped_count=0, restarted_count=0
 full_count=0

JVMCI Events (20 events):
Event: 559.409 Thread 0x00007f05d40b21e0 destroyed JavaVM[9]@0x00007f058019e340 for JVMCI runtime 0
Event: 559.409 Thread 0x00007f05d40b21e0 compacted oop handles in JVMCI runtime 0 from 63 to 63
Event: 559.409 Thread 0x00007f05d40b21e0 releasing handles for JVMCI runtime 0: oop handles=63, metadata handles={total=111, live=104, blocks=54}
Event: 559.409 Thread 0x00007f05d40b21e0 detached from JVMCI runtime 0
Event: 671.623 Thread 0x00007f05d40b21e0 attached to JVMCI runtime 0
Event: 671.626 Thread 0x00007f05d40b21e0 created JavaVM[10]@0x00007f058019e340 for JVMCI runtime 0
Event: 671.626 Thread 0x00007f05d40b21e0 initializing JVMCI runtime 0
Event: 671.626 Thread 0x00007f05d40b21e0 done waiting for JavaVM references initialization in JVMCI runtime 0
Event: 679.153 Thread 0x00007f05d40b21e0 initialized JVMCI runtime 0
Event: 682.640 Thread 0x00007f05d40b21e0 detaching from JVMCI runtime 0: releasing idle compiler thread (0 other threads still attached)
Event: 682.640 Thread 0x00007f05d40b21e0 shutting down HotSpotJVMCIRuntime for JVMCI runtime 0
Event: 682.640 Thread 0x00007f05d40b21e0 shut down JVMCI runtime 0
Event: 682.641 Thread 0x00007f05d40b21e0 destroyed JavaVM[10]@0x00007f058019e340 for JVMCI runtime 0
Event: 682.641 Thread 0x00007f05d40b21e0 compacted oop handles in JVMCI runtime 0 from 45 to 45
Event: 682.641 Thread 0x00007f05d40b21e0 releasing handles for JVMCI runtime 0: oop handles=45, metadata handles={total=86, live=75, blocks=54}
Event: 682.641 Thread 0x00007f05d40b21e0 detached from JVMCI runtime 0
Event: 807.444 Thread 0x00007f05d40b21e0 attached to JVMCI runtime 0
Event: 807.445 Thread 0x00007f05d40b21e0 created JavaVM[11]@0x00007f058019e340 for JVMCI runtime 0
Event: 808.535 Thread 0x00007f05d40b21e0 initializing JVMCI runtime 0
Event: 808.535 Thread 0x00007f05d40b21e0 done waiting for JavaVM references initialization in JVMCI runtime 0

Compilation events (20 events):
Event: 651.821 Thread 0x00007f05d40b36f0 nmethod 9747 0x00007f05bc529910 code [0x00007f05bc529ae0, 0x00007f05bc529f10]
Event: 661.118 Thread 0x00007f05d40b36f0 9748       3       java.util.logging.LogManager::getProperty (9 bytes)
Event: 662.201 Thread 0x00007f05d40b36f0 nmethod 9748 0x00007f05bc529390 code [0x00007f05bc529540, 0x00007f05bc529860]
Event: 669.437 Thread 0x00007f05d40b36f0 9750       3       org.eclipse.jdt.internal.codeassist.impl.AssistParser::isInsideAttributeValue (62 bytes)
Event: 671.623 Thread 0x00007f05d40b21e0 9751   !   4       org.eclipse.jdt.internal.compiler.parser.Scanner::pushLineSeparator (295 bytes)
Event: 671.625 Thread 0x00007f05d40b36f0 nmethod 9750 0x00007f05bc8ca910 code [0x00007f05bc8caae0, 0x00007f05bc8cae50]
Event: 672.618 Thread 0x00007f05d40b36f0 9752       3       java.lang.invoke.MethodHandles$Lookup::maybeBindCaller (72 bytes)
Event: 674.806 Thread 0x00007f05d40b36f0 nmethod 9752 0x00007f05bc923e10 code [0x00007f05bc924040, 0x00007f05bc9248e0]
Event: 681.531 Thread 0x00007f05d40b21e0 nmethod 9751 0x00007f05c3227d90 code [0x00007f05c3227f20, 0x00007f05c32280b8]
Event: 695.903 Thread 0x00007f05d40b36f0 9753       3       java.lang.invoke.LambdaForm$MH/0x0000000800d93000::invoke (25 bytes)
Event: 697.110 Thread 0x00007f05d40b36f0 nmethod 9753 0x00007f05bc8ca010 code [0x00007f05bc8ca1e0, 0x00007f05bc8ca7d0]
Event: 697.110 Thread 0x00007f05d40b36f0 9754       1       java.lang.Thread::getId (5 bytes)
Event: 697.111 Thread 0x00007f05d40b36f0 nmethod 9754 0x00007f05c3228210 code [0x00007f05c32283a0, 0x00007f05c3228470]
Event: 701.444 Thread 0x00007f05d40b36f0 9755       3       org.eclipse.jdt.internal.compiler.parser.Parser::consumeMethodHeaderName (384 bytes)
Event: 701.445 Thread 0x00007f05d40b36f0 nmethod 9755 0x00007f05bc552610 code [0x00007f05bc5528a0, 0x00007f05bc553cc0]
Event: 761.097 Thread 0x00007f05d40b36f0 9756       3       java.util.concurrent.ThreadPoolExecutor::isShutdown (12 bytes)
Event: 762.236 Thread 0x00007f05d40b36f0 nmethod 9756 0x00007f05bc853990 code [0x00007f05bc853b40, 0x00007f05bc853d30]
Event: 784.138 Thread 0x00007f05d40b36f0 9757       3       java.util.concurrent.ScheduledThreadPoolExecutor::canRunInCurrentRunState (61 bytes)
Event: 784.139 Thread 0x00007f05d40b36f0 nmethod 9757 0x00007f05bc8d3010 code [0x00007f05bc8d3220, 0x00007f05bc8d3cc0]
Event: 807.444 Thread 0x00007f05d40b21e0 9758       4       org.eclipse.jdt.internal.core.ClassFile::getType (28 bytes)

GC Heap History (20 events):
Event: 804.313 GC heap before
{Heap before GC invocations=831 (full 713):
 PSYoungGen      total 38400K, used 24576K [0x00000000f5580000, 0x00000000f8980000, 0x0000000100000000)
  eden space 24576K, 100% used [0x00000000f5580000,0x00000000f6d80000,0x00000000f6d80000)
  from space 13824K, 0% used [0x00000000f6d80000,0x00000000f6d80000,0x00000000f7b00000)
  to   space 12800K, 0% used [0x00000000f7d00000,0x00000000f7d00000,0x00000000f8980000)
 ParOldGen       total 349696K, used 349695K [0x00000000e0000000, 0x00000000f5580000, 0x00000000f5580000)
  object space 349696K, 99% used [0x00000000e0000000,0x00000000f557fff8,0x00000000f5580000)
 Metaspace       used 61674K, committed 62784K, reserved 1105920K
  class space    used 6079K, committed 6528K, reserved 1048576K
}
Event: 805.334 GC heap after
{Heap after GC invocations=831 (full 713):
 PSYoungGen      total 37376K, used 24575K [0x00000000f5580000, 0x00000000f8980000, 0x0000000100000000)
  eden space 24576K, 99% used [0x00000000f5580000,0x00000000f6d7fe00,0x00000000f6d80000)
  from space 12800K, 0% used [0x00000000f7d00000,0x00000000f7d00000,0x00000000f8980000)
  to   space 13824K, 0% used [0x00000000f6d80000,0x00000000f6d80000,0x00000000f7b00000)
 ParOldGen       total 349696K, used 349694K [0x00000000e0000000, 0x00000000f5580000, 0x00000000f5580000)
  object space 349696K, 99% used [0x00000000e0000000,0x00000000f557f808,0x00000000f5580000)
 Metaspace       used 61674K, committed 62784K, reserved 1105920K
  class space    used 6079K, committed 6528K, reserved 1048576K
}
Event: 805.334 GC heap before
{Heap before GC invocations=832 (full 714):
 PSYoungGen      total 37376K, used 24575K [0x00000000f5580000, 0x00000000f8980000, 0x0000000100000000)
  eden space 24576K, 99% used [0x00000000f5580000,0x00000000f6d7ffe0,0x00000000f6d80000)
  from space 12800K, 0% used [0x00000000f7d00000,0x00000000f7d00000,0x00000000f8980000)
  to   space 13824K, 0% used [0x00000000f6d80000,0x00000000f6d80000,0x00000000f7b00000)
 ParOldGen       total 349696K, used 349694K [0x00000000e0000000, 0x00000000f5580000, 0x00000000f5580000)
  object space 349696K, 99% used [0x00000000e0000000,0x00000000f557f808,0x00000000f5580000)
 Metaspace       used 61674K, committed 62784K, reserved 1105920K
  class space    used 6079K, committed 6528K, reserved 1048576K
}
Event: 806.440 GC heap after
{Heap after GC invocations=832 (full 714):
 PSYoungGen      total 38400K, used 24575K [0x00000000f5580000, 0x00000000f8980000, 0x0000000100000000)
  eden space 24576K, 99% used [0x00000000f5580000,0x00000000f6d7ff38,0x00000000f6d80000)
  from space 13824K, 0% used [0x00000000f6d80000,0x00000000f6d80000,0x00000000f7b00000)
  to   space 12800K, 0% used [0x00000000f7d00000,0x00000000f7d00000,0x00000000f8980000)
 ParOldGen       total 349696K, used 349692K [0x00000000e0000000, 0x00000000f5580000, 0x00000000f5580000)
  object space 349696K, 99% used [0x00000000e0000000,0x00000000f557f0a0,0x00000000f5580000)
 Metaspace       used 61674K, committed 62784K, reserved 1105920K
  class space    used 6079K, committed 6528K, reserved 1048576K
}
Event: 806.440 GC heap before
{Heap before GC invocations=833 (full 715):
 PSYoungGen      total 38400K, used 24575K [0x00000000f5580000, 0x00000000f8980000, 0x0000000100000000)
  eden space 24576K, 99% used [0x00000000f5580000,0x00000000f6d7ffc8,0x00000000f6d80000)
  from space 13824K, 0% used [0x00000000f6d80000,0x00000000f6d80000,0x00000000f7b00000)
  to   space 12800K, 0% used [0x00000000f7d00000,0x00000000f7d00000,0x00000000f8980000)
 ParOldGen       total 349696K, used 349692K [0x00000000e0000000, 0x00000000f5580000, 0x00000000f5580000)
  object space 349696K, 99% used [0x00000000e0000000,0x00000000f557f0a0,0x00000000f5580000)
 Metaspace       used 61674K, committed 62784K, reserved 1105920K
  class space    used 6079K, committed 6528K, reserved 1048576K
}
Event: 807.443 GC heap after
{Heap after GC invocations=833 (full 715):
 PSYoungGen      total 37376K, used 24575K [0x00000000f5580000, 0x00000000f8980000, 0x0000000100000000)
  eden space 24576K, 99% used [0x00000000f5580000,0x00000000f6d7ffc8,0x00000000f6d80000)
  from space 12800K, 0% used [0x00000000f7d00000,0x00000000f7d00000,0x00000000f8980000)
  to   space 13824K, 0% used [0x00000000f6d80000,0x00000000f6d80000,0x00000000f7b00000)
 ParOldGen       total 349696K, used 349692K [0x00000000e0000000, 0x00000000f5580000, 0x00000000f5580000)
  object space 349696K, 99% used [0x00000000e0000000,0x00000000f557f0a0,0x00000000f5580000)
 Metaspace       used 61674K, committed 62784K, reserved 1105920K
  class space    used 6079K, committed 6528K, reserved 1048576K
}
Event: 807.446 GC heap before
{Heap before GC invocations=834 (full 716):
 PSYoungGen      total 37376K, used 24576K [0x00000000f5580000, 0x00000000f8980000, 0x0000000100000000)
  eden space 24576K, 100% used [0x00000000f5580000,0x00000000f6d80000,0x00000000f6d80000)
  from space 12800K, 0% used [0x00000000f7d00000,0x00000000f7d00000,0x00000000f8980000)
  to   space 13824K, 0% used [0x00000000f6d80000,0x00000000f6d80000,0x00000000f7b00000)
 ParOldGen       total 349696K, used 349695K [0x00000000e0000000, 0x00000000f5580000, 0x00000000f5580000)
  object space 349696K, 99% used [0x00000000e0000000,0x00000000f557fe38,0x00000000f5580000)
 Metaspace       used 61674K, committed 62784K, reserved 1105920K
  class space    used 6079K, committed 6528K, reserved 1048576K
}
Event: 808.535 GC heap after
{Heap after GC invocations=834 (full 716):
 PSYoungGen      total 38400K, used 24573K [0x00000000f5580000, 0x00000000f8980000, 0x0000000100000000)
  eden space 24576K, 99% used [0x00000000f5580000,0x00000000f6d7f6a8,0x00000000f6d80000)
  from space 13824K, 0% used [0x00000000f6d80000,0x00000000f6d80000,0x00000000f7b00000)
  to   space 12800K, 0% used [0x00000000f7d00000,0x00000000f7d00000,0x00000000f8980000)
 ParOldGen       total 349696K, used 349692K [0x00000000e0000000, 0x00000000f5580000, 0x00000000f5580000)
  object space 349696K, 99% used [0x00000000e0000000,0x00000000f557f028,0x00000000f5580000)
 Metaspace       used 61674K, committed 62784K, reserved 1105920K
  class space    used 6079K, committed 6528K, reserved 1048576K
}
Event: 808.535 GC heap before
{Heap before GC invocations=835 (full 717):
 PSYoungGen      total 38400K, used 24576K [0x00000000f5580000, 0x00000000f8980000, 0x0000000100000000)
  eden space 24576K, 100% used [0x00000000f5580000,0x00000000f6d80000,0x00000000f6d80000)
  from space 13824K, 0% used [0x00000000f6d80000,0x00000000f6d80000,0x00000000f7b00000)
  to   space 12800K, 0% used [0x00000000f7d00000,0x00000000f7d00000,0x00000000f8980000)
 ParOldGen       total 349696K, used 349692K [0x00000000e0000000, 0x00000000f5580000, 0x00000000f5580000)
  object space 349696K, 99% used [0x00000000e0000000,0x00000000f557f028,0x00000000f5580000)
 Metaspace       used 61674K, committed 62784K, reserved 1105920K
  class space    used 6079K, committed 6528K, reserved 1048576K
}
Event: 809.617 GC heap after
{Heap after GC invocations=835 (full 717):
 PSYoungGen      total 37376K, used 24573K [0x00000000f5580000, 0x00000000f8980000, 0x0000000100000000)
  eden space 24576K, 99% used [0x00000000f5580000,0x00000000f6d7f700,0x00000000f6d80000)
  from space 12800K, 0% used [0x00000000f7d00000,0x00000000f7d00000,0x00000000f8980000)
  to   space 13824K, 0% used [0x00000000f6d80000,0x00000000f6d80000,0x00000000f7b00000)
 ParOldGen       total 349696K, used 349691K [0x00000000e0000000, 0x00000000f5580000, 0x00000000f5580000)
  object space 349696K, 99% used [0x00000000e0000000,0x00000000f557ee58,0x00000000f5580000)
 Metaspace       used 61674K, committed 62784K, reserved 1105920K
  class space    used 6079K, committed 6528K, reserved 1048576K
}
Event: 809.617 GC heap before
{Heap before GC invocations=836 (full 718):
 PSYoungGen      total 37376K, used 24576K [0x00000000f5580000, 0x00000000f8980000, 0x0000000100000000)
  eden space 24576K, 100% used [0x00000000f5580000,0x00000000f6d80000,0x00000000f6d80000)
  from space 12800K, 0% used [0x00000000f7d00000,0x00000000f7d00000,0x00000000f8980000)
  to   space 13824K, 0% used [0x00000000f6d80000,0x00000000f6d80000,0x00000000f7b00000)
 ParOldGen       total 349696K, used 349691K [0x00000000e0000000, 0x00000000f5580000, 0x00000000f5580000)
  object space 349696K, 99% used [0x00000000e0000000,0x00000000f557ee58,0x00000000f5580000)
 Metaspace       used 61674K, committed 62784K, reserved 1105920K
  class space    used 6079K, committed 6528K, reserved 1048576K
}
Event: 810.531 GC heap after
{Heap after GC invocations=836 (full 718):
 PSYoungGen      total 38400K, used 24573K [0x00000000f5580000, 0x00000000f8980000, 0x0000000100000000)
  eden space 24576K, 99% used [0x00000000f5580000,0x00000000f6d7f7a0,0x00000000f6d80000)
  from space 13824K, 0% used [0x00000000f6d80000,0x00000000f6d80000,0x00000000f7b00000)
  to   space 12800K, 0% used [0x00000000f7d00000,0x00000000f7d00000,0x00000000f8980000)
 ParOldGen       total 349696K, used 349691K [0x00000000e0000000, 0x00000000f5580000, 0x00000000f5580000)
  object space 349696K, 99% used [0x00000000e0000000,0x00000000f557ee58,0x00000000f5580000)
 Metaspace       used 61674K, committed 62784K, reserved 1105920K
  class space    used 6079K, committed 6528K, reserved 1048576K
}
Event: 810.531 GC heap before
{Heap before GC invocations=837 (full 719):
 PSYoungGen      total 38400K, used 24576K [0x00000000f5580000, 0x00000000f8980000, 0x0000000100000000)
  eden space 24576K, 100% used [0x00000000f5580000,0x00000000f6d80000,0x00000000f6d80000)
  from space 13824K, 0% used [0x00000000f6d80000,0x00000000f6d80000,0x00000000f7b00000)
  to   space 12800K, 0% used [0x00000000f7d00000,0x00000000f7d00000,0x00000000f8980000)
 ParOldGen       total 349696K, used 349691K [0x00000000e0000000, 0x00000000f5580000, 0x00000000f5580000)
  object space 349696K, 99% used [0x00000000e0000000,0x00000000f557ee58,0x00000000f5580000)
 Metaspace       used 61674K, committed 62784K, reserved 1105920K
  class space    used 6079K, committed 6528K, reserved 1048576K
}
Event: 811.604 GC heap after
{Heap after GC invocations=837 (full 719):
 PSYoungGen      total 37376K, used 24573K [0x00000000f5580000, 0x00000000f8980000, 0x0000000100000000)
  eden space 24576K, 99% used [0x00000000f5580000,0x00000000f6d7f740,0x00000000f6d80000)
  from space 12800K, 0% used [0x00000000f7d00000,0x00000000f7d00000,0x00000000f8980000)
  to   space 13824K, 0% used [0x00000000f6d80000,0x00000000f6d80000,0x00000000f7b00000)
 ParOldGen       total 349696K, used 349690K [0x00000000e0000000, 0x00000000f5580000, 0x00000000f5580000)
  object space 349696K, 99% used [0x00000000e0000000,0x00000000f557ebd0,0x00000000f5580000)
 Metaspace       used 61674K, committed 62784K, reserved 1105920K
  class space    used 6079K, committed 6528K, reserved 1048576K
}
Event: 811.604 GC heap before
{Heap before GC invocations=838 (full 720):
 PSYoungGen      total 37376K, used 24576K [0x00000000f5580000, 0x00000000f8980000, 0x0000000100000000)
  eden space 24576K, 100% used [0x00000000f5580000,0x00000000f6d80000,0x00000000f6d80000)
  from space 12800K, 0% used [0x00000000f7d00000,0x00000000f7d00000,0x00000000f8980000)
  to   space 13824K, 0% used [0x00000000f6d80000,0x00000000f6d80000,0x00000000f7b00000)
 ParOldGen       total 349696K, used 349690K [0x00000000e0000000, 0x00000000f5580000, 0x00000000f5580000)
  object space 349696K, 99% used [0x00000000e0000000,0x00000000f557ebd0,0x00000000f5580000)
 Metaspace       used 61674K, committed 62784K, reserved 1105920K
  class space    used 6079K, committed 6528K, reserved 1048576K
}
Event: 812.592 GC heap after
{Heap after GC invocations=838 (full 720):
 PSYoungGen      total 38400K, used 24573K [0x00000000f5580000, 0x00000000f8980000, 0x0000000100000000)
  eden space 24576K, 99% used [0x00000000f5580000,0x00000000f6d7f790,0x00000000f6d80000)
  from space 13824K, 0% used [0x00000000f6d80000,0x00000000f6d80000,0x00000000f7b00000)
  to   space 12800K, 0% used [0x00000000f7d00000,0x00000000f7d00000,0x00000000f8980000)
 ParOldGen       total 349696K, used 349690K [0x00000000e0000000, 0x00000000f5580000, 0x00000000f5580000)
  object space 349696K, 99% used [0x00000000e0000000,0x00000000f557ebd0,0x00000000f5580000)
 Metaspace       used 61674K, committed 62784K, reserved 1105920K
  class space    used 6079K, committed 6528K, reserved 1048576K
}
Event: 812.592 GC heap before
{Heap before GC invocations=839 (full 721):
 PSYoungGen      total 38400K, used 24576K [0x00000000f5580000, 0x00000000f8980000, 0x0000000100000000)
  eden space 24576K, 100% used [0x00000000f5580000,0x00000000f6d80000,0x00000000f6d80000)
  from space 13824K, 0% used [0x00000000f6d80000,0x00000000f6d80000,0x00000000f7b00000)
  to   space 12800K, 0% used [0x00000000f7d00000,0x00000000f7d00000,0x00000000f8980000)
 ParOldGen       total 349696K, used 349695K [0x00000000e0000000, 0x00000000f5580000, 0x00000000f5580000)
  object space 349696K, 99% used [0x00000000e0000000,0x00000000f557fc50,0x00000000f5580000)
 Metaspace       used 61674K, committed 62784K, reserved 1105920K
  class space    used 6079K, committed 6528K, reserved 1048576K
}
Event: 813.534 GC heap after
{Heap after GC invocations=839 (full 721):
 PSYoungGen      total 37376K, used 24574K [0x00000000f5580000, 0x00000000f8980000, 0x0000000100000000)
  eden space 24576K, 99% used [0x00000000f5580000,0x00000000f6d7f810,0x00000000f6d80000)
  from space 12800K, 0% used [0x00000000f7d00000,0x00000000f7d00000,0x00000000f8980000)
  to   space 13824K, 0% used [0x00000000f6d80000,0x00000000f6d80000,0x00000000f7b00000)
 ParOldGen       total 349696K, used 349694K [0x00000000e0000000, 0x00000000f5580000, 0x00000000f5580000)
  object space 349696K, 99% used [0x00000000e0000000,0x00000000f557fb50,0x00000000f5580000)
 Metaspace       used 61674K, committed 62784K, reserved 1105920K
  class space    used 6079K, committed 6528K, reserved 1048576K
}
Event: 813.534 GC heap before
{Heap before GC invocations=840 (full 722):
 PSYoungGen      total 37376K, used 24574K [0x00000000f5580000, 0x00000000f8980000, 0x0000000100000000)
  eden space 24576K, 99% used [0x00000000f5580000,0x00000000f6d7f810,0x00000000f6d80000)
  from space 12800K, 0% used [0x00000000f7d00000,0x00000000f7d00000,0x00000000f8980000)
  to   space 13824K, 0% used [0x00000000f6d80000,0x00000000f6d80000,0x00000000f7b00000)
 ParOldGen       total 349696K, used 349694K [0x00000000e0000000, 0x00000000f5580000, 0x00000000f5580000)
  object space 349696K, 99% used [0x00000000e0000000,0x00000000f557fb50,0x00000000f5580000)
 Metaspace       used 61674K, committed 62784K, reserved 1105920K
  class space    used 6079K, committed 6528K, reserved 1048576K
}
Event: 814.604 GC heap after
{Heap after GC invocations=840 (full 722):
 PSYoungGen      total 38400K, used 24574K [0x00000000f5580000, 0x00000000f8980000, 0x0000000100000000)
  eden space 24576K, 99% used [0x00000000f5580000,0x00000000f6d7f810,0x00000000f6d80000)
  from space 13824K, 0% used [0x00000000f6d80000,0x00000000f6d80000,0x00000000f7b00000)
  to   space 12800K, 0% used [0x00000000f7d00000,0x00000000f7d00000,0x00000000f8980000)
 ParOldGen       total 349696K, used 349694K [0x00000000e0000000, 0x00000000f5580000, 0x00000000f5580000)
  object space 349696K, 99% used [0x00000000e0000000,0x00000000f557fb50,0x00000000f5580000)
 Metaspace       used 61674K, committed 62784K, reserved 1105920K
  class space    used 6079K, committed 6528K, reserved 1048576K
}

Dll operation events (9 events):
Event: 0.002 Loaded shared library /nix/store/gpxl5qgg8kicmcvivwmybwjlpf7wh20l-graalvm17-ce-22.3.0/lib/libjava.so
Event: 0.008 Loaded shared library /nix/store/gpxl5qgg8kicmcvivwmybwjlpf7wh20l-graalvm17-ce-22.3.0/lib/libjsvml.so
Event: 0.388 Loaded shared library /nix/store/gpxl5qgg8kicmcvivwmybwjlpf7wh20l-graalvm17-ce-22.3.0/lib/libnio.so
Event: 0.390 Loaded shared library /nix/store/gpxl5qgg8kicmcvivwmybwjlpf7wh20l-graalvm17-ce-22.3.0/lib/libzip.so
Event: 0.393 Loaded shared library /nix/store/gpxl5qgg8kicmcvivwmybwjlpf7wh20l-graalvm17-ce-22.3.0/lib/libjvmcicompiler.so
Event: 0.900 Loaded shared library /nix/store/gpxl5qgg8kicmcvivwmybwjlpf7wh20l-graalvm17-ce-22.3.0/lib/libjimage.so
Event: 1.502 Loaded shared library /nix/store/gpxl5qgg8kicmcvivwmybwjlpf7wh20l-graalvm17-ce-22.3.0/lib/libnet.so
Event: 4.900 Loaded shared library /home/runner/.cache/jdt-language-server/config/org.eclipse.equinox.launcher/org.eclipse.equinox.launcher.gtk.linux.x86_64_1.2.400.v20211117-0650/eclipse_11600.so
Event: 12.893 Loaded shared library /nix/store/gpxl5qgg8kicmcvivwmybwjlpf7wh20l-graalvm17-ce-22.3.0/lib/libextnet.so

Deoptimization events (20 events):
Event: 631.845 Thread 0x00007f0544150910 Uncommon trap: trap_request=0xffffff8f fr.pc=0x00007f05c306c8fb relative=0x00000000000009bb
Event: 631.845 Thread 0x00007f0544150910 Uncommon trap: reason=constraint action=none pc=0x00007f05c306c8fb method=java.util.Hashtable.addEntry(ILjava/lang/Object;Ljava/lang/Object;I)V @ 42 jvmci
Event: 631.845 Thread 0x00007f0544150910 DEOPT PACKING pc=0x00007f05c306c8fb sp=0x00007f0580dfdf60
Event: 631.845 Thread 0x00007f0544150910 DEOPT UNPACKING pc=0x00007f05bb505325 sp=0x00007f0580dfd388 mode 3
Event: 634.250 Thread 0x00007f05441424f0 Uncommon trap: trap_request=0xffffff8f fr.pc=0x00007f05c305c3f7 relative=0x00000000000000d7
Event: 634.250 Thread 0x00007f05441424f0 Uncommon trap: reason=constraint action=none pc=0x00007f05c305c3f7 method=java.util.ArrayList.iterator()Ljava/util/Iterator; @ 0 jvmci
Event: 634.250 Thread 0x00007f05441424f0 DEOPT PACKING pc=0x00007f05c305c3f7 sp=0x00007f05b82fd980
Event: 634.250 Thread 0x00007f05441424f0 DEOPT UNPACKING pc=0x00007f05bb505325 sp=0x00007f05b82fce20 mode 3
Event: 789.303 Thread 0x00007f0568483050 Uncommon trap: trap_request=0xffffff8f fr.pc=0x00007f05c320cc03 relative=0x00000000000011c3
Event: 789.303 Thread 0x00007f0568483050 Uncommon trap: reason=constraint action=none pc=0x00007f05c320cc03 method=org.eclipse.jdt.internal.core.index.DiskIndex.copyQueryResults(Lorg/eclipse/jdt/internal/compiler/util/HashtableOfObject;I)V @ 123 jvmci
Event: 789.303 Thread 0x00007f0568483050 DEOPT PACKING pc=0x00007f05c320cc03 sp=0x00007f05815fe530
Event: 789.303 Thread 0x00007f0568483050 DEOPT UNPACKING pc=0x00007f05bb505325 sp=0x00007f05815fda28 mode 3
Event: 793.702 Thread 0x00007f0544149800 Uncommon trap: trap_request=0xffffff8f fr.pc=0x00007f05c3053d17 relative=0x00000000000000f7
Event: 793.702 Thread 0x00007f0544149800 Uncommon trap: reason=constraint action=none pc=0x00007f05c3053d17 method=java.lang.StringBuilder.<init>()V @ 0 jvmci
Event: 793.702 Thread 0x00007f0544149800 DEOPT PACKING pc=0x00007f05c3053d17 sp=0x00007f05809fe340
Event: 793.702 Thread 0x00007f0544149800 DEOPT UNPACKING pc=0x00007f05bb505325 sp=0x00007f05809fd7e8 mode 3
Event: 795.886 Thread 0x00007f055c0010d0 Uncommon trap: trap_request=0xffffff8f fr.pc=0x00007f05c2fcc354 relative=0x0000000000000434
Event: 795.886 Thread 0x00007f055c0010d0 Uncommon trap: reason=constraint action=none pc=0x00007f05c2fcc354 method=java.lang.StringBuilder.append(Ljava/lang/String;)Ljava/lang/StringBuilder; @ 0 jvmci
Event: 795.886 Thread 0x00007f055c0010d0 DEOPT PACKING pc=0x00007f05c2fcc354 sp=0x00007f05819fe530
Event: 795.886 Thread 0x00007f055c0010d0 DEOPT UNPACKING pc=0x00007f05bb505325 sp=0x00007f05819fda08 mode 3

Classes unloaded (20 events):
Event: 70.433 Thread 0x00007f05d40a1c10 Unloading class 0x0000000800ef0000 'jdk/internal/reflect/GeneratedConstructorAccessor8'
Event: 70.433 Thread 0x00007f05d40a1c10 Unloading class 0x0000000800d99000 'java/lang/invoke/LambdaForm$MH+0x0000000800d99000'
Event: 70.433 Thread 0x00007f05d40a1c10 Unloading class 0x0000000800d98c00 'java/lang/invoke/LambdaForm$MH+0x0000000800d98c00'
Event: 70.433 Thread 0x00007f05d40a1c10 Unloading class 0x0000000800d98800 'java/lang/invoke/LambdaForm$MH+0x0000000800d98800'
Event: 70.433 Thread 0x00007f05d40a1c10 Unloading class 0x0000000800d98400 'java/lang/invoke/LambdaForm$MH+0x0000000800d98400'
Event: 70.433 Thread 0x00007f05d40a1c10 Unloading class 0x0000000800d98000 'jdk/internal/reflect/GeneratedConstructorAccessor3'
Event: 70.433 Thread 0x00007f05d40a1c10 Unloading class 0x0000000800d06800 'java/lang/invoke/LambdaForm$MH+0x0000000800d06800'
Event: 70.433 Thread 0x00007f05d40a1c10 Unloading class 0x0000000800d06000 'java/lang/invoke/LambdaForm$MH+0x0000000800d06000'
Event: 70.433 Thread 0x00007f05d40a1c10 Unloading class 0x0000000800d05c00 'java/lang/invoke/LambdaForm$MH+0x0000000800d05c00'
Event: 70.433 Thread 0x00007f05d40a1c10 Unloading class 0x0000000800d05800 'java/lang/invoke/LambdaForm$MH+0x0000000800d05800'
Event: 70.433 Thread 0x00007f05d40a1c10 Unloading class 0x0000000800d05000 'java/lang/invoke/LambdaForm$MH+0x0000000800d05000'
Event: 70.433 Thread 0x00007f05d40a1c10 Unloading class 0x0000000800d04c00 'java/lang/invoke/LambdaForm$MH+0x0000000800d04c00'
Event: 70.433 Thread 0x00007f05d40a1c10 Unloading class 0x0000000800d04800 'java/lang/invoke/LambdaForm$MH+0x0000000800d04800'
Event: 70.433 Thread 0x00007f05d40a1c10 Unloading class 0x0000000800d04000 'java/lang/invoke/LambdaForm$MH+0x0000000800d04000'
Event: 70.433 Thread 0x00007f05d40a1c10 Unloading class 0x0000000800c1d000 'jdk/internal/reflect/GeneratedMethodAccessor5'
Event: 70.433 Thread 0x00007f05d40a1c10 Unloading class 0x0000000800c1cc00 'jdk/internal/reflect/GeneratedMethodAccessor4'
Event: 70.433 Thread 0x00007f05d40a1c10 Unloading class 0x0000000800c1c800 'jdk/internal/reflect/GeneratedMethodAccessor3'
Event: 70.433 Thread 0x00007f05d40a1c10 Unloading class 0x0000000800c1c400 'jdk/internal/reflect/GeneratedMethodAccessor2'
Event: 70.433 Thread 0x00007f05d40a1c10 Unloading class 0x0000000800c1c000 'jdk/internal/reflect/GeneratedMethodAccessor1'
Event: 70.433 Thread 0x00007f05d40a1c10 Unloading class 0x0000000800c01c00 'java/lang/invoke/LambdaForm$DMH+0x0000000800c01c00'

Classes redefined (0 events):
No events

Internal exceptions (20 events):
Event: 634.250 Thread 0x00007f05441424f0 Exception <a 'java/lang/OutOfMemoryError'{0x00000000e0003a80}> (0x00000000e0003a80) 
thrown [src/hotspot/share/gc/shared/memAllocator.cpp, line 138]
Event: 634.250 Thread 0x00007f05441424f0 Implicit null exception at 0x00007f05c305c3d8 to 0x00007f05c305c3dc
Event: 636.621 Thread 0x00007f0544146ac0 Exception <a 'java/lang/OutOfMemoryError'{0x00000000e0003da0}> (0x00000000e0003da0) 
thrown [src/hotspot/share/gc/shared/memAllocator.cpp, line 136]
Event: 645.176 Thread 0x00007f0544149800 Exception <a 'java/lang/OutOfMemoryError'{0x00000000e0003da0}> (0x00000000e0003da0) 
thrown [src/hotspot/share/gc/shared/memAllocator.cpp, line 136]
Event: 736.201 Thread 0x00007f055c0010d0 Exception <a 'java/lang/OutOfMemoryError'{0x00000000e0003da0}> (0x00000000e0003da0) 
thrown [src/hotspot/share/gc/shared/memAllocator.cpp, line 136]
Event: 771.336 Thread 0x00007f055c0010d0 Exception <a 'java/lang/OutOfMemoryError'{0x00000000e0003da0}> (0x00000000e0003da0) 
thrown [src/hotspot/share/gc/shared/memAllocator.cpp, line 136]
Event: 780.991 Thread 0x00007f0544149800 Exception <a 'java/lang/OutOfMemoryError'{0x00000000e0003da0}> (0x00000000e0003da0) 
thrown [src/hotspot/share/gc/shared/memAllocator.cpp, line 136]
Event: 780.991 Thread 0x00007f0544149800 Exception <a 'java/lang/OutOfMemoryError'{0x00000000e0003da0}> (0x00000000e0003da0) 
thrown [src/hotspot/share/oops/instanceKlass.cpp, line 1166]
Event: 784.188 Thread 0x00007f0544149800 Exception <a 'java/lang/OutOfMemoryError'{0x00000000e0003da0}> (0x00000000e0003da0) 
thrown [src/hotspot/share/gc/shared/memAllocator.cpp, line 136]
Event: 789.303 Thread 0x00007f0568483050 Exception <a 'java/lang/OutOfMemoryError'{0x00000000e0003a80}> (0x00000000e0003a80) 
thrown [src/hotspot/share/gc/shared/memAllocator.cpp, line 138]
Event: 789.303 Thread 0x00007f0568483050 Implicit null exception at 0x00007f05c320c653 to 0x00007f05c320cbe8
Event: 791.430 Thread 0x00007f0544149800 Exception <a 'java/lang/OutOfMemoryError'{0x00000000e0003a80}> (0x00000000e0003a80) 
thrown [src/hotspot/share/gc/shared/memAllocator.cpp, line 138]
Event: 793.702 Thread 0x00007f05d434b910 Exception <a 'java/lang/OutOfMemoryError'{0x00000000e0003da0}> (0x00000000e0003da0) 
thrown [src/hotspot/share/gc/shared/memAllocator.cpp, line 136]
Event: 793.702 Thread 0x00007f0544149800 Implicit null exception at 0x00007f05c3053cf5 to 0x00007f05c3053cfc
Event: 795.885 Thread 0x00007f055c0010d0 Exception <a 'java/lang/OutOfMemoryError'{0x00000000e0003a80}> (0x00000000e0003a80) 
thrown [src/hotspot/share/gc/shared/memAllocator.cpp, line 138]
Event: 795.886 Thread 0x00007f055c0010d0 Implicit null exception at 0x00007f05c2fcc1e3 to 0x00007f05c2fcc339
Event: 798.025 Thread 0x00007f0544146ac0 Exception <a 'java/lang/OutOfMemoryError'{0x00000000e0003da0}> (0x00000000e0003da0) 
thrown [src/hotspot/share/gc/shared/memAllocator.cpp, line 136]
Event: 802.289 Thread 0x00007f0544146ac0 Exception <a 'java/lang/OutOfMemoryError'{0x00000000e0003da0}> (0x00000000e0003da0) 
thrown [src/hotspot/share/gc/shared/memAllocator.cpp, line 136]
Event: 807.443 Thread 0x00007f05441424f0 Exception <a 'java/lang/NoClassDefFoundError'{0x00000000f6d7fe98}: Could not initialize class java.time.zone.ZoneRules> (0x00000000f6d7fe98) 
thrown [src/hotspot/share/oops/instanceKlass.cpp, line 1079]
Event: 814.604 Thread 0x00007f05d40b21e0 Exception <a 'java/lang/OutOfMemoryError'{0x00000000e0003da0}> (0x00000000e0003da0) 
thrown [src/hotspot/share/gc/shared/memAllocator.cpp, line 136]

VM Operations (20 events):
Event: 803.313 Executing VM operation: ParallelGCFailedAllocation
Event: 804.312 Executing VM operation: ParallelGCFailedAllocation done
Event: 804.313 Executing VM operation: ParallelGCFailedAllocation
Event: 805.334 Executing VM operation: ParallelGCFailedAllocation done
Event: 805.334 Executing VM operation: ParallelGCFailedAllocation
Event: 806.440 Executing VM operation: ParallelGCFailedAllocation done
Event: 806.440 Executing VM operation: ParallelGCFailedAllocation
Event: 807.443 Executing VM operation: ParallelGCFailedAllocation done
Event: 807.444 Executing VM operation: ParallelGCFailedAllocation
Event: 808.535 Executing VM operation: ParallelGCFailedAllocation done
Event: 808.535 Executing VM operation: ParallelGCFailedAllocation
Event: 809.617 Executing VM operation: ParallelGCFailedAllocation done
Event: 809.617 Executing VM operation: ParallelGCFailedAllocation
Event: 810.531 Executing VM operation: ParallelGCFailedAllocation done
Event: 810.531 Executing VM operation: ParallelGCFailedAllocation
Event: 811.604 Executing VM operation: ParallelGCFailedAllocation done
Event: 811.604 Executing VM operation: ParallelGCFailedAllocation
Event: 812.592 Executing VM operation: ParallelGCFailedAllocation done
Event: 812.592 Executing VM operation: ParallelGCFailedAllocation
Event: 814.604 Executing VM operation: ParallelGCFailedAllocation done

Events (20 events):
Event: 655.787 loading class jdk/internal/logger/SimpleConsoleLogger$Formatting
Event: 656.902 loading class jdk/internal/logger/SimpleConsoleLogger$Formatting done
Event: 661.118 loading class java/util/logging/ErrorManager
Event: 668.413 loading class java/util/logging/ErrorManager done
Event: 697.111 loading class java/util/logging/Handler$1
Event: 702.529 loading class java/util/logging/Handler$1 done
Event: 702.529 loading class java/util/logging/StreamHandler$1
Event: 707.924 loading class java/util/logging/StreamHandler$1 done
Event: 761.097 loading class java/util/logging/LogManager$CloseOnReset
Event: 761.097 loading class java/util/logging/LogManager$CloseOnReset done
Event: 767.927 Thread 0x00007f055c007280 Thread exited: 0x00007f055c007280
Event: 771.336 loading class java/lang/Throwable$WrappedPrintStream
Event: 774.624 loading class java/lang/Throwable$WrappedPrintStream done
Event: 804.313 Thread 0x00007f0544146ac0 Thread exited: 0x00007f0544146ac0
Event: 805.334 Thread 0x00007f055c0010d0 Thread exited: 0x00007f055c0010d0
Event: 807.444 Thread 0x00007f05441424f0 Thread exited: 0x00007f05441424f0
Event: 808.535 Thread 0x00007f0544149800 Thread exited: 0x00007f0544149800
Event: 808.535 Thread 0x00007f0570005b90 Thread added: 0x00007f0570005b90
Event: 808.535 Protecting memory [0x00007f0580900000,0x00007f0580904000] with protection modes 0
Event: 810.531 Thread 0x00007f05d434b910 Thread exited: 0x00007f05d434b910


Dynamic libraries:
e0000000-f5580000 rw-p 00000000 00:00 0 
f5580000-f8980000 rw-p 00000000 00:00 0 
f8980000-100000000 ---p 00000000 00:00 0 
800000000-800449000 rw-p 00001000 00:1fc8 4611686019135357769            /nix/store/gpxl5qgg8kicmcvivwmybwjlpf7wh20l-graalvm17-ce-22.3.0/lib/server/classes.jsa
800449000-800bc8000 r--p 0044a000 00:1fc8 4611686019135357769            /nix/store/gpxl5qgg8kicmcvivwmybwjlpf7wh20l-graalvm17-ce-22.3.0/lib/server/classes.jsa
800bc8000-800c00000 ---p 00000000 00:00 0 
800c00000-800c20000 rw-p 00000000 00:00 0 
800c20000-800c40000 rw-p 00000000 00:00 0 
800c40000-800cc0000 rw-p 00000000 00:00 0 
800cc0000-800d00000 rw-p 00000000 00:00 0 
800d00000-800dc0000 rw-p 00000000 00:00 0 
800dc0000-800e00000 rw-p 00000000 00:00 0 
800e00000-800f40000 rw-p 00000000 00:00 0 
800f40000-800fc0000 rw-p 00000000 00:00 0 
800fc0000-801000000 rw-p 00000000 00:00 0 
801000000-801260000 rw-p 00000000 00:00 0 
801260000-840c00000 ---p 00000000 00:00 0 
565474ce8000-565474ce9000 r-xp 00000000 00:1fc8 4611686019099417844      /nix/store/gpxl5qgg8kicmcvivwmybwjlpf7wh20l-graalvm17-ce-22.3.0/bin/.java-wrapped
565474cea000-565474ceb000 r--p 00001000 00:1fc8 4611686019099417844      /nix/store/gpxl5qgg8kicmcvivwmybwjlpf7wh20l-graalvm17-ce-22.3.0/bin/.java-wrapped
565474ceb000-565474cec000 rw-p 00002000 00:1fc8 4611686019099417844      /nix/store/gpxl5qgg8kicmcvivwmybwjlpf7wh20l-graalvm17-ce-22.3.0/bin/.java-wrapped
565474cec000-565474ced000 rw-p 00004000 00:1fc8 4611686019099417844      /nix/store/gpxl5qgg8kicmcvivwmybwjlpf7wh20l-graalvm17-ce-22.3.0/bin/.java-wrapped
565474ced000-565474cee000 rw-p 00005000 00:1fc8 4611686019099417844      /nix/store/gpxl5qgg8kicmcvivwmybwjlpf7wh20l-graalvm17-ce-22.3.0/bin/.java-wrapped
565475dbb000-565475e03000 rw-p 00000000 00:00 0                          [heap]
7f04f0000000-7f04f002c000 rw-p 00000000 00:00 0 
7f04f002c000-7f04f4000000 ---p 00000000 00:00 0 
7f04f8000000-7f04f8031000 rw-p 00000000 00:00 0 
7f04f8031000-7f04fc000000 ---p 00000000 00:00 0 
7f04fc000000-7f04fc073000 rw-p 00000000 00:00 0 
7f04fc073000-7f0500000000 ---p 00000000 00:00 0 
7f0500000000-7f050004e000 rw-p 00000000 00:00 0 
7f050004e000-7f0504000000 ---p 00000000 00:00 0 
7f0504000000-7f05040a0000 rw-p 00000000 00:00 0 
7f05040a0000-7f0508000000 ---p 00000000 00:00 0 
7f0508000000-7f0508082000 rw-p 00000000 00:00 0 
7f0508082000-7f050c000000 ---p 00000000 00:00 0 
7f0510000000-7f05100a2000 rw-p 00000000 00:00 0 
7f05100a2000-7f0514000000 ---p 00000000 00:00 0 
7f0517400000-7f0517b90000 rw-p 00000000 00:00 0 
7f0517b90000-7f0517c00000 ---p 00000000 00:00 0 
7f0518000000-7f0518021000 rw-p 00000000 00:00 0 
7f0518021000-7f051c000000 ---p 00000000 00:00 0 
7f051c000000-7f051c021000 rw-p 00000000 00:00 0 
7f051c021000-7f0520000000 ---p 00000000 00:00 0 
7f0520000000-7f0520021000 rw-p 00000000 00:00 0 
7f0520021000-7f0524000000 ---p 00000000 00:00 0 
7f0524000000-7f0524021000 rw-p 00000000 00:00 0 
7f0524021000-7f0528000000 ---p 00000000 00:00 0 
7f0528000000-7f0528021000 rw-p 00000000 00:00 0 
7f0528021000-7f052c000000 ---p 00000000 00:00 0 
7f052d400000-7f052d900000 rw-p 00000000 00:00 0 
7f052d900000-7f052d960000 rw-p 00000000 00:00 0 
7f052d960000-7f052da00000 ---p 00000000 00:00 0 
7f052da00000-7f052dc00000 rw-p 00000000 00:00 0 
7f052dcb3000-7f0537800000 r--s 00000000 00:1fc8 4611686019135192581      /nix/store/gpxl5qgg8kicmcvivwmybwjlpf7wh20l-graalvm17-ce-22.3.0/lib/modules
7f0537800000-7f0537980000 rw-p 00000000 00:00 0 
7f0537980000-7f0537a00000 rw-p 00000000 00:00 0 
7f0537a00000-7f0537d00000 rw-p 00000000 00:00 0 
7f0537d00000-7f0537e00000 rw-p 00000000 00:00 0 
7f0537e00000-7f0538000000 rw-p 00000000 00:00 0 
7f0538000000-7f0538021000 rw-p 00000000 00:00 0 
7f0538021000-7f053c000000 ---p 00000000 00:00 0 
7f053c000000-7f053c546000 rw-p 00000000 00:00 0 
7f053c546000-7f0540000000 ---p 00000000 00:00 0 
7f0540000000-7f0540021000 rw-p 00000000 00:00 0 
7f0540021000-7f0544000000 ---p 00000000 00:00 0 
7f0544000000-7f054419c000 rw-p 00000000 00:00 0 
7f054419c000-7f0548000000 ---p 00000000 00:00 0 
7f0548000000-7f0548059000 rw-p 00000000 00:00 0 
7f0548059000-7f054c000000 ---p 00000000 00:00 0 
7f054c000000-7f054c021000 rw-p 00000000 00:00 0 
7f054c021000-7f0550000000 ---p 00000000 00:00 0 
7f0550000000-7f0550026000 rw-p 00000000 00:00 0 
7f0550026000-7f0554000000 ---p 00000000 00:00 0 
7f0554000000-7f0554339000 rw-p 00000000 00:00 0 
7f0554339000-7f0558000000 ---p 00000000 00:00 0 
7f0558000000-7f0558021000 rw-p 00000000 00:00 0 
7f0558021000-7f055c000000 ---p 00000000 00:00 0 
7f055c000000-7f055c1f6000 rw-p 00000000 00:00 0 
7f055c1f6000-7f0560000000 ---p 00000000 00:00 0 
7f0560000000-7f0560021000 rw-p 00000000 00:00 0 
7f0560021000-7f0564000000 ---p 00000000 00:00 0 
7f0564000000-7f0564021000 rw-p 00000000 00:00 0 
7f0564021000-7f0568000000 ---p 00000000 00:00 0 
7f0568000000-7f05688b9000 rw-p 00000000 00:00 0 
7f05688b9000-7f056c000000 ---p 00000000 00:00 0 
7f056c000000-7f056c02e000 rw-p 00000000 00:00 0 
7f056c02e000-7f0570000000 ---p 00000000 00:00 0 
7f0570000000-7f0570021000 rw-p 00000000 00:00 0 
7f0570021000-7f0574000000 ---p 00000000 00:00 0 
7f0574000000-7f0574021000 rw-p 00000000 00:00 0 
7f0574021000-7f0578000000 ---p 00000000 00:00 0 
7f0578000000-7f0578021000 rw-p 00000000 00:00 0 
7f0578021000-7f057c000000 ---p 00000000 00:00 0 
7f057c400000-7f057c480000 rw-p 00000000 00:00 0 
7f057c480000-7f057c500000 rw-p 00000000 00:00 0 
7f057c500000-7f057c700000 rw-p 00000000 00:00 0 
7f057c700000-7f057c800000 rw-p 00000000 00:00 0 
7f057c800000-7f057c900000 rw-p 00000000 00:00 0 
7f057c900000-7f057ca00000 rw-p 00000000 00:00 0 
7f057ca00000-7f057cc00000 rw-p 00000000 00:00 0 
7f057cc00000-7f057cd00000 rw-p 00000000 00:00 0 
7f057cd00000-7f057ce00000 rw-p 00000000 00:00 0 
7f057ce00000-7f057d380000 rw-p 00000000 00:00 0 
7f057d380000-7f057d400000 rw-p 00000000 00:00 0 
7f057d400000-7f057d500000 rw-p 00000000 00:00 0 
7f057d500000-7f057d600000 rw-p 00000000 00:00 0 
7f057d600000-7f057db00000 rw-p 00000000 00:00 0 
7f057db00000-7f057dc00000 rw-p 00000000 00:00 0 
7f057ee00000-7f057ee10000 r-xp 00000000 00:1fc3 358                      /home/runner/.cache/jdt-language-server/config/org.eclipse.equinox.launcher/org.eclipse.equinox.launcher.gtk.linux.x86_64_1.2.400.v20211117-0650/eclipse_11600.so
7f057ee10000-7f057f00f000 ---p 00010000 00:1fc3 358                      /home/runner/.cache/jdt-language-server/config/org.eclipse.equinox.launcher/org.eclipse.equinox.launcher.gtk.linux.x86_64_1.2.400.v20211117-0650/eclipse_11600.so
7f057f00f000-7f057f010000 r--p 0000f000 00:1fc3 358                      /home/runner/.cache/jdt-language-server/config/org.eclipse.equinox.launcher/org.eclipse.equinox.launcher.gtk.linux.x86_64_1.2.400.v20211117-0650/eclipse_11600.so
7f057f010000-7f057f011000 rw-p 00010000 00:1fc3 358                      /home/runner/.cache/jdt-language-server/config/org.eclipse.equinox.launcher/org.eclipse.equinox.launcher.gtk.linux.x86_64_1.2.400.v20211117-0650/eclipse_11600.so
7f057f500000-7f057f600000 ---p 00000000 00:00 0 
7f057f600000-7f057fbaf000 r--p 01122000 00:1fc8 4611686019135190040      /nix/store/gpxl5qgg8kicmcvivwmybwjlpf7wh20l-graalvm17-ce-22.3.0/lib/libjvmcicompiler.so
7f057fbaf000-7f057fd00000 r--p 00000000 00:00 0 
7f057fd00000-7f057fd3d000 rw-p 00000000 00:00 0 
7f057fd3d000-7f058025d000 rw-p 0185f000 00:1fc8 4611686019135190040      /nix/store/gpxl5qgg8kicmcvivwmybwjlpf7wh20l-graalvm17-ce-22.3.0/lib/libjvmcicompiler.so
7f058025d000-7f0580644000 r--p 01d7f000 00:1fc8 4611686019135190040      /nix/store/gpxl5qgg8kicmcvivwmybwjlpf7wh20l-graalvm17-ce-22.3.0/lib/libjvmcicompiler.so
7f0580700000-7f0580704000 ---p 00000000 00:00 0 
7f0580704000-7f0580800000 rw-p 00000000 00:00 0 
7f0580800000-7f0580804000 ---p 00000000 00:00 0 
7f0580804000-7f0580900000 rw-p 00000000 00:00 0 
7f0580900000-7f0580904000 ---p 00000000 00:00 0 
7f0580904000-7f0580a00000 rw-p 00000000 00:00 0 
7f0580b00000-7f0580b04000 ---p 00000000 00:00 0 
7f0580b04000-7f0580c00000 rw-p 00000000 00:00 0 
7f0580c00000-7f0580c04000 ---p 00000000 00:00 0 
7f0580c04000-7f0580d00000 rw-p 00000000 00:00 0 
7f0580d00000-7f0580d04000 ---p 00000000 00:00 0 
7f0580d04000-7f0580e00000 rw-p 00000000 00:00 0 
7f0580e00000-7f0580e04000 ---p 00000000 00:00 0 
7f0580e04000-7f0580f00000 rw-p 00000000 00:00 0 
7f0580f00000-7f0580f04000 ---p 00000000 00:00 0 
7f0580f04000-7f0581000000 rw-p 00000000 00:00 0 
7f0581000000-7f0581004000 ---p 00000000 00:00 0 
7f0581004000-7f0581100000 rw-p 00000000 00:00 0 
7f0581100000-7f0581104000 ---p 00000000 00:00 0 
7f0581104000-7f0581200000 rw-p 00000000 00:00 0 
7f0581300000-7f0581304000 ---p 00000000 00:00 0 
7f0581304000-7f0581400000 rw-p 00000000 00:00 0 
7f0581400000-7f0581404000 ---p 00000000 00:00 0 
7f0581404000-7f0581500000 rw-p 00000000 00:00 0 
7f0581500000-7f0581504000 ---p 00000000 00:00 0 
7f0581504000-7f0581600000 rw-p 00000000 00:00 0 
7f0581700000-7f0581704000 ---p 00000000 00:00 0 
7f0581704000-7f0581800000 rw-p 00000000 00:00 0 
7f0581800000-7f0581804000 ---p 00000000 00:00 0 
7f0581804000-7f0581900000 rw-p 00000000 00:00 0 
7f0581900000-7f0581904000 ---p 00000000 00:00 0 
7f0581904000-7f0581a00000 rw-p 00000000 00:00 0 
7f0581a00000-7f0581a04000 ---p 00000000 00:00 0 
7f0581a04000-7f0581b00000 rw-p 00000000 00:00 0 
7f0581b00000-7f0581b04000 ---p 00000000 00:00 0 
7f0581b04000-7f0581c00000 rw-p 00000000 00:00 0 
7f0581c00000-7f0583d6a000 r-xp 00000000 00:1fc8 4611686019135190040      /nix/store/gpxl5qgg8kicmcvivwmybwjlpf7wh20l-graalvm17-ce-22.3.0/lib/libjvmcicompiler.so
7f0583d6a000-7f0583f69000 ---p 0216a000 00:1fc8 4611686019135190040      /nix/store/gpxl5qgg8kicmcvivwmybwjlpf7wh20l-graalvm17-ce-22.3.0/lib/libjvmcicompiler.so
7f0583f69000-7f0583f6a000 r--p 02169000 00:1fc8 4611686019135190040      /nix/store/gpxl5qgg8kicmcvivwmybwjlpf7wh20l-graalvm17-ce-22.3.0/lib/libjvmcicompiler.so
7f0583f6a000-7f0583f6c000 rw-p 0216a000 00:1fc8 4611686019135190040      /nix/store/gpxl5qgg8kicmcvivwmybwjlpf7wh20l-graalvm17-ce-22.3.0/lib/libjvmcicompiler.so
7f0583f6c000-7f0583f6d000 rw-p 00000000 00:00 0 
7f0583f6d000-7f0583f72000 rw-p 023c3000 00:1fc8 4611686019135190040      /nix/store/gpxl5qgg8kicmcvivwmybwjlpf7wh20l-graalvm17-ce-22.3.0/lib/libjvmcicompiler.so
7f0584000000-7f0584021000 rw-p 00000000 00:00 0 
7f0584021000-7f0588000000 ---p 00000000 00:00 0 
7f0588000000-7f0588021000 rw-p 00000000 00:00 0 
7f0588021000-7f058c000000 ---p 00000000 00:00 0 
7f058c000000-7f058c021000 rw-p 00000000 00:00 0 
7f058c021000-7f0590000000 ---p 00000000 00:00 0 
7f0590000000-7f0590021000 rw-p 00000000 00:00 0 
7f0590021000-7f0594000000 ---p 00000000 00:00 0 
7f0594000000-7f05940d4000 rw-p 00000000 00:00 0 
7f05940d4000-7f0598000000 ---p 00000000 00:00 0 
7f0598000000-7f0598b15000 rw-p 00000000 00:00 0 
7f0598b15000-7f059c000000 ---p 00000000 00:00 0 
7f059c000000-7f059c021000 rw-p 00000000 00:00 0 
7f059c021000-7f05a0000000 ---p 00000000 00:00 0 
7f05a0000000-7f05a0021000 rw-p 00000000 00:00 0 
7f05a0021000-7f05a4000000 ---p 00000000 00:00 0 
7f05a4000000-7f05a4021000 rw-p 00000000 00:00 0 
7f05a4021000-7f05a8000000 ---p 00000000 00:00 0 
7f05a8000000-7f05a8021000 rw-p 00000000 00:00 0 
7f05a8021000-7f05ac000000 ---p 00000000 00:00 0 
7f05ac000000-7f05ac021000 rw-p 00000000 00:00 0 
7f05ac021000-7f05b0000000 ---p 00000000 00:00 0 
7f05b0000000-7f05b0021000 rw-p 00000000 00:00 0 
7f05b0021000-7f05b4000000 ---p 00000000 00:00 0 
7f05b4000000-7f05b4129000 rw-p 00000000 00:00 0 
7f05b4129000-7f05b8000000 ---p 00000000 00:00 0 
7f05b8000000-7f05b8004000 ---p 00000000 00:00 0 
7f05b8004000-7f05b8100000 rw-p 00000000 00:00 0 
7f05b8100000-7f05b8104000 ---p 00000000 00:00 0 
7f05b8104000-7f05b8200000 rw-p 00000000 00:00 0 
7f05b8200000-7f05b8204000 ---p 00000000 00:00 0 
7f05b8204000-7f05b8300000 rw-p 00000000 00:00 0 
7f05b8300000-7f05b8304000 ---p 00000000 00:00 0 
7f05b8304000-7f05b8400000 rw-p 00000000 00:00 0 
7f05b8400000-7f05b8404000 ---p 00000000 00:00 0 
7f05b8404000-7f05b8500000 rw-p 00000000 00:00 0 
7f05b8600000-7f05b8604000 ---p 00000000 00:00 0 
7f05b8604000-7f05b8700000 rw-p 00000000 00:00 0 
7f05b8700000-7f05b8704000 ---p 00000000 00:00 0 
7f05b8704000-7f05b8800000 rw-p 00000000 00:00 0 
7f05b8800000-7f05b8804000 ---p 00000000 00:00 0 
7f05b8804000-7f05b8900000 rw-p 00000000 00:00 0 
7f05b8a00000-7f05b8a04000 ---p 00000000 00:00 0 
7f05b8a04000-7f05b8b00000 rw-p 00000000 00:00 0 
7f05b8c00000-7f05b8c04000 ---p 00000000 00:00 0 
7f05b8c04000-7f05b8d00000 rw-p 00000000 00:00 0 
7f05b9a68000-7f05b9f00000 rw-p 00000000 00:00 0 
7f05b9f18000-7f05b9f19000 ---p 00000000 00:00 0 
7f05b9f19000-7f05ba01a000 rw-p 00000000 00:00 0 
7f05ba01a000-7f05ba01e000 ---p 00000000 00:00 0 
7f05ba01e000-7f05ba11a000 rw-p 00000000 00:00 0 
7f05ba11a000-7f05ba11e000 ---p 00000000 00:00 0 
7f05ba11e000-7f05ba21a000 rw-p 00000000 00:00 0 
7f05ba21a000-7f05ba21e000 ---p 00000000 00:00 0 
7f05ba21e000-7f05ba31a000 rw-p 00000000 00:00 0 
7f05ba31a000-7f05ba31e000 ---p 00000000 00:00 0 
7f05ba31e000-7f05ba51a000 rw-p 00000000 00:00 0 
7f05ba51a000-7f05ba51e000 ---p 00000000 00:00 0 
7f05ba51e000-7f05ba71a000 rw-p 00000000 00:00 0 
7f05ba71a000-7f05ba71e000 ---p 00000000 00:00 0 
7f05ba71e000-7f05ba81a000 rw-p 00000000 00:00 0 
7f05ba81a000-7f05ba81e000 ---p 00000000 00:00 0 
7f05ba81e000-7f05ba91a000 rw-p 00000000 00:00 0 
7f05ba91a000-7f05bac00000 r--p 00000000 00:1f9e 28444448                 /usr/lib/locale/locale-archive
7f05bac00000-7f05bb000000 rw-p 00000000 00:00 0 
7f05bb000000-7f05bb300000 rw-p 00000000 00:00 0 
7f05bb300000-7f05bb400000 rw-p 00000000 00:00 0 
7f05bb4b3000-7f05bb723000 rwxp 00000000 00:00 0 
7f05bb723000-7f05bba42000 ---p 00000000 00:00 0 
7f05bba42000-7f05bcaa2000 rwxp 00000000 00:00 0 
7f05bcaa2000-7f05c2f7a000 ---p 00000000 00:00 0 
7f05c2f7a000-7f05c322a000 rwxp 00000000 00:00 0 
7f05c322a000-7f05ca4b3000 ---p 00000000 00:00 0 
7f05ca4b3000-7f05d4000000 r--s 00000000 00:1fc8 4611686019135192581      /nix/store/gpxl5qgg8kicmcvivwmybwjlpf7wh20l-graalvm17-ce-22.3.0/lib/modules
7f05d4000000-7f05d464a000 rw-p 00000000 00:00 0 
7f05d464a000-7f05d8000000 ---p 00000000 00:00 0 
7f05d8049000-7f05d804b000 r-xp 00000000 00:1fc8 4611686019135190017      /nix/store/gpxl5qgg8kicmcvivwmybwjlpf7wh20l-graalvm17-ce-22.3.0/lib/libextnet.so
7f05d804b000-7f05d804c000 r--p 00001000 00:1fc8 4611686019135190017      /nix/store/gpxl5qgg8kicmcvivwmybwjlpf7wh20l-graalvm17-ce-22.3.0/lib/libextnet.so
7f05d804c000-7f05d804d000 rw-p 00002000 00:1fc8 4611686019135190017      /nix/store/gpxl5qgg8kicmcvivwmybwjlpf7wh20l-graalvm17-ce-22.3.0/lib/libextnet.so
7f05d804d000-7f05d804e000 rw-p 00004000 00:1fc8 4611686019135190017      /nix/store/gpxl5qgg8kicmcvivwmybwjlpf7wh20l-graalvm17-ce-22.3.0/lib/libextnet.so
7f05d804e000-7f05d8052000 ---p 00000000 00:00 0 
7f05d8052000-7f05d8070000 rw-p 00000000 00:00 0 
7f05d8070000-7f05d8077000 r-xp 00000000 00:1fc8 4611686019135192580      /nix/store/gpxl5qgg8kicmcvivwmybwjlpf7wh20l-graalvm17-ce-22.3.0/lib/libzip.so
7f05d8077000-7f05d8078000 ---p 00007000 00:1fc8 4611686019135192580      /nix/store/gpxl5qgg8kicmcvivwmybwjlpf7wh20l-graalvm17-ce-22.3.0/lib/libzip.so
7f05d8078000-7f05d8079000 r--p 00007000 00:1fc8 4611686019135192580      /nix/store/gpxl5qgg8kicmcvivwmybwjlpf7wh20l-graalvm17-ce-22.3.0/lib/libzip.so
7f05d8079000-7f05d807a000 rw-p 00008000 00:1fc8 4611686019135192580      /nix/store/gpxl5qgg8kicmcvivwmybwjlpf7wh20l-graalvm17-ce-22.3.0/lib/libzip.so
7f05d807a000-7f05d807c000 rw-p 0000b000 00:1fc8 4611686019135192580      /nix/store/gpxl5qgg8kicmcvivwmybwjlpf7wh20l-graalvm17-ce-22.3.0/lib/libzip.so
7f05d807c000-7f05d8091000 r-xp 00000000 00:1fc8 4611686019135192570      /nix/store/gpxl5qgg8kicmcvivwmybwjlpf7wh20l-graalvm17-ce-22.3.0/lib/libnet.so
7f05d8091000-7f05d8092000 ---p 00015000 00:1fc8 4611686019135192570      /nix/store/gpxl5qgg8kicmcvivwmybwjlpf7wh20l-graalvm17-ce-22.3.0/lib/libnet.so
7f05d8092000-7f05d8093000 r--p 00015000 00:1fc8 4611686019135192570      /nix/store/gpxl5qgg8kicmcvivwmybwjlpf7wh20l-graalvm17-ce-22.3.0/lib/libnet.so
7f05d8093000-7f05d8094000 rw-p 00016000 00:1fc8 4611686019135192570      /nix/store/gpxl5qgg8kicmcvivwmybwjlpf7wh20l-graalvm17-ce-22.3.0/lib/libnet.so
7f05d8094000-7f05d8097000 rw-p 0001b000 00:1fc8 4611686019135192570      /nix/store/gpxl5qgg8kicmcvivwmybwjlpf7wh20l-graalvm17-ce-22.3.0/lib/libnet.so
7f05d8097000-7f05d80aa000 r-xp 00000000 00:1fc8 4611686019135192571      /nix/store/gpxl5qgg8kicmcvivwmybwjlpf7wh20l-graalvm17-ce-22.3.0/lib/libnio.so
7f05d80aa000-7f05d80ab000 r--p 00012000 00:1fc8 4611686019135192571      /nix/store/gpxl5qgg8kicmcvivwmybwjlpf7wh20l-graalvm17-ce-22.3.0/lib/libnio.so
7f05d80ab000-7f05d80ac000 rw-p 00013000 00:1fc8 4611686019135192571      /nix/store/gpxl5qgg8kicmcvivwmybwjlpf7wh20l-graalvm17-ce-22.3.0/lib/libnio.so
7f05d80ac000-7f05d80b1000 rw-p 00019000 00:1fc8 4611686019135192571      /nix/store/gpxl5qgg8kicmcvivwmybwjlpf7wh20l-graalvm17-ce-22.3.0/lib/libnio.so
7f05d80b1000-7f05d80b5000 ---p 00000000 00:00 0 
7f05d80b5000-7f05d81b1000 rw-p 00000000 00:00 0 
7f05d81b1000-7f05d81b5000 ---p 00000000 00:00 0 
7f05d81b5000-7f05d82b1000 rw-p 00000000 00:00 0 
7f05d82b1000-7f05d82b5000 ---p 00000000 00:00 0 
7f05d82b5000-7f05d83b1000 rw-p 00000000 00:00 0 
7f05d83b1000-7f05d83b2000 ---p 00000000 00:00 0 
7f05d83b2000-7f05d84b3000 rw-p 00000000 00:00 0 
7f05d84b3000-7f05d8581000 r-xp 00000000 00:1fc8 4611686019135190036      /nix/store/gpxl5qgg8kicmcvivwmybwjlpf7wh20l-graalvm17-ce-22.3.0/lib/libjsvml.so
7f05d8581000-7f05d8582000 r--p 000cd000 00:1fc8 4611686019135190036      /nix/store/gpxl5qgg8kicmcvivwmybwjlpf7wh20l-graalvm17-ce-22.3.0/lib/libjsvml.so
7f05d8582000-7f05d8583000 rw-p 000ce000 00:1fc8 4611686019135190036      /nix/store/gpxl5qgg8kicmcvivwmybwjlpf7wh20l-graalvm17-ce-22.3.0/lib/libjsvml.so
7f05d8583000-7f05d9e5b000 rw-p 00000000 00:00 0 
7f05d9e5b000-7f05d9e5c000 ---p 00000000 00:00 0 
7f05d9e5c000-7f05da007000 rw-p 00000000 00:00 0 
7f05da007000-7f05da022000 rw-p 00000000 00:00 0 
7f05da022000-7f05da05d000 ---p 00000000 00:00 0 
7f05da05d000-7f05da064000 rw-p 00000000 00:00 0 
7f05da064000-7f05da149000 ---p 00000000 00:00 0 
7f05da149000-7f05da16a000 rw-p 00000000 00:00 0 
7f05da16a000-7f05da234000 ---p 00000000 00:00 0 
7f05da234000-7f05da239000 rw-p 00000000 00:00 0 
7f05da239000-7f05da240000 ---p 00000000 00:00 0 
7f05da240000-7f05da264000 r-xp 00000000 00:1fc8 4611686019135190028      /nix/store/gpxl5qgg8kicmcvivwmybwjlpf7wh20l-graalvm17-ce-22.3.0/lib/libjava.so
7f05da264000-7f05da265000 ---p 00024000 00:1fc8 4611686019135190028      /nix/store/gpxl5qgg8kicmcvivwmybwjlpf7wh20l-graalvm17-ce-22.3.0/lib/libjava.so
7f05da265000-7f05da266000 r--p 00024000 00:1fc8 4611686019135190028      /nix/store/gpxl5qgg8kicmcvivwmybwjlpf7wh20l-graalvm17-ce-22.3.0/lib/libjava.so
7f05da266000-7f05da267000 rw-p 00025000 00:1fc8 4611686019135190028      /nix/store/gpxl5qgg8kicmcvivwmybwjlpf7wh20l-graalvm17-ce-22.3.0/lib/libjava.so
7f05da267000-7f05da268000 rw-p 00000000 00:00 0 
7f05da268000-7f05da26f000 rw-p 0002f000 00:1fc8 4611686019135190028      /nix/store/gpxl5qgg8kicmcvivwmybwjlpf7wh20l-graalvm17-ce-22.3.0/lib/libjava.so
7f05da26f000-7f05da277000 rw-s 00000000 00:1f00 355                      /tmp/hsperfdata_runner/21
7f05da277000-7f05da278000 ---p 00000000 00:00 0 
7f05da278000-7f05da279000 r--p 00000000 00:00 0 
7f05da279000-7f05da27a000 rwxp 00000000 00:00 0 
7f05da27a000-7f05da295000 r-xp 00000000 00:1fc8 4611686019135190032      /nix/store/gpxl5qgg8kicmcvivwmybwjlpf7wh20l-graalvm17-ce-22.3.0/lib/libjimage.so
7f05da295000-7f05da296000 ---p 0001b000 00:1fc8 4611686019135190032      /nix/store/gpxl5qgg8kicmcvivwmybwjlpf7wh20l-graalvm17-ce-22.3.0/lib/libjimage.so
7f05da296000-7f05da298000 r--p 0001b000 00:1fc8 4611686019135190032      /nix/store/gpxl5qgg8kicmcvivwmybwjlpf7wh20l-graalvm17-ce-22.3.0/lib/libjimage.so
7f05da298000-7f05da299000 rw-p 0001d000 00:1fc8 4611686019135190032      /nix/store/gpxl5qgg8kicmcvivwmybwjlpf7wh20l-graalvm17-ce-22.3.0/lib/libjimage.so
7f05da299000-7f05da29a000 rw-p 00024000 00:1fc8 4611686019135190032      /nix/store/gpxl5qgg8kicmcvivwmybwjlpf7wh20l-graalvm17-ce-22.3.0/lib/libjimage.so
7f05da29a000-7f05da29e000 ---p 00000000 00:00 0 
7f05da29e000-7f05da39a000 rw-p 00000000 00:00 0 
7f05da39a000-7f05da3a8000 r--p 00000000 00:1fc8 4611686019027979927      /nix/store/4nlgxhb09sdr51nc9hdm8az5b08vzkgx-glibc-2.35-163/lib/libm.so.6
7f05da3a8000-7f05da41b000 r-xp 0000e000 00:1fc8 4611686019027979927      /nix/store/4nlgxhb09sdr51nc9hdm8az5b08vzkgx-glibc-2.35-163/lib/libm.so.6
7f05da41b000-7f05da478000 r--p 00081000 00:1fc8 4611686019027979927      /nix/store/4nlgxhb09sdr51nc9hdm8az5b08vzkgx-glibc-2.35-163/lib/libm.so.6
7f05da478000-7f05da479000 r--p 000dd000 00:1fc8 4611686019027979927      /nix/store/4nlgxhb09sdr51nc9hdm8az5b08vzkgx-glibc-2.35-163/lib/libm.so.6
7f05da479000-7f05da47a000 rw-p 000de000 00:1fc8 4611686019027979927      /nix/store/4nlgxhb09sdr51nc9hdm8az5b08vzkgx-glibc-2.35-163/lib/libm.so.6
7f05da47a000-7f05da47b000 r--p 00000000 00:1fc8 4611686019027979946      /nix/store/4nlgxhb09sdr51nc9hdm8az5b08vzkgx-glibc-2.35-163/lib/librt.so.1
7f05da47b000-7f05da47c000 r-xp 00001000 00:1fc8 4611686019027979946      /nix/store/4nlgxhb09sdr51nc9hdm8az5b08vzkgx-glibc-2.35-163/lib/librt.so.1
7f05da47c000-7f05da47d000 r--p 00002000 00:1fc8 4611686019027979946      /nix/store/4nlgxhb09sdr51nc9hdm8az5b08vzkgx-glibc-2.35-163/lib/librt.so.1
7f05da47d000-7f05da47e000 r--p 00002000 00:1fc8 4611686019027979946      /nix/store/4nlgxhb09sdr51nc9hdm8az5b08vzkgx-glibc-2.35-163/lib/librt.so.1
7f05da47e000-7f05da47f000 rw-p 00003000 00:1fc8 4611686019027979946      /nix/store/4nlgxhb09sdr51nc9hdm8az5b08vzkgx-glibc-2.35-163/lib/librt.so.1
7f05da47f000-7f05db592000 r-xp 00000000 00:1fc8 4611686019135360866      /nix/store/gpxl5qgg8kicmcvivwmybwjlpf7wh20l-graalvm17-ce-22.3.0/lib/server/libjvm.so
7f05db592000-7f05db593000 ---p 01113000 00:1fc8 4611686019135360866      /nix/store/gpxl5qgg8kicmcvivwmybwjlpf7wh20l-graalvm17-ce-22.3.0/lib/server/libjvm.so
7f05db593000-7f05db648000 r--p 01113000 00:1fc8 4611686019135360866      /nix/store/gpxl5qgg8kicmcvivwmybwjlpf7wh20l-graalvm17-ce-22.3.0/lib/server/libjvm.so
7f05db648000-7f05db67c000 rw-p 011c8000 00:1fc8 4611686019135360866      /nix/store/gpxl5qgg8kicmcvivwmybwjlpf7wh20l-graalvm17-ce-22.3.0/lib/server/libjvm.so
7f05db67c000-7f05db6d8000 rw-p 00000000 00:00 0 
7f05db6d8000-7f05db700000 r--p 00000000 00:1fc8 4611686019027979918      /nix/store/4nlgxhb09sdr51nc9hdm8az5b08vzkgx-glibc-2.35-163/lib/libc.so.6
7f05db700000-7f05db876000 r-xp 00028000 00:1fc8 4611686019027979918      /nix/store/4nlgxhb09sdr51nc9hdm8az5b08vzkgx-glibc-2.35-163/lib/libc.so.6
7f05db876000-7f05db8ce000 r--p 0019e000 00:1fc8 4611686019027979918      /nix/store/4nlgxhb09sdr51nc9hdm8az5b08vzkgx-glibc-2.35-163/lib/libc.so.6
7f05db8ce000-7f05db8d2000 r--p 001f6000 00:1fc8 4611686019027979918      /nix/store/4nlgxhb09sdr51nc9hdm8az5b08vzkgx-glibc-2.35-163/lib/libc.so.6
7f05db8d2000-7f05db8d4000 rw-p 001fa000 00:1fc8 4611686019027979918      /nix/store/4nlgxhb09sdr51nc9hdm8az5b08vzkgx-glibc-2.35-163/lib/libc.so.6
7f05db8d4000-7f05db8e3000 rw-p 00000000 00:00 0 
7f05db8e3000-7f05db8e4000 r--p 00000000 00:1fc8 4611686019027979923      /nix/store/4nlgxhb09sdr51nc9hdm8az5b08vzkgx-glibc-2.35-163/lib/libdl.so.2
7f05db8e4000-7f05db8e5000 r-xp 00001000 00:1fc8 4611686019027979923      /nix/store/4nlgxhb09sdr51nc9hdm8az5b08vzkgx-glibc-2.35-163/lib/libdl.so.2
7f05db8e5000-7f05db8e6000 r--p 00002000 00:1fc8 4611686019027979923      /nix/store/4nlgxhb09sdr51nc9hdm8az5b08vzkgx-glibc-2.35-163/lib/libdl.so.2
7f05db8e6000-7f05db8e7000 r--p 00002000 00:1fc8 4611686019027979923      /nix/store/4nlgxhb09sdr51nc9hdm8az5b08vzkgx-glibc-2.35-163/lib/libdl.so.2
7f05db8e7000-7f05db8e8000 rw-p 00003000 00:1fc8 4611686019027979923      /nix/store/4nlgxhb09sdr51nc9hdm8az5b08vzkgx-glibc-2.35-163/lib/libdl.so.2
7f05db8e8000-7f05db8e9000 r--p 00000000 00:1fc8 4611686019027979942      /nix/store/4nlgxhb09sdr51nc9hdm8az5b08vzkgx-glibc-2.35-163/lib/libpthread.so.0
7f05db8e9000-7f05db8ea000 r-xp 00001000 00:1fc8 4611686019027979942      /nix/store/4nlgxhb09sdr51nc9hdm8az5b08vzkgx-glibc-2.35-163/lib/libpthread.so.0
7f05db8ea000-7f05db8eb000 r--p 00002000 00:1fc8 4611686019027979942      /nix/store/4nlgxhb09sdr51nc9hdm8az5b08vzkgx-glibc-2.35-163/lib/libpthread.so.0
7f05db8eb000-7f05db8ec000 r--p 00002000 00:1fc8 4611686019027979942      /nix/store/4nlgxhb09sdr51nc9hdm8az5b08vzkgx-glibc-2.35-163/lib/libpthread.so.0
7f05db8ec000-7f05db8ed000 rw-p 00003000 00:1fc8 4611686019027979942      /nix/store/4nlgxhb09sdr51nc9hdm8az5b08vzkgx-glibc-2.35-163/lib/libpthread.so.0
7f05db8ed000-7f05db8fb000 r-xp 00000000 00:1fc8 4611686019135190033      /nix/store/gpxl5qgg8kicmcvivwmybwjlpf7wh20l-graalvm17-ce-22.3.0/lib/libjli.so
7f05db8fb000-7f05db8fc000 ---p 0000e000 00:1fc8 4611686019135190033      /nix/store/gpxl5qgg8kicmcvivwmybwjlpf7wh20l-graalvm17-ce-22.3.0/lib/libjli.so
7f05db8fc000-7f05db8fd000 r--p 0000e000 00:1fc8 4611686019135190033      /nix/store/gpxl5qgg8kicmcvivwmybwjlpf7wh20l-graalvm17-ce-22.3.0/lib/libjli.so
7f05db8fd000-7f05db8fe000 rw-p 0000f000 00:1fc8 4611686019135190033      /nix/store/gpxl5qgg8kicmcvivwmybwjlpf7wh20l-graalvm17-ce-22.3.0/lib/libjli.so
7f05db8fe000-7f05db8ff000 rw-p 00012000 00:1fc8 4611686019135190033      /nix/store/gpxl5qgg8kicmcvivwmybwjlpf7wh20l-graalvm17-ce-22.3.0/lib/libjli.so
7f05db8ff000-7f05db902000 r--p 00000000 00:1fc8 4611686019106210071      /nix/store/026hln0aq1hyshaxsdvhg0kmcm6yf45r-zlib-1.2.13/lib/libz.so.1.2.13
7f05db902000-7f05db914000 r-xp 00003000 00:1fc8 4611686019106210071      /nix/store/026hln0aq1hyshaxsdvhg0kmcm6yf45r-zlib-1.2.13/lib/libz.so.1.2.13
7f05db914000-7f05db91b000 r--p 00015000 00:1fc8 4611686019106210071      /nix/store/026hln0aq1hyshaxsdvhg0kmcm6yf45r-zlib-1.2.13/lib/libz.so.1.2.13
7f05db91b000-7f05db91c000 r--p 0001b000 00:1fc8 4611686019106210071      /nix/store/026hln0aq1hyshaxsdvhg0kmcm6yf45r-zlib-1.2.13/lib/libz.so.1.2.13
7f05db91c000-7f05db91d000 rw-p 0001c000 00:1fc8 4611686019106210071      /nix/store/026hln0aq1hyshaxsdvhg0kmcm6yf45r-zlib-1.2.13/lib/libz.so.1.2.13
7f05db91d000-7f05db91f000 rw-p 00000000 00:00 0 
7f05db91f000-7f05db921000 r--p 00000000 00:1fc8 4611686019027979912      /nix/store/4nlgxhb09sdr51nc9hdm8az5b08vzkgx-glibc-2.35-163/lib/ld-linux-x86-64.so.2
7f05db921000-7f05db948000 r-xp 00002000 00:1fc8 4611686019027979912      /nix/store/4nlgxhb09sdr51nc9hdm8az5b08vzkgx-glibc-2.35-163/lib/ld-linux-x86-64.so.2
7f05db948000-7f05db954000 r--p 00029000 00:1fc8 4611686019027979912      /nix/store/4nlgxhb09sdr51nc9hdm8az5b08vzkgx-glibc-2.35-163/lib/ld-linux-x86-64.so.2
7f05db954000-7f05db956000 r--p 00034000 00:1fc8 4611686019027979912      /nix/store/4nlgxhb09sdr51nc9hdm8az5b08vzkgx-glibc-2.35-163/lib/ld-linux-x86-64.so.2
7f05db956000-7f05db958000 rw-p 00036000 00:1fc8 4611686019027979912      /nix/store/4nlgxhb09sdr51nc9hdm8az5b08vzkgx-glibc-2.35-163/lib/ld-linux-x86-64.so.2
7ffc5f248000-7ffc5f26c000 rw-p 00000000 00:00 0                          [stack]
7ffc5f38f000-7ffc5f393000 r--p 00000000 00:00 0                          [vvar]
7ffc5f393000-7ffc5f395000 r-xp 00000000 00:00 0                          [vdso]
ffffffffff600000-ffffffffff601000 --xp 00000000 00:00 0                  [vsyscall]


VM Arguments:
jvm_args: -XX:ThreadPriorityPolicy=1 -XX:+UnlockExperimentalVMOptions -XX:+EnableJVMCIProduct -XX:JVMCIThreadsPerNativeLibraryRuntime=1 -XX:-UnlockExperimentalVMOptions -Declipse.application=org.eclipse.jdt.ls.core.id1 -Dosgi.bundles.defaultStartLevel=4 -Declipse.product=org.eclipse.jdt.ls.core.product -Dlog.level=ALL -Xverify:none -XX:+UseParallelGC -XX:GCTimeRatio=4 -XX:AdaptiveSizePolicyWeight=90 -Dsun.zip.disableMemoryMapping=true -Xmx512m -Xms100m 
java_command: /nix/store/m6gcpi1ii6rghy04cjwjddcavv7i90df-jdt-language-server-1.9.0/share/java/plugins/org.eclipse.equinox.launcher_1.6.400.v20210924-0641.jar --add-modules=ALL-SYSTEM --add-opens java.base/java.util=ALL-UNNAMED --add-opens java.base/java.lang=ALL-UNNAMED -configuration /home/runner/.cache/jdt-language-server/config -data /home/runner/.cache/jdt-language-server/data/home/runner/Pokemon-Battle-Simulator
java_class_path (initial): /nix/store/m6gcpi1ii6rghy04cjwjddcavv7i90df-jdt-language-server-1.9.0/share/java/plugins/org.eclipse.equinox.launcher_1.6.400.v20210924-0641.jar
Launcher Type: SUN_STANDARD

[Global flags]
    uintx AdaptiveSizePolicyWeight                 = 90                                        {product} {command line}
     intx CICompilerCount                          = 2                                         {product} {ergonomic}
     bool EnableJVMCIProduct                       = true                                {JVMCI product} {jimage}
    uintx GCTimeRatio                              = 4                                         {product} {command line}
   size_t InitialHeapSize                          = 104857600                                 {product} {command line}
     uint JVMCIThreadsPerNativeLibraryRuntime      = 1                                   {JVMCI product} {jimage}
   size_t MaxHeapSize                              = 536870912                                 {product} {command line}
   size_t MaxNewSize                               = 178782208                                 {product} {ergonomic}
   size_t MinHeapDeltaBytes                        = 524288                                    {product} {ergonomic}
   size_t MinHeapSize                              = 104857600                                 {product} {command line}
   size_t NewSize                                  = 34603008                                  {product} {ergonomic}
    uintx NonNMethodCodeHeapSize                   = 5826188                                {pd product} {ergonomic}
    uintx NonProfiledCodeHeapSize                  = 122916026                              {pd product} {ergonomic}
   size_t OldSize                                  = 70254592                                  {product} {ergonomic}
    uintx ProfiledCodeHeapSize                     = 122916026                              {pd product} {ergonomic}
    uintx ReservedCodeCacheSize                    = 251658240                              {pd product} {ergonomic}
     bool SegmentedCodeCache                       = true                                      {product} {ergonomic}
   size_t SoftMaxHeapSize                          = 536870912                              {manageable} {ergonomic}
     intx ThreadPriorityPolicy                     = 1                                         {product} {jimage}
     bool UseCompressedClassPointers               = true                           {product lp64_product} {ergonomic}
     bool UseCompressedOops                        = true                           {product lp64_product} {ergonomic}
     bool UseParallelGC                            = true                                      {product} {command line}

Logging:
Log output configuration:
 #0: stdout all=warning uptime,level,tags
 #1: stderr all=off uptime,level,tags

Environment Variables:
JAVA_HOME=/nix/store/gpxl5qgg8kicmcvivwmybwjlpf7wh20l-graalvm17-ce-22.3.0
PATH=/nix/store/1d6ian3r8kdzspw8hacjhl3xkp40g1lj-binutils-wrapper-2.39/bin:/nix/store/dq0xwmsk1g0i2ayg6pb7y87na2knzylh-gcc-wrapper-11.3.0/bin:/nix/store/bap4d0lpcrhpwmpb8ayjcgkmvfj62lnq-bash-interactive-5.1-p16/bin:/nix/store/pr5n59mb4jzmfx6kanwxly0l07p861fg-patchelf-0.15.0/bin:/nix/store/1gf2flfqnpqbr1b4p4qz2f72y42bs56r-gcc-11.3.0/bin:/nix/store/57xv61c5zi8pphjbcwxxjlgc34p61ic9-glibc-2.35-163-bin/bin:/nix/store/a7gvj343m05j2s32xcnwr35v31ynlypr-coreutils-9.1/bin:/nix/store/039g378vc3pc3dvi9dzdlrd0i4q93qwf-binutils-2.39/bin:/nix/store/gpxl5qgg8kicmcvivwmybwjlpf7wh20l-graalvm17-ce-22.3.0/bin:/nix/store/6z9ag3ihc8mq2hzsw48lhbznvzny65nz-apache-maven-3.8.6/bin:/nix/store/m6gcpi1ii6rghy04cjwjddcavv7i90df-jdt-language-server-1.9.0/bin:/nix/store/84xs5alhs01zrbr4ywm05kxbjbp5590l-java-debug/bin:/nix/store/mydc6f4k2z73xlcz7ilif3v2lcaiqvza-findutils-4.9.0/bin:/nix/store/j9p3g8472iijd50vhdprx0nmk2fqn5gv-diffutils-3.8/bin:/nix/store/89zs7rms6x00xfq4dq6m7mjnhkr8a6r4-gnused-4.8/bin:/nix/store/86bp03jkmsl6f92w0yzg4s59g5mhxwmy-gnugrep-3.7/bin:/nix/store/hwcdqw4jrjnd37wxqgsd47hd0j8bnj09-gawk-5.1.1/bin:/nix/store/cfbhw8r8ags41vwqaz47r583d0p4h4a1-gnutar-1.34/bin:/nix/store/p3m1ndl1lapwrlh698bnb5lvvxh67378-gzip-1.12/bin:/nix/store/a8mhcagrsly7c7mpjrpsnaahk4aax056-bzip2-1.0.8-bin/bin:/nix/store/mblgz65m3zv9x548a3d5m96fj2pbwr09-gnumake-4.3/bin:/nix/store/dsd5gz46hdbdk2rfdimqddhq6m8m8fqs-bash-5.1-p16/bin:/nix/store/v7ljksji50mg3w61dykaa3n3y79n6nil-patch-2.7.6/bin:/nix/store/zlcnmqq14jz5x9439jf937mvayyl63da-xz-5.2.7-bin/bin:/nix/store/y6aj732zm9m87c82fpvf103a1xb22blp-file-5.43/bin:/nix/store/i4kzir3m7mrisxmf5xvlnkw01x4qaqr4-prybar-elisp-0.0.0-e0d9a52/bin:/nix/store/lwwivxf6h7x3cvxp9zv8sj0mv7dak99r-prybar-lua-0.0.0-e0d9a52/bin:/nix/store/gxj28g1cg4hq3qanmjv07156h800qr58-prybar-python3-0.0.0-e0d9a52/bin:/nix/store/hshkjnxrgidigf8x75vg6lqng2xlx9i3-prybar-sqlite-0.0.0-e0d9a52/bin:/nix/store/c4w01bpjgyy5ixmwdk8m1pw87zq4sl26-prybar-tcl-0.0.0-e0d9a52/bin:/nix/store/hpbvrlwd5viqmvcaisb3x0118i913a9n-st
LD_LIBRARY_PATH=/nix/store/a4pff549sk2idnkpzk5nsfps3mdkdnvm-cups-2.4.2-lib/lib:/nix/store/72mqxxhh3cy5yifh92wh2yb8cl2hikyy-cairo-1.16.0/lib:/nix/store/2k366jrbsra97gjfxwvrhvixjfxdach5-glib-2.74.1/lib:/nix/store/2j2znigd8ak37rlwh9khz0ry3clqlw1l-gtk+3-3.24.34/lib:/nix/store/hisqvx32cd57apbpcsnkpx6k3549wql1-libglvnd-1.4.0/lib:/nix/store/p36pgcv991mq5srvg765b78yqpxvk3qs-mesa-21.3.3-drivers/lib:/nix/store/mav4251if1ahjq5vkpwycyyvnmy459c4-pulseaudio-14.2/lib
DISPLAY=:0
LANG=en_US.UTF-8

Signal Handlers:
   SIGSEGV: crash_handler in libjvm.so, mask=11100100010111111101111111111110, flags=SA_RESTART|SA_SIGINFO
    SIGBUS: crash_handler in libjvm.so, mask=11100100010111111101111111111110, flags=SA_RESTART|SA_SIGINFO
    SIGFPE: crash_handler in libjvm.so, mask=11100100010111111101111111111110, flags=SA_RESTART|SA_SIGINFO
   SIGPIPE: IsolateEnterStub_IgnoreSIGPIPEStartupHook_noopSignalHandler_8f19bff2f35b5f630d83b364d6b2339320d4ec70_216e8361c6bc87a8f89f58cc10d3b2fd4415bf87 in libjvmcicompiler.so, mask=00000000000000000000000000000000, flags=SA_RESTART
  *** Handler was modified!
  *** Expected: javaSignalHandler in libjvm.so, mask=11100100110111111111111111111110, flags=SA_RESTART|SA_SIGINFO
   SIGXFSZ: javaSignalHandler in libjvm.so, mask=11100100010111111101111111111110, flags=SA_RESTART|SA_SIGINFO
    SIGILL: crash_handler in libjvm.so, mask=11100100010111111101111111111110, flags=SA_RESTART|SA_SIGINFO
   SIGUSR2: SR_handler in libjvm.so, mask=00000000000000000000000000000000, flags=SA_RESTART|SA_SIGINFO
    SIGHUP: UserHandler in libjvm.so, mask=11100100010111111101111111111110, flags=SA_RESTART|SA_SIGINFO
    SIGINT: UserHandler in libjvm.so, mask=11100100010111111101111111111110, flags=SA_RESTART|SA_SIGINFO
   SIGTERM: UserHandler in libjvm.so, mask=11100100010111111101111111111110, flags=SA_RESTART|SA_SIGINFO
   SIGQUIT: UserHandler in libjvm.so, mask=11100100010111111101111111111110, flags=SA_RESTART|SA_SIGINFO
  *** Handler was modified!
  *** Expected: javaSignalHandler in libjvm.so, mask=11100100110111111111111111111110, flags=SA_RESTART|SA_SIGINFO
   SIGTRAP: crash_handler in libjvm.so, mask=11100100010111111101111111111110, flags=SA_RESTART|SA_SIGINFO


---------------  S Y S T E M  ---------------

OS:
DISTRIB_ID=Ubuntu
DISTRIB_RELEASE=20.04
DISTRIB_CODENAME=focal
DISTRIB_DESCRIPTION="Ubuntu 20.04.2 LTS"
uname: Linux 5.19.0-1025-gcp #27~22.04.1-Ubuntu SMP Wed May 24 03:53:01 UTC 2023 x86_64
OS uptime: 0 days 1:24 hours
libc: glibc 2.35 NPTL 2.35 
rlimit (soft/hard): STACK 8192k/infinity , CORE infinity/infinity , NPROC infinity/infinity , NOFILE 5242/5242 , AS infinity/infinity , CPU infinity/infinity , DATA infinity/infinity , FSIZE infinity/infinity , MEMLOCK 8192k/8192k
load average: 9.89 13.19 13.45

/proc/meminfo:
MemTotal:       65852244 kB
MemFree:        18336636 kB
MemAvailable:   42037416 kB
Buffers:         1802392 kB
Cached:         20666408 kB
SwapCached:            0 kB
Active:          7619544 kB
Inactive:       35866560 kB
Active(anon):      21020 kB
Inactive(anon): 20586024 kB
Active(file):    7598524 kB
Inactive(file): 15280536 kB
Unevictable:       56744 kB
Mlocked:           56744 kB
SwapTotal:             0 kB
SwapFree:              0 kB
Zswap:                 0 kB
Zswapped:              0 kB
Dirty:              9060 kB
Writeback:             0 kB
AnonPages:      20599192 kB
Mapped:          2140840 kB
Shmem:             61252 kB
KReclaimable:    1548320 kB
Slab:            2735212 kB
SReclaimable:    1548320 kB
SUnreclaim:      1186892 kB
KernelStack:      526492 kB
PageTables:       267916 kB
NFS_Unstable:          0 kB
Bounce:                0 kB
WritebackTmp:          0 kB
CommitLimit:    32926120 kB
Committed_AS:   89494616 kB
VmallocTotal:   34359738367 kB
VmallocUsed:      569648 kB
VmallocChunk:          0 kB
Percpu:            57024 kB
HardwareCorrupted:     0 kB
AnonHugePages:   1388544 kB
ShmemHugePages:        0 kB
ShmemPmdMapped:        0 kB
FileHugePages:         0 kB
FilePmdMapped:         0 kB
HugePages_Total:       0
HugePages_Free:        0
HugePages_Rsvd:        0
HugePages_Surp:        0
Hugepagesize:       2048 kB
Hugetlb:               0 kB
DirectMap4k:     2972472 kB
DirectMap2M:    48404480 kB
DirectMap1G:    17825792 kB

/sys/kernel/mm/transparent_hugepage/enabled: always [madvise] never
/sys/kernel/mm/transparent_hugepage/defrag (defrag/compaction efforts parameter): always defer defer+madvise [madvise] never

Process Memory:
Virtual Size: 5187672K (peak: 5283644K)
Resident Set Size: 751472K (peak: 786284K) (anon: 558260K, file: 193212K, shmem: 0K)
Swapped out: 0K
C-Heap outstanding allocations: 44471K, retained: 16296K
glibc malloc tunables: (default)

/proc/sys/kernel/threads-max (system-wide limit on the number of threads): 514406
/proc/sys/vm/max_map_count (maximum number of memory map areas a process may have): 65530
/proc/sys/kernel/pid_max (system-wide limit on number of process identifiers): 4194304

container (cgroup) information:
container_type: cgroupv1
cpu_cpuset_cpus: 2-7
cpu_memory_nodes: 0
active_processor_count: 1
cpu_quota: 50000
cpu_period: 100000
cpu_shares: 512
memory_limit_in_bytes: 1048576 k
memory_and_swap_limit_in_bytes: 1048576 k
memory_soft_limit_in_bytes: 524288 k
memory_usage_in_bytes: 622224 k
memory_max_usage_in_bytes: 643236 k
maximum number of tasks: 1000
current number of tasks: 45

KVM virtualization detected
Steal ticks since vm start: 0
Steal ticks percentage since vm start:  0.000

CPU: total 8 (initial active 1) (8 cores per cpu, 2 threads per core) family 23 model 49 stepping 0 microcode 0xffffffff, cx8, cmov, fxsr, ht, mmx, 3dnowpref, sse, sse2, sse3, ssse3, sse4a, sse4.1, sse4.2, popcnt, lzcnt, tsc, tscinvbit, avx, avx2, aes, clmul, bmi1, bmi2, adx, sha, fma, vzeroupper, clflush, clflushopt, hv
CPU Model and flags from /proc/cpuinfo:
model name	: AMD EPYC 7B12
flags		: fpu vme de pse tsc msr pae mce cx8 apic sep mtrr pge mca cmov pat pse36 clflush mmx fxsr sse sse2 ht syscall nx mmxext fxsr_opt pdpe1gb rdtscp lm constant_tsc rep_good nopl nonstop_tsc cpuid extd_apicid tsc_known_freq pni pclmulqdq ssse3 fma cx16 sse4_1 sse4_2 movbe popcnt aes xsave avx f16c rdrand hypervisor lahf_lm cmp_legacy cr8_legacy abm sse4a misalignsse 3dnowprefetch osvw topoext ssbd ibrs ibpb stibp vmmcall fsgsbase tsc_adjust bmi1 avx2 smep bmi2 rdseed adx smap clflushopt clwb sha_ni xsaveopt xsavec xgetbv1 clzero xsaveerptr arat npt nrip_save umip rdpid

Online cpus: 0-7
Offline cpus: 
BIOS frequency limitation: <Not Available>
Frequency switch latency (ns): <Not Available>
Available cpu frequencies: <Not Available>
Current governor: <Not Available>
Core performance/turbo boost: <Not Available>

Memory: 4k page, physical 1048576k(426340k free), swap 0k(0k free)
Page Sizes: 4k

vm_info: OpenJDK 64-Bit Server VM (17.0.5+8-jvmci-22.3-b08) for linux-amd64 JRE (17.0.5+8-jvmci-22.3-b08), built on Oct 19 2022 09:01:27 by "buildslave" with gcc 10.3.0

END.
