#
# A fatal error has been detected by the Java Runtime Environment:
#
#  Internal Error (jvmciRuntime.cpp:1609), pid=130, tid=145
#  fatal error: Fatal exception in JVMCI: Error calling jdk.vm.ci.services.Services.serializeSavedProperties
#
# JRE version: OpenJDK Runtime Environment GraalVM CE 22.3.0 (17.0.5+8) (build 17.0.5+8-jvmci-22.3-b08)
# Java VM: OpenJDK 64-Bit Server VM GraalVM CE 22.3.0 (17.0.5+8-jvmci-22.3-b08, mixed mode, sharing, tiered, jvmci, jvmci compiler, compressed oops, compressed class ptrs, parallel gc, linux-amd64)
# Problematic frame:
# V  [libjvm.so+0x972714]  JVMCIRuntime::fatal_exception(JVMCIEnv*, char const*)+0x74
#
# Core dump will be written. Default location: Core dumps may be processed with "/usr/share/apport/apport -p%p -s%s -c%c -d%d -P%P -u%u -g%g -- %E" (or dumping to /home/runner/Pokemon-Battle-Simulator/core.130)
#
# If you would like to submit a bug report, please visit:
#   https://github.com/oracle/graal/issues
#

---------------  S U M M A R Y ------------

Command Line: -XX:ThreadPriorityPolicy=1 -XX:+UnlockExperimentalVMOptions -XX:+EnableJVMCIProduct -XX:JVMCIThreadsPerNativeLibraryRuntime=1 -XX:-UnlockExperimentalVMOptions -Declipse.application=org.eclipse.jdt.ls.core.id1 -Dosgi.bundles.defaultStartLevel=4 -Declipse.product=org.eclipse.jdt.ls.core.product -Dlog.level=ALL -Xverify:none -XX:+UseParallelGC -XX:GCTimeRatio=4 -XX:AdaptiveSizePolicyWeight=90 -Dsun.zip.disableMemoryMapping=true -Xmx512m -Xms100m /nix/store/m6gcpi1ii6rghy04cjwjddcavv7i90df-jdt-language-server-1.9.0/share/java/plugins/org.eclipse.equinox.launcher_1.6.400.v20210924-0641.jar --add-modules=ALL-SYSTEM --add-opens java.base/java.util=ALL-UNNAMED --add-opens java.base/java.lang=ALL-UNNAMED -configuration /home/runner/.cache/jdt-language-server/config -data /home/runner/.cache/jdt-language-server/data/home/runner/Pokemon-Battle-Simulator

Host: AMD EPYC 7B12, 8 cores, 1G, Ubuntu 20.04.2 LTS
Time: Mon Jun 12 01:15:38 2023 UTC elapsed time: 1386.532815 seconds (0d 0h 23m 6s)

---------------  T H R E A D  ---------------

Current thread (0x00007fc84c0b2210):  JavaThread "JVMCI-native CompilerThread0" daemon [_thread_in_vm, id=145, stack(0x00007fc831700000,0x00007fc831900000)]


Current CompileTask:
JVMCI-native:1386533 10982       4       java.lang.AbstractStringBuilder::<init> (63 bytes)

Stack: [0x00007fc831700000,0x00007fc831900000],  sp=0x00007fc8318fe380,  free space=2040k
Native frames: (J=compiled Java code, j=interpreted, Vv=VM code, C=native code)
V  [libjvm.so+0x972714]  JVMCIRuntime::fatal_exception(JVMCIEnv*, char const*)+0x74
V  [libjvm.so+0x93e2fe]  JVMCIEnv::copy_saved_properties()+0x14e
V  [libjvm.so+0x9732a9]  JVMCIRuntime::initialize(JVMCIEnv*)+0xb19
V  [libjvm.so+0x9738a2]  JVMCIRuntime::get_HotSpotJVMCIRuntime(JVMCIEnv*)+0x12
V  [libjvm.so+0x9749f2]  JVMCIRuntime::compile_method(JVMCIEnv*, JVMCICompiler*, methodHandle const&, int)+0xd2
V  [libjvm.so+0x5b0d20]  CompileBroker::invoke_compiler_on_method(CompileTask*)+0x1470
V  [libjvm.so+0x5b12e8]  CompileBroker::compiler_thread_loop()+0x528
V  [libjvm.so+0xd82460]  JavaThread::thread_main_inner()+0xd0
V  [libjvm.so+0xd85a40]  Thread::call_run()+0xc0
V  [libjvm.so+0xbdb1e1]  thread_native_entry(Thread*)+0xe1

Register to memory mapping:

RAX=0x00007fc851427000 points into unknown readable memory: 0x0000000000000058 | 58 00 00 00 00 00 00 00
RBX=0x00007fc852522398: <offset 0x0000000000ef5398> in /nix/store/gpxl5qgg8kicmcvivwmybwjlpf7wh20l-graalvm17-ce-22.3.0/lib/server/libjvm.so at 0x00007fc85162d000
RCX=0x00007fc8524da1e8: <offset 0x0000000000ead1e8> in /nix/store/gpxl5qgg8kicmcvivwmybwjlpf7wh20l-graalvm17-ce-22.3.0/lib/server/libjvm.so at 0x00007fc85162d000
RDX=0x0000000000000649 is an unknown value
RSP=0x00007fc8318fe380 is pointing into the stack for thread: 0x00007fc84c0b2210
RBP=0x00007fc8318fe3a0 is pointing into the stack for thread: 0x00007fc84c0b2210
RSI=0x00007fc852522c48: <offset 0x0000000000ef5c48> in /nix/store/gpxl5qgg8kicmcvivwmybwjlpf7wh20l-graalvm17-ce-22.3.0/lib/server/libjvm.so at 0x00007fc85162d000
RDI=0x00000000e0000000 is an oop: [B 
{0x00000000e0000000} - klass: {type array byte}
 - length: 13
R8 =0x00007fc852522398: <offset 0x0000000000ef5398> in /nix/store/gpxl5qgg8kicmcvivwmybwjlpf7wh20l-graalvm17-ce-22.3.0/lib/server/libjvm.so at 0x00007fc85162d000
R9 =0x0000000000000003 is an unknown value
R10=0x00007fc852873da0: <offset 0x0000000001246da0> in /nix/store/gpxl5qgg8kicmcvivwmybwjlpf7wh20l-graalvm17-ce-22.3.0/lib/server/libjvm.so at 0x00007fc85162d000
R11=0x000000080044f048 is pointing into metadata
R12=0x0 is NULL
R13=0x00007fc84c0b2210 is a thread
R14=0x00007fc84c000b80 points into unknown readable memory: 0x00007fc852753a38 | 38 3a 75 52 c8 7f 00 00
R15=0x00007fc852861e40: <offset 0x0000000001234e40> in /nix/store/gpxl5qgg8kicmcvivwmybwjlpf7wh20l-graalvm17-ce-22.3.0/lib/server/libjvm.so at 0x00007fc85162d000


Registers:
RAX=0x00007fc851427000, RBX=0x00007fc852522398, RCX=0x00007fc8524da1e8, RDX=0x0000000000000649
RSP=0x00007fc8318fe380, RBP=0x00007fc8318fe3a0, RSI=0x00007fc852522c48, RDI=0x00000000e0000000
R8 =0x00007fc852522398, R9 =0x0000000000000003, R10=0x00007fc852873da0, R11=0x000000080044f048
R12=0x0000000000000000, R13=0x00007fc84c0b2210, R14=0x00007fc84c000b80, R15=0x00007fc852861e40
RIP=0x00007fc851f9f714, EFLAGS=0x0000000000010206, CSGSFS=0x002b000000000033, ERR=0x0000000000000006
  TRAPNO=0x000000000000000e

Top of Stack: (sp=0x00007fc8318fe380)
0x00007fc8318fe380:   00007fc8318fe940 00007fc84c0b2210
0x00007fc8318fe390:   00007fc850db88c8 0000000800c415a8
0x00007fc8318fe3a0:   00007fc8318fe500 00007fc851f6b2fe
0x00007fc8318fe3b0:   00007fc8318fe3e0 00007fc8318fe440 

Instructions: (pc=0x00007fc851f9f714)
0x00007fc851f9f614:   30 e8 f6 cf e8 ff 4c 89 e7 e8 2e 48 d1 ff 84 db
0x00007fc851f9f624:   75 2a 4d 85 ed 74 04 4d 8b 6d 00 48 83 c4 08 44
0x00007fc851f9f634:   89 f9 4c 89 f2 4c 89 ee 5b 4c 89 e7 41 5c 41 5d
0x00007fc851f9f644:   41 5e 41 5f 5d e9 e2 47 d1 ff 66 90 48 83 c4 08
0x00007fc851f9f654:   5b 41 5c 41 5d 41 5e 41 5f 5d c3 90 31 d2 be 08
0x00007fc851f9f664:   00 00 00 4c 89 ff e8 b1 78 a3 ff 49 89 c5 e9 37
0x00007fc851f9f674:   ff ff ff 66 0f 1f 84 00 00 00 00 00 48 8b 7a 08
0x00007fc851f9f684:   e9 6d ff ff ff 0f 1f 80 00 00 00 00 e8 5b 48 0a
0x00007fc851f9f694:   00 84 c0 75 89 e9 6a ff ff ff 66 90 55 48 89 e5
0x00007fc851f9f6a4:   41 56 41 55 41 54 49 89 fc 53 48 89 f3 66 48 8d
0x00007fc851f9f6b4:   3d 27 5e 85 00 66 66 48 e8 df 43 8d ff 4c 8b 28
0x00007fc851f9f6c4:   8b 05 be 72 8a 00 85 c0 75 14 ba 01 00 00 00 48
0x00007fc851f9f6d4:   8d 0d ae 72 8a 00 f0 0f b1 11 85 c0 74 4e be c8
0x00007fc851f9f6e4:   00 00 00 4c 89 ef e8 01 0b 41 00 48 8d 05 12 ac
0x00007fc851f9f6f4:   85 00 49 89 d8 48 8d 0d e8 aa 53 00 ba 49 06 00
0x00007fc851f9f704:   00 48 8d 35 3c 35 58 00 bf 00 00 00 e0 48 8b 00
0x00007fc851f9f714:   c6 00 58 31 c0 e8 e2 91 c6 ff 5b 41 5c 41 5d 41
0x00007fc851f9f724:   5e 5d e9 55 34 26 00 0f 1f 44 00 00 48 8d 05 81
0x00007fc851f9f734:   a3 8b 00 48 89 df 4c 8b 30 e8 9e 43 8d ff 48 89
0x00007fc851f9f744:   de 48 89 c2 49 8b 06 4c 89 f7 ff 50 08 4c 89 f7
0x00007fc851f9f754:   e8 a7 5c 27 00 4d 85 e4 74 12 be 01 00 00 00 4c
0x00007fc851f9f764:   89 e7 e8 35 43 fc ff eb 82 0f 1f 00 be 01 00 00
0x00007fc851f9f774:   00 4c 89 ef e8 d3 fd ff ff e9 6d ff ff ff 66 66
0x00007fc851f9f784:   2e 0f 1f 84 00 00 00 00 00 0f 1f 00 55 48 89 e5
0x00007fc851f9f794:   41 57 41 56 41 55 41 54 53 48 81 ec 08 02 00 00
0x00007fc851f9f7a4:   64 48 8b 04 25 28 00 00 00 48 89 45 c8 8b 07 83
0x00007fc851f9f7b4:   f8 02 0f 84 11 04 00 00 4c 8b 6f 18 49 89 ff 49
0x00007fc851f9f7c4:   89 f4 4d 85 ed 74 14 4c 89 ef e8 5d 57 22 00 41
0x00007fc851f9f7d4:   8b 07 83 f8 02 0f 84 19 04 00 00 48 8d 1d 9a 06
0x00007fc851f9f7e4:   8a 00 4c 8d 35 0b 3c 58 00 eb 38 90 48 85 d2 7f
0x00007fc851f9f7f4:   0d 48 8d 05 b4 c0 85 00 48 83 38 00 7e 0e 41 8b
0x00007fc851f9f804:   77 2c 4c 89 f7 31 c0 e8 a0 b2 f7 ff 49 8b 7f 18 


Stack slot to memory mapping:
stack at sp + 0 slots: 0x00007fc8318fe940 is pointing into the stack for thread: 0x00007fc84c0b2210
stack at sp + 1 slots: 0x00007fc84c0b2210 is a thread
stack at sp + 2 slots: 0x00007fc850db88c8 points into unknown readable memory: 0x6573001880c9ffff | ff ff c9 80 18 00 73 65
stack at sp + 3 slots: 0x0000000800c415a8 is a pointer to class: 
jdk.vm.ci.services.Services {0x0000000800c415a8}
 - instance size:     2
 - klass size:        65
 - access:            public final synchronized 
 - state:             fully_initialized
 - name:              'jdk/vm/ci/services/Services'
 - super:             'java/lang/Object'
 - sub:               
 - arrays:            NULL
 - methods:           Array<T>(0x00007fc831c3d2b0)
 - method ordering:   Array<T>(0x0000000800928960)
 - default_methods:   Array<T>(0x0000000000000000)
 - local interfaces:  Array<T>(0x00000008005ce810)
 - trans. interfaces: Array<T>(0x00000008005ce810)
 - constants:         constant pool [427] {0x00007fc831c3c0c0} for 'jdk/vm/ci/services/Services' cache=0x00007fc831c3e5b8
 - class loader data:  loader data: 0x00007fc84c0283f0 of 'bootstrap'
 - source file:       'Services.java'
 - class annotations:       Array<T>(0x0000000000000000)
 - class type annotations:  Array<T>(0x0000000000000000)
 - field annotations:       Array<T>(0x0000000000000000)
 - field type annotations:  Array<T>(0x0000000000000000)
 - inner classes:     Array<T>(0x00007fc831c3e550)
 - nest members:     Array<T>(0x00007fc831c3e570)
 - permitted subclasses:     Array<T>(0x00000008005ce7a0)
 - java mirror:       a 'java/lang/Class'{0x00000000e017c928} = 'jdk/vm/ci/services/Services'
 - vtable length      5  (start addr: 0x0000000800c41778)
 - itable length      2 (start addr: 0x0000000800c417a0)
 - ---- static fields (3 words):
 - public static final 'IS_BUILDING_NATIVE_IMAGE' 'Z' @128 
 - public static final 'IS_IN_NATIVE_IMAGE' 'Z' @129 
 - private static volatile 'savedProperties' 'Ljava/util/Map;' @112 
 - static final 'JVMCI_ENABLED' 'Z' @130 
 - private static final 'servicesCache' 'Ljava/util/Map;' @116 
 - private static final 'MAX_UNICODE_IN_UTF8_LENGTH' 'I' @120 
 - private static final 'MAX_UTF8_PROPERTY_STRING_LENGTH' 'I' @124 
 - ---- non-static fields (0 words):
 - non-static oop maps: 
stack at sp + 4 slots: 0x00007fc8318fe500 is pointing into the stack for thread: 0x00007fc84c0b2210
stack at sp + 5 slots: 0x00007fc851f6b2fe: <offset 0x000000000093e2fe> in /nix/store/gpxl5qgg8kicmcvivwmybwjlpf7wh20l-graalvm17-ce-22.3.0/lib/server/libjvm.so at 0x00007fc85162d000
stack at sp + 6 slots: 0x00007fc8318fe3e0 is pointing into the stack for thread: 0x00007fc84c0b2210
stack at sp + 7 slots: 0x00007fc8318fe440 is pointing into the stack for thread: 0x00007fc84c0b2210


---------------  P R O C E S S  ---------------

Threads class SMR info:
_java_thread_list=0x00007fc7a8000b70, length=24, elements={
0x00007fc84c026690, 0x00007fc84c0a64d0, 0x00007fc84c0a7910, 0x00007fc84c0ae080,
0x00007fc84c0af430, 0x00007fc84c0b0820, 0x00007fc84c0b2210, 0x00007fc84c0b3720,
0x00007fc84c0b4b70, 0x00007fc84c0e8400, 0x00007fc84c12fe50, 0x00007fc84c31bce0,
0x00007fc84c0d6cc0, 0x00007fc84c341e70, 0x00007fc84c5f4030, 0x00007fc7e001a670,
0x00007fc7e02d0c90, 0x00007fc7e0334b80, 0x00007fc7e049ed40, 0x00007fc7e0600040,
0x00007fc84c3f2f80, 0x00007fc84c4cb1d0, 0x00007fc7c0001130, 0x00007fc7bc000ff0
}

Java Threads: ( => current thread )
  0x00007fc84c026690 JavaThread "main" [_thread_blocked, id=137, stack(0x00007fc851448000,0x00007fc851548000)]
  0x00007fc84c0a64d0 JavaThread "Reference Handler" daemon [_thread_blocked, id=140, stack(0x00007fc85045f000,0x00007fc85055f000)]
  0x00007fc84c0a7910 JavaThread "Finalizer" daemon [_thread_blocked, id=141, stack(0x00007fc85035f000,0x00007fc85045f000)]
  0x00007fc84c0ae080 JavaThread "Signal Dispatcher" daemon [_thread_blocked, id=142, stack(0x00007fc831b00000,0x00007fc831c00000)]
  0x00007fc84c0af430 JavaThread "Service Thread" daemon [_thread_blocked, id=143, stack(0x00007fc831a00000,0x00007fc831b00000)]
  0x00007fc84c0b0820 JavaThread "Monitor Deflation Thread" daemon [_thread_blocked, id=144, stack(0x00007fc831900000,0x00007fc831a00000)]
=>0x00007fc84c0b2210 JavaThread "JVMCI-native CompilerThread0" daemon [_thread_in_vm, id=145, stack(0x00007fc831700000,0x00007fc831900000)]
  0x00007fc84c0b3720 JavaThread "C1 CompilerThread0" daemon [_thread_blocked, id=146, stack(0x00007fc831500000,0x00007fc831700000)]
  0x00007fc84c0b4b70 JavaThread "Sweeper thread" daemon [_thread_blocked, id=147, stack(0x00007fc831400000,0x00007fc831500000)]
  0x00007fc84c0e8400 JavaThread "Common-Cleaner" daemon [_thread_blocked, id=148, stack(0x00007fc831300000,0x00007fc831400000)]
  0x00007fc84c12fe50 JavaThread "Notification Thread" daemon [_thread_blocked, id=149, stack(0x00007fc831200000,0x00007fc831300000)]
  0x00007fc84c31bce0 JavaThread "Active Thread: Equinox Container: f3facaf4-ebc9-407b-8394-147a5b256676" [_thread_blocked, id=196, stack(0x00007fc830e00000,0x00007fc830f00000)]
  0x00007fc84c0d6cc0 JavaThread "Framework Event Dispatcher: Equinox Container: f3facaf4-ebc9-407b-8394-147a5b256676" daemon [_thread_blocked, id=197, stack(0x00007fc830c00000,0x00007fc830d00000)]
  0x00007fc84c341e70 JavaThread "Start Level: Equinox Container: f3facaf4-ebc9-407b-8394-147a5b256676" daemon [_thread_blocked, id=198, stack(0x00007fc830a00000,0x00007fc830b00000)]
  0x00007fc84c5f4030 JavaThread "Refresh Thread: Equinox Container: f3facaf4-ebc9-407b-8394-147a5b256676" daemon [_thread_blocked, id=207, stack(0x00007fc830800000,0x00007fc830900000)]
  0x00007fc7e001a670 JavaThread "SCR Component Actor" daemon [_thread_blocked, id=216, stack(0x00007fc830600000,0x00007fc830700000)]
  0x00007fc7e02d0c90 JavaThread "Worker-JM" [_thread_blocked, id=233, stack(0x00007fc830200000,0x00007fc830300000)]
  0x00007fc7e0334b80 JavaThread "Worker-0" [_thread_blocked, id=235, stack(0x00007fc830000000,0x00007fc830100000)]
  0x00007fc7e049ed40 JavaThread "Java indexing" daemon [_thread_blocked, id=240, stack(0x00007fc7f8700000,0x00007fc7f8800000)]
  0x00007fc7e0600040 JavaThread "Bundle File Closer" daemon [_thread_blocked, id=261, stack(0x00007fc7f8300000,0x00007fc7f8400000)]
  0x00007fc84c3f2f80 JavaThread "pool-3-thread-1" [_thread_blocked, id=262, stack(0x00007fc7f8100000,0x00007fc7f8200000)]
  0x00007fc84c4cb1d0 JavaThread "pool-2-thread-1" [_thread_in_native, id=264, stack(0x00007fc830400000,0x00007fc830500000)]
  0x00007fc7c0001130 JavaThread "Worker-3: Java indexing... " [_thread_blocked, id=272, stack(0x00007fc7f7f00000,0x00007fc7f8000000)]
  0x00007fc7bc000ff0 JavaThread "Worker-4" [_thread_blocked, id=273, stack(0x00007fc7f7d00000,0x00007fc7f7e00000)]

Other Threads:
  0x00007fc84c0a1c10 VMThread "VM Thread" [stack: 0x00007fc850561000,0x00007fc850661000] [id=139] _threads_hazard_ptr=0x00007fc7a8000b70
  0x00007fc84c1317f0 WatcherThread [stack: 0x00007fc831100000,0x00007fc831200000] [id=150]
  0x00007fc84c03df30 GCTaskThread "GC Thread#0" [stack: 0x00007fc85100b000,0x00007fc85110b000] [id=138]

Threads with active compile tasks:
JVMCI-native CompilerThread0  1386603 10982       4       java.lang.AbstractStringBuilder::<init> (63 bytes)

VM state: synchronizing (normal execution)

VM Mutex/Monitor currently owned by a thread:  ([mutex/lock_event])
[0x00007fc84c023840] Threads_lock - owner thread: 0x00007fc84c0a1c10
[0x00007fc84c023ff0] Heap_lock - owner thread: 0x00007fc7c0001130

OutOfMemory and StackOverflow Exception counts:
OutOfMemoryError java_heap_errors=2
LinkageErrors=75

Heap address: 0x00000000e0000000, size: 512 MB, Compressed Oops mode: 32-bit

CDS archive(s) mapped at: [0x0000000800000000-0x0000000800bc8000-0x0000000800bc8000), size 12353536, SharedBaseAddress: 0x0000000800000000, ArchiveRelocationMode: 0.
Compressed class space mapped at: 0x0000000800c00000-0x0000000840c00000, reserved size: 1073741824
Narrow klass base: 0x0000000800000000, Narrow klass shift: 0, Narrow klass range: 0x100000000

GC Precious Log:
 CPUs: 8 total, 1 available
 Memory: 1024M
 Large Page Support: Disabled
 NUMA Support: Disabled
 Compressed Oops: Enabled (32-bit)
 Alignments: Space 512K, Generation 512K, Heap 2M
 Heap Min Capacity: 100M
 Heap Initial Capacity: 100M
 Heap Max Capacity: 512M
 Pre-touch: Disabled
 Parallel Workers: 1

Heap:
 PSYoungGen      total 41984K, used 31231K [0x00000000f5580000, 0x00000000f8e80000, 0x0000000100000000)
  eden space 31232K, 99% used [0x00000000f5580000,0x00000000f73ffff8,0x00000000f7400000)
  from space 10752K, 0% used [0x00000000f8400000,0x00000000f8400000,0x00000000f8e80000)
  to   space 12800K, 0% used [0x00000000f7400000,0x00000000f7400000,0x00000000f8080000)
 ParOldGen       total 349696K, used 349695K [0x00000000e0000000, 0x00000000f5580000, 0x00000000f5580000)
  object space 349696K, 99% used [0x00000000e0000000,0x00000000f557ffb0,0x00000000f5580000)
 Metaspace       used 62657K, committed 63808K, reserved 1114112K
  class space    used 6025K, committed 6464K, reserved 1048576K

Card table byte_map: [0x00007fc85110b000,0x00007fc85120c000] _byte_map_base: 0x00007fc850a0b000

Marking Bits: (ParMarkBitMap*) 0x00007fc85285b4c0
 Begin Bits: [0x00007fc8324b3000, 0x00007fc832cb3000)
 End Bits:   [0x00007fc832cb3000, 0x00007fc8334b3000)

Polling page: 0x00007fc851425000

Metaspace:

Usage:
  Non-class:     55.30 MB used.
      Class:      5.88 MB used.
       Both:     61.19 MB used.

Virtual space:
  Non-class space:       64.00 MB reserved,      56.00 MB ( 88%) committed,  8 nodes.
      Class space:        1.00 GB reserved,       6.31 MB ( <1%) committed,  1 nodes.
             Both:        1.06 GB reserved,      62.31 MB (  6%) committed. 

Chunk freelists:
   Non-Class:  3.62 MB
       Class:  1.73 MB
        Both:  5.35 MB

MaxMetaspaceSize: unlimited
CompressedClassSpaceSize: 1.00 GB
Initial GC threshold: 21.00 MB
Current GC threshold: 103.88 MB
CDS: on
MetaspaceReclaimPolicy: balanced
 - commit_granule_bytes: 65536.
 - commit_granule_words: 8192.
 - virtual_space_node_default_size: 1048576.
 - enlarge_chunks_in_place: 1.
 - new_chunks_are_fully_committed: 0.
 - uncommit_free_chunks: 1.
 - use_allocation_guard: 0.
 - handle_deallocations: 1.


Internal statistics:

num_allocs_failed_limit: 6.
num_arena_births: 532.
num_arena_deaths: 162.
num_vsnodes_births: 9.
num_vsnodes_deaths: 0.
num_space_committed: 995.
num_space_uncommitted: 0.
num_chunks_returned_to_freelist: 227.
num_chunks_taken_from_freelist: 2994.
num_chunk_merges: 87.
num_chunk_splits: 1966.
num_chunks_enlarged: 1229.
num_purges: 4.
num_inconsistent_stats: 0.

CodeHeap 'non-profiled nmethods': size=120036Kb used=2697Kb max_used=2787Kb free=117338Kb
 bounds [0x00007fc83af7a000, 0x00007fc83b23a000, 0x00007fc8424b3000]
CodeHeap 'profiled nmethods': size=120032Kb used=16581Kb max_used=18991Kb free=103450Kb
 bounds [0x00007fc833a42000, 0x00007fc834cd2000, 0x00007fc83af7a000]
CodeHeap 'non-nmethods': size=5692Kb used=1392Kb max_used=1409Kb free=4299Kb
 bounds [0x00007fc8334b3000, 0x00007fc833723000, 0x00007fc833a42000]
 total_blobs=8450 nmethods=7728 adapters=633
 compilation: enabled
              stopped_count=0, restarted_count=0
 full_count=0

JVMCI Events (20 events):
Event: 97.213 Thread 0x00007fc84c0b2210 destroyed JavaVM[1]@0x00007fc7f969e340 for JVMCI runtime 0
Event: 97.213 Thread 0x00007fc84c0b2210 compacted oop handles in JVMCI runtime 0 from 167 to 167
Event: 97.213 Thread 0x00007fc84c0b2210 releasing handles for JVMCI runtime 0: oop handles=167, metadata handles={total=1664, live=957, blocks=52}
Event: 97.213 Thread 0x00007fc84c0b2210 detached from JVMCI runtime 0
Event: 101.638 Thread 0x00007fc84c0b2210 attached to JVMCI runtime 0
Event: 101.640 Thread 0x00007fc84c0b2210 created JavaVM[2]@0x00007fc7f679e340 for JVMCI runtime 0
Event: 101.640 Thread 0x00007fc84c0b2210 initializing JVMCI runtime 0
Event: 101.640 Thread 0x00007fc84c0b2210 done waiting for JavaVM references initialization in JVMCI runtime 0
Event: 101.640 Thread 0x00007fc84c0b2210 initialized JVMCI runtime 0
Event: 103.046 Thread 0x00007fc84c0b2210 detaching from JVMCI runtime 0: releasing idle compiler thread (0 other threads still attached)
Event: 103.046 Thread 0x00007fc84c0b2210 shutting down HotSpotJVMCIRuntime for JVMCI runtime 0
Event: 103.046 Thread 0x00007fc84c0b2210 shut down JVMCI runtime 0
Event: 103.047 Thread 0x00007fc84c0b2210 destroyed JavaVM[2]@0x00007fc7f679e340 for JVMCI runtime 0
Event: 103.047 Thread 0x00007fc84c0b2210 compacted oop handles in JVMCI runtime 0 from 42 to 42
Event: 103.047 Thread 0x00007fc84c0b2210 releasing handles for JVMCI runtime 0: oop handles=42, metadata handles={total=87, live=76, blocks=52}
Event: 103.047 Thread 0x00007fc84c0b2210 detached from JVMCI runtime 0
Event: 1355.739 Thread 0x00007fc84c0b2210 attached to JVMCI runtime 0
Event: 1355.740 Thread 0x00007fc84c0b2210 created JavaVM[3]@0x00007fc7f679e340 for JVMCI runtime 0
Event: 1356.915 Thread 0x00007fc84c0b2210 initializing JVMCI runtime 0
Event: 1356.915 Thread 0x00007fc84c0b2210 done waiting for JavaVM references initialization in JVMCI runtime 0

Compilation events (20 events):
Event: 757.330 Thread 0x00007fc84c0b3720 nmethod 10971 0x00007fc833b42e10 code [0x00007fc833b43020, 0x00007fc833b43ac0]
Event: 977.484 Thread 0x00007fc84c0b3720 10972       3       java.util.concurrent.ThreadPoolExecutor::workerCountOf (5 bytes)
Event: 977.484 Thread 0x00007fc84c0b3720 nmethod 10972 0x00007fc833bc1390 code [0x00007fc833bc1520, 0x00007fc833bc1610]
Event: 1015.761 Thread 0x00007fc84c0b3720 10973  s    3       org.eclipse.jdt.internal.core.search.processing.JobManager::awaitingJobsCount (21 bytes)
Event: 1015.761 Thread 0x00007fc84c0b3720 nmethod 10973 0x00007fc833cdf390 code [0x00007fc833cdf540, 0x00007fc833cdf960]
Event: 1027.757 Thread 0x00007fc84c0b3720 10974       3       org.eclipse.jdt.internal.core.util.Messages::bind (17 bytes)
Event: 1027.758 Thread 0x00007fc84c0b3720 nmethod 10974 0x00007fc834222c10 code [0x00007fc834222e00, 0x00007fc834223670]
Event: 1067.222 Thread 0x00007fc84c0b3720 10975       3       org.eclipse.core.runtime.jobs.Job::setName (6 bytes)
Event: 1068.447 Thread 0x00007fc84c0b3720 nmethod 10975 0x00007fc8345ae190 code [0x00007fc8345ae340, 0x00007fc8345ae560]
Event: 1079.723 Thread 0x00007fc84c0b3720 10977       3       java.util.concurrent.ScheduledThreadPoolExecutor$DelayedWorkQueue::setIndex (16 bytes)
Event: 1079.723 Thread 0x00007fc84c0b3720 nmethod 10977 0x00007fc833c88f10 code [0x00007fc833c890c0, 0x00007fc833c89690]
Event: 1082.319 Thread 0x00007fc84c0b3720 10978       3       org.eclipse.jdt.internal.core.search.indexing.AddJrtToIndex::getJobFamily (22 bytes)
Event: 1083.519 Thread 0x00007fc84c0b3720 nmethod 10978 0x00007fc8346cc010 code [0x00007fc8346cc1e0, 0x00007fc8346cc4b0]
Event: 1090.327 Thread 0x00007fc84c0b3720 10979       1       java.util.concurrent.ThreadPoolExecutor::getQueue (5 bytes)
Event: 1091.536 Thread 0x00007fc84c0b3720 nmethod 10979 0x00007fc83b1a7a10 code [0x00007fc83b1a7ba0, 0x00007fc83b1a7c70]
Event: 1101.715 Thread 0x00007fc84c0b3720 10980       3       java.util.concurrent.locks.AbstractQueuedSynchronizer$ConditionObject::canReacquire (28 bytes)
Event: 1101.715 Thread 0x00007fc84c0b3720 nmethod 10980 0x00007fc8344b7790 code [0x00007fc8344b7940, 0x00007fc8344b7c90]
Event: 1304.252 Thread 0x00007fc84c0b3720 10981       3       java.util.concurrent.ScheduledThreadPoolExecutor$ScheduledFutureTask::getDelay (16 bytes)
Event: 1307.355 Thread 0x00007fc84c0b3720 nmethod 10981 0x00007fc833cf8910 code [0x00007fc833cf8ac0, 0x00007fc833cf8c40]
Event: 1355.739 Thread 0x00007fc84c0b2210 10982       4       java.lang.AbstractStringBuilder::<init> (63 bytes)

GC Heap History (20 events):
Event: 1374.218 GC heap before
{Heap before GC invocations=1143 (full 1004):
 PSYoungGen      total 41984K, used 31231K [0x00000000f5580000, 0x00000000f8e80000, 0x0000000100000000)
  eden space 31232K, 99% used [0x00000000f5580000,0x00000000f73ffff0,0x00000000f7400000)
  from space 10752K, 0% used [0x00000000f8400000,0x00000000f8400000,0x00000000f8e80000)
  to   space 12800K, 0% used [0x00000000f7400000,0x00000000f7400000,0x00000000f8080000)
 ParOldGen       total 349696K, used 349695K [0x00000000e0000000, 0x00000000f5580000, 0x00000000f5580000)
  object space 349696K, 99% used [0x00000000e0000000,0x00000000f557fff0,0x00000000f5580000)
 Metaspace       used 62657K, committed 63808K, reserved 1114112K
  class space    used 6025K, committed 6464K, reserved 1048576K
}
Event: 1375.510 GC heap after
{Heap after GC invocations=1143 (full 1004):
 PSYoungGen      total 44032K, used 31231K [0x00000000f5580000, 0x00000000f8e80000, 0x0000000100000000)
  eden space 31232K, 99% used [0x00000000f5580000,0x00000000f73ffff0,0x00000000f7400000)
  from space 12800K, 0% used [0x00000000f7400000,0x00000000f7400000,0x00000000f8080000)
  to   space 10752K, 0% used [0x00000000f8400000,0x00000000f8400000,0x00000000f8e80000)
 ParOldGen       total 349696K, used 349694K [0x00000000e0000000, 0x00000000f5580000, 0x00000000f5580000)
  object space 349696K, 99% used [0x00000000e0000000,0x00000000f557fa50,0x00000000f5580000)
 Metaspace       used 62657K, committed 63808K, reserved 1114112K
  class space    used 6025K, committed 6464K, reserved 1048576K
}
Event: 1375.510 GC heap before
{Heap before GC invocations=1144 (full 1005):
 PSYoungGen      total 44032K, used 31232K [0x00000000f5580000, 0x00000000f8e80000, 0x0000000100000000)
  eden space 31232K, 100% used [0x00000000f5580000,0x00000000f7400000,0x00000000f7400000)
  from space 12800K, 0% used [0x00000000f7400000,0x00000000f7400000,0x00000000f8080000)
  to   space 10752K, 0% used [0x00000000f8400000,0x00000000f8400000,0x00000000f8e80000)
 ParOldGen       total 349696K, used 349696K [0x00000000e0000000, 0x00000000f5580000, 0x00000000f5580000)
  object space 349696K, 100% used [0x00000000e0000000,0x00000000f5580000,0x00000000f5580000)
 Metaspace       used 62657K, committed 63808K, reserved 1114112K
  class space    used 6025K, committed 6464K, reserved 1048576K
}
Event: 1376.648 GC heap after
{Heap after GC invocations=1144 (full 1005):
 PSYoungGen      total 41984K, used 31231K [0x00000000f5580000, 0x00000000f8e80000, 0x0000000100000000)
  eden space 31232K, 99% used [0x00000000f5580000,0x00000000f73ffdb0,0x00000000f7400000)
  from space 10752K, 0% used [0x00000000f8400000,0x00000000f8400000,0x00000000f8e80000)
  to   space 12800K, 0% used [0x00000000f7400000,0x00000000f7400000,0x00000000f8080000)
 ParOldGen       total 349696K, used 349694K [0x00000000e0000000, 0x00000000f5580000, 0x00000000f5580000)
  object space 349696K, 99% used [0x00000000e0000000,0x00000000f557fa90,0x00000000f5580000)
 Metaspace       used 62657K, committed 63808K, reserved 1114112K
  class space    used 6025K, committed 6464K, reserved 1048576K
}
Event: 1376.648 GC heap before
{Heap before GC invocations=1145 (full 1006):
 PSYoungGen      total 41984K, used 31232K [0x00000000f5580000, 0x00000000f8e80000, 0x0000000100000000)
  eden space 31232K, 100% used [0x00000000f5580000,0x00000000f7400000,0x00000000f7400000)
  from space 10752K, 0% used [0x00000000f8400000,0x00000000f8400000,0x00000000f8e80000)
  to   space 12800K, 0% used [0x00000000f7400000,0x00000000f7400000,0x00000000f8080000)
 ParOldGen       total 349696K, used 349694K [0x00000000e0000000, 0x00000000f5580000, 0x00000000f5580000)
  object space 349696K, 99% used [0x00000000e0000000,0x00000000f557fa90,0x00000000f5580000)
 Metaspace       used 62657K, committed 63808K, reserved 1114112K
  class space    used 6025K, committed 6464K, reserved 1048576K
}
Event: 1377.814 GC heap after
{Heap after GC invocations=1145 (full 1006):
 PSYoungGen      total 44032K, used 31231K [0x00000000f5580000, 0x00000000f8e80000, 0x0000000100000000)
  eden space 31232K, 99% used [0x00000000f5580000,0x00000000f73fff20,0x00000000f7400000)
  from space 12800K, 0% used [0x00000000f7400000,0x00000000f7400000,0x00000000f8080000)
  to   space 10752K, 0% used [0x00000000f8400000,0x00000000f8400000,0x00000000f8e80000)
 ParOldGen       total 349696K, used 349694K [0x00000000e0000000, 0x00000000f5580000, 0x00000000f5580000)
  object space 349696K, 99% used [0x00000000e0000000,0x00000000f557fa90,0x00000000f5580000)
 Metaspace       used 62657K, committed 63808K, reserved 1114112K
  class space    used 6025K, committed 6464K, reserved 1048576K
}
Event: 1377.815 GC heap before
{Heap before GC invocations=1146 (full 1007):
 PSYoungGen      total 44032K, used 31231K [0x00000000f5580000, 0x00000000f8e80000, 0x0000000100000000)
  eden space 31232K, 99% used [0x00000000f5580000,0x00000000f73ffff8,0x00000000f7400000)
  from space 12800K, 0% used [0x00000000f7400000,0x00000000f7400000,0x00000000f8080000)
  to   space 10752K, 0% used [0x00000000f8400000,0x00000000f8400000,0x00000000f8e80000)
 ParOldGen       total 349696K, used 349694K [0x00000000e0000000, 0x00000000f5580000, 0x00000000f5580000)
  object space 349696K, 99% used [0x00000000e0000000,0x00000000f557fa90,0x00000000f5580000)
 Metaspace       used 62657K, committed 63808K, reserved 1114112K
  class space    used 6025K, committed 6464K, reserved 1048576K
}
Event: 1378.934 GC heap after
{Heap after GC invocations=1146 (full 1007):
 PSYoungGen      total 41984K, used 31231K [0x00000000f5580000, 0x00000000f8e80000, 0x0000000100000000)
  eden space 31232K, 99% used [0x00000000f5580000,0x00000000f73ffff8,0x00000000f7400000)
  from space 10752K, 0% used [0x00000000f8400000,0x00000000f8400000,0x00000000f8e80000)
  to   space 12800K, 0% used [0x00000000f7400000,0x00000000f7400000,0x00000000f8080000)
 ParOldGen       total 349696K, used 349694K [0x00000000e0000000, 0x00000000f5580000, 0x00000000f5580000)
  object space 349696K, 99% used [0x00000000e0000000,0x00000000f557fa90,0x00000000f5580000)
 Metaspace       used 62657K, committed 63808K, reserved 1114112K
  class space    used 6025K, committed 6464K, reserved 1048576K
}
Event: 1378.934 GC heap before
{Heap before GC invocations=1147 (full 1008):
 PSYoungGen      total 41984K, used 31231K [0x00000000f5580000, 0x00000000f8e80000, 0x0000000100000000)
  eden space 31232K, 99% used [0x00000000f5580000,0x00000000f73ffff8,0x00000000f7400000)
  from space 10752K, 0% used [0x00000000f8400000,0x00000000f8400000,0x00000000f8e80000)
  to   space 12800K, 0% used [0x00000000f7400000,0x00000000f7400000,0x00000000f8080000)
 ParOldGen       total 349696K, used 349695K [0x00000000e0000000, 0x00000000f5580000, 0x00000000f5580000)
  object space 349696K, 99% used [0x00000000e0000000,0x00000000f557fff8,0x00000000f5580000)
 Metaspace       used 62657K, committed 63808K, reserved 1114112K
  class space    used 6025K, committed 6464K, reserved 1048576K
}
Event: 1380.148 GC heap after
{Heap after GC invocations=1147 (full 1008):
 PSYoungGen      total 44032K, used 31231K [0x00000000f5580000, 0x00000000f8e80000, 0x0000000100000000)
  eden space 31232K, 99% used [0x00000000f5580000,0x00000000f73fff10,0x00000000f7400000)
  from space 12800K, 0% used [0x00000000f7400000,0x00000000f7400000,0x00000000f8080000)
  to   space 10752K, 0% used [0x00000000f8400000,0x00000000f8400000,0x00000000f8e80000)
 ParOldGen       total 349696K, used 349694K [0x00000000e0000000, 0x00000000f5580000, 0x00000000f5580000)
  object space 349696K, 99% used [0x00000000e0000000,0x00000000f557fb50,0x00000000f5580000)
 Metaspace       used 62657K, committed 63808K, reserved 1114112K
  class space    used 6025K, committed 6464K, reserved 1048576K
}
Event: 1380.148 GC heap before
{Heap before GC invocations=1148 (full 1009):
 PSYoungGen      total 44032K, used 31231K [0x00000000f5580000, 0x00000000f8e80000, 0x0000000100000000)
  eden space 31232K, 99% used [0x00000000f5580000,0x00000000f73fff98,0x00000000f7400000)
  from space 12800K, 0% used [0x00000000f7400000,0x00000000f7400000,0x00000000f8080000)
  to   space 10752K, 0% used [0x00000000f8400000,0x00000000f8400000,0x00000000f8e80000)
 ParOldGen       total 349696K, used 349694K [0x00000000e0000000, 0x00000000f5580000, 0x00000000f5580000)
  object space 349696K, 99% used [0x00000000e0000000,0x00000000f557fb50,0x00000000f5580000)
 Metaspace       used 62657K, committed 63808K, reserved 1114112K
  class space    used 6025K, committed 6464K, reserved 1048576K
}
Event: 1381.460 GC heap after
{Heap after GC invocations=1148 (full 1009):
 PSYoungGen      total 41984K, used 31231K [0x00000000f5580000, 0x00000000f8e80000, 0x0000000100000000)
  eden space 31232K, 99% used [0x00000000f5580000,0x00000000f73fff60,0x00000000f7400000)
  from space 10752K, 0% used [0x00000000f8400000,0x00000000f8400000,0x00000000f8e80000)
  to   space 12800K, 0% used [0x00000000f7400000,0x00000000f7400000,0x00000000f8080000)
 ParOldGen       total 349696K, used 349694K [0x00000000e0000000, 0x00000000f5580000, 0x00000000f5580000)
  object space 349696K, 99% used [0x00000000e0000000,0x00000000f557fac0,0x00000000f5580000)
 Metaspace       used 62657K, committed 63808K, reserved 1114112K
  class space    used 6025K, committed 6464K, reserved 1048576K
}
Event: 1381.461 GC heap before
{Heap before GC invocations=1149 (full 1010):
 PSYoungGen      total 41984K, used 31232K [0x00000000f5580000, 0x00000000f8e80000, 0x0000000100000000)
  eden space 31232K, 100% used [0x00000000f5580000,0x00000000f7400000,0x00000000f7400000)
  from space 10752K, 0% used [0x00000000f8400000,0x00000000f8400000,0x00000000f8e80000)
  to   space 12800K, 0% used [0x00000000f7400000,0x00000000f7400000,0x00000000f8080000)
 ParOldGen       total 349696K, used 349694K [0x00000000e0000000, 0x00000000f5580000, 0x00000000f5580000)
  object space 349696K, 99% used [0x00000000e0000000,0x00000000f557fac0,0x00000000f5580000)
 Metaspace       used 62657K, committed 63808K, reserved 1114112K
  class space    used 6025K, committed 6464K, reserved 1048576K
}
Event: 1382.743 GC heap after
{Heap after GC invocations=1149 (full 1010):
 PSYoungGen      total 44032K, used 31231K [0x00000000f5580000, 0x00000000f8e80000, 0x0000000100000000)
  eden space 31232K, 99% used [0x00000000f5580000,0x00000000f73fff58,0x00000000f7400000)
  from space 12800K, 0% used [0x00000000f7400000,0x00000000f7400000,0x00000000f8080000)
  to   space 10752K, 0% used [0x00000000f8400000,0x00000000f8400000,0x00000000f8e80000)
 ParOldGen       total 349696K, used 349694K [0x00000000e0000000, 0x00000000f5580000, 0x00000000f5580000)
  object space 349696K, 99% used [0x00000000e0000000,0x00000000f557fa20,0x00000000f5580000)
 Metaspace       used 62657K, committed 63808K, reserved 1114112K
  class space    used 6025K, committed 6464K, reserved 1048576K
}
Event: 1382.744 GC heap before
{Heap before GC invocations=1150 (full 1011):
 PSYoungGen      total 44032K, used 31231K [0x00000000f5580000, 0x00000000f8e80000, 0x0000000100000000)
  eden space 31232K, 99% used [0x00000000f5580000,0x00000000f73fffe0,0x00000000f7400000)
  from space 12800K, 0% used [0x00000000f7400000,0x00000000f7400000,0x00000000f8080000)
  to   space 10752K, 0% used [0x00000000f8400000,0x00000000f8400000,0x00000000f8e80000)
 ParOldGen       total 349696K, used 349694K [0x00000000e0000000, 0x00000000f5580000, 0x00000000f5580000)
  object space 349696K, 99% used [0x00000000e0000000,0x00000000f557fa20,0x00000000f5580000)
 Metaspace       used 62657K, committed 63808K, reserved 1114112K
  class space    used 6025K, committed 6464K, reserved 1048576K
}
Event: 1384.103 GC heap after
{Heap after GC invocations=1150 (full 1011):
 PSYoungGen      total 41984K, used 31231K [0x00000000f5580000, 0x00000000f8e80000, 0x0000000100000000)
  eden space 31232K, 99% used [0x00000000f5580000,0x00000000f73fffe0,0x00000000f7400000)
  from space 10752K, 0% used [0x00000000f8400000,0x00000000f8400000,0x00000000f8e80000)
  to   space 12800K, 0% used [0x00000000f7400000,0x00000000f7400000,0x00000000f8080000)
 ParOldGen       total 349696K, used 349694K [0x00000000e0000000, 0x00000000f5580000, 0x00000000f5580000)
  object space 349696K, 99% used [0x00000000e0000000,0x00000000f557fa20,0x00000000f5580000)
 Metaspace       used 62657K, committed 63808K, reserved 1114112K
  class space    used 6025K, committed 6464K, reserved 1048576K
}
Event: 1384.104 GC heap before
{Heap before GC invocations=1151 (full 1012):
 PSYoungGen      total 41984K, used 31231K [0x00000000f5580000, 0x00000000f8e80000, 0x0000000100000000)
  eden space 31232K, 99% used [0x00000000f5580000,0x00000000f73ffff8,0x00000000f7400000)
  from space 10752K, 0% used [0x00000000f8400000,0x00000000f8400000,0x00000000f8e80000)
  to   space 12800K, 0% used [0x00000000f7400000,0x00000000f7400000,0x00000000f8080000)
 ParOldGen       total 349696K, used 349695K [0x00000000e0000000, 0x00000000f5580000, 0x00000000f5580000)
  object space 349696K, 99% used [0x00000000e0000000,0x00000000f557fc98,0x00000000f5580000)
 Metaspace       used 62657K, committed 63808K, reserved 1114112K
  class space    used 6025K, committed 6464K, reserved 1048576K
}
Event: 1385.332 GC heap after
{Heap after GC invocations=1151 (full 1012):
 PSYoungGen      total 44032K, used 31231K [0x00000000f5580000, 0x00000000f8e80000, 0x0000000100000000)
  eden space 31232K, 99% used [0x00000000f5580000,0x00000000f73ffff8,0x00000000f7400000)
  from space 12800K, 0% used [0x00000000f7400000,0x00000000f7400000,0x00000000f8080000)
  to   space 10752K, 0% used [0x00000000f8400000,0x00000000f8400000,0x00000000f8e80000)
 ParOldGen       total 349696K, used 349694K [0x00000000e0000000, 0x00000000f5580000, 0x00000000f5580000)
  object space 349696K, 99% used [0x00000000e0000000,0x00000000f557fac8,0x00000000f5580000)
 Metaspace       used 62657K, committed 63808K, reserved 1114112K
  class space    used 6025K, committed 6464K, reserved 1048576K
}
Event: 1385.332 GC heap before
{Heap before GC invocations=1152 (full 1013):
 PSYoungGen      total 44032K, used 31231K [0x00000000f5580000, 0x00000000f8e80000, 0x0000000100000000)
  eden space 31232K, 99% used [0x00000000f5580000,0x00000000f73ffff8,0x00000000f7400000)
  from space 12800K, 0% used [0x00000000f7400000,0x00000000f7400000,0x00000000f8080000)
  to   space 10752K, 0% used [0x00000000f8400000,0x00000000f8400000,0x00000000f8e80000)
 ParOldGen       total 349696K, used 349694K [0x00000000e0000000, 0x00000000f5580000, 0x00000000f5580000)
  object space 349696K, 99% used [0x00000000e0000000,0x00000000f557fac8,0x00000000f5580000)
 Metaspace       used 62657K, committed 63808K, reserved 1114112K
  class space    used 6025K, committed 6464K, reserved 1048576K
}
Event: 1386.513 GC heap after
{Heap after GC invocations=1152 (full 1013):
 PSYoungGen      total 41984K, used 31231K [0x00000000f5580000, 0x00000000f8e80000, 0x0000000100000000)
  eden space 31232K, 99% used [0x00000000f5580000,0x00000000f73ffff8,0x00000000f7400000)
  from space 10752K, 0% used [0x00000000f8400000,0x00000000f8400000,0x00000000f8e80000)
  to   space 12800K, 0% used [0x00000000f7400000,0x00000000f7400000,0x00000000f8080000)
 ParOldGen       total 349696K, used 349694K [0x00000000e0000000, 0x00000000f5580000, 0x00000000f5580000)
  object space 349696K, 99% used [0x00000000e0000000,0x00000000f557fac8,0x00000000f5580000)
 Metaspace       used 62657K, committed 63808K, reserved 1114112K
  class space    used 6025K, committed 6464K, reserved 1048576K
}

Dll operation events (9 events):
Event: 0.002 Loaded shared library /nix/store/gpxl5qgg8kicmcvivwmybwjlpf7wh20l-graalvm17-ce-22.3.0/lib/libjava.so
Event: 0.016 Loaded shared library /nix/store/gpxl5qgg8kicmcvivwmybwjlpf7wh20l-graalvm17-ce-22.3.0/lib/libjsvml.so
Event: 0.174 Loaded shared library /nix/store/gpxl5qgg8kicmcvivwmybwjlpf7wh20l-graalvm17-ce-22.3.0/lib/libnio.so
Event: 0.204 Loaded shared library /nix/store/gpxl5qgg8kicmcvivwmybwjlpf7wh20l-graalvm17-ce-22.3.0/lib/libjvmcicompiler.so
Event: 0.238 Loaded shared library /nix/store/gpxl5qgg8kicmcvivwmybwjlpf7wh20l-graalvm17-ce-22.3.0/lib/libzip.so
Event: 0.658 Loaded shared library /nix/store/gpxl5qgg8kicmcvivwmybwjlpf7wh20l-graalvm17-ce-22.3.0/lib/libjimage.so
Event: 1.323 Loaded shared library /nix/store/gpxl5qgg8kicmcvivwmybwjlpf7wh20l-graalvm17-ce-22.3.0/lib/libnet.so
Event: 8.313 Loaded shared library /home/runner/.cache/jdt-language-server/config/org.eclipse.equinox.launcher/org.eclipse.equinox.launcher.gtk.linux.x86_64_1.2.400.v20211117-0650/eclipse_11600.so
Event: 20.809 Loaded shared library /nix/store/gpxl5qgg8kicmcvivwmybwjlpf7wh20l-graalvm17-ce-22.3.0/lib/libextnet.so

Deoptimization events (20 events):
Event: 94.518 Thread 0x00007fc7e049ed40 DEOPT PACKING pc=0x00007fc834b6c775 sp=0x00007fc7f87fe530
Event: 94.518 Thread 0x00007fc7e049ed40 DEOPT UNPACKING pc=0x00007fc833505325 sp=0x00007fc7f87fda20 mode 0
Event: 94.520 Thread 0x00007fc7e049ed40 DEOPT PACKING pc=0x00007fc834b6c704 sp=0x00007fc7f87fe530
Event: 94.520 Thread 0x00007fc7e049ed40 DEOPT UNPACKING pc=0x00007fc833505325 sp=0x00007fc7f87fda20 mode 0
Event: 94.527 Thread 0x00007fc7e049ed40 DEOPT PACKING pc=0x00007fc834b6c775 sp=0x00007fc7f87fe530
Event: 94.527 Thread 0x00007fc7e049ed40 DEOPT UNPACKING pc=0x00007fc833505325 sp=0x00007fc7f87fda20 mode 0
Event: 94.531 Thread 0x00007fc7e049ed40 DEOPT PACKING pc=0x00007fc834b6c775 sp=0x00007fc7f87fe530
Event: 94.531 Thread 0x00007fc7e049ed40 DEOPT UNPACKING pc=0x00007fc833505325 sp=0x00007fc7f87fda20 mode 0
Event: 232.760 Thread 0x00007fc84c4cb1d0 Uncommon trap: trap_request=0xffffffed fr.pc=0x00007fc83b0ac9f5 relative=0x0000000000000155
Event: 232.760 Thread 0x00007fc84c4cb1d0 Uncommon trap: reason=null_assert_or_unreached0 action=reinterpret pc=0x00007fc83b0ac9f5 method=java.lang.Class.reflectionData()Ljava/lang/Class$ReflectionData; @ 9 jvmci
Event: 232.760 Thread 0x00007fc84c4cb1d0 DEOPT PACKING pc=0x00007fc83b0ac9f5 sp=0x00007fc8304fc5d0
Event: 232.760 Thread 0x00007fc84c4cb1d0 DEOPT UNPACKING pc=0x00007fc833505325 sp=0x00007fc8304fba50 mode 3
Event: 381.639 Thread 0x00007fc7ac007420 Uncommon trap: trap_request=0xffffffed fr.pc=0x00007fc83b15a25b relative=0x000000000000005b
Event: 381.639 Thread 0x00007fc7ac007420 Uncommon trap: reason=null_assert_or_unreached0 action=reinterpret pc=0x00007fc83b15a25b method=java.lang.Thread.interrupted()Z @ 8 jvmci
Event: 381.639 Thread 0x00007fc7ac007420 DEOPT PACKING pc=0x00007fc83b15a25b sp=0x00007fc7f77fe650
Event: 381.639 Thread 0x00007fc7ac007420 DEOPT UNPACKING pc=0x00007fc833505325 sp=0x00007fc7f77fdae0 mode 3
Event: 1374.218 Thread 0x00007fc7e049ed40 Uncommon trap: trap_request=0xffffff8f fr.pc=0x00007fc83b205989 relative=0x0000000000001049
Event: 1374.218 Thread 0x00007fc7e049ed40 Uncommon trap: reason=constraint action=none pc=0x00007fc83b205989 method=org.eclipse.jdt.internal.core.index.DiskIndex.copyQueryResults(Lorg/eclipse/jdt/internal/compiler/util/HashtableOfObject;I)V @ 123 jvmci
Event: 1375.510 Thread 0x00007fc7e049ed40 DEOPT PACKING pc=0x00007fc83b205989 sp=0x00007fc7f87fe550
Event: 1375.510 Thread 0x00007fc7e049ed40 DEOPT UNPACKING pc=0x00007fc833505325 sp=0x00007fc7f87fda28 mode 3

Classes unloaded (20 events):
Event: 100.678 Thread 0x00007fc84c0a1c10 Unloading class 0x0000000800ee0000 'jdk/internal/reflect/GeneratedConstructorAccessor8'
Event: 100.678 Thread 0x00007fc84c0a1c10 Unloading class 0x0000000800d99000 'java/lang/invoke/LambdaForm$MH+0x0000000800d99000'
Event: 100.678 Thread 0x00007fc84c0a1c10 Unloading class 0x0000000800d98c00 'java/lang/invoke/LambdaForm$MH+0x0000000800d98c00'
Event: 100.678 Thread 0x00007fc84c0a1c10 Unloading class 0x0000000800d98800 'java/lang/invoke/LambdaForm$MH+0x0000000800d98800'
Event: 100.678 Thread 0x00007fc84c0a1c10 Unloading class 0x0000000800d98400 'java/lang/invoke/LambdaForm$MH+0x0000000800d98400'
Event: 100.678 Thread 0x00007fc84c0a1c10 Unloading class 0x0000000800d98000 'jdk/internal/reflect/GeneratedConstructorAccessor3'
Event: 100.678 Thread 0x00007fc84c0a1c10 Unloading class 0x0000000800d06800 'java/lang/invoke/LambdaForm$MH+0x0000000800d06800'
Event: 100.678 Thread 0x00007fc84c0a1c10 Unloading class 0x0000000800d06000 'java/lang/invoke/LambdaForm$MH+0x0000000800d06000'
Event: 100.678 Thread 0x00007fc84c0a1c10 Unloading class 0x0000000800d05c00 'java/lang/invoke/LambdaForm$MH+0x0000000800d05c00'
Event: 100.678 Thread 0x00007fc84c0a1c10 Unloading class 0x0000000800d05800 'java/lang/invoke/LambdaForm$MH+0x0000000800d05800'
Event: 100.678 Thread 0x00007fc84c0a1c10 Unloading class 0x0000000800d05000 'java/lang/invoke/LambdaForm$MH+0x0000000800d05000'
Event: 100.678 Thread 0x00007fc84c0a1c10 Unloading class 0x0000000800d04c00 'java/lang/invoke/LambdaForm$MH+0x0000000800d04c00'
Event: 100.678 Thread 0x00007fc84c0a1c10 Unloading class 0x0000000800d04800 'java/lang/invoke/LambdaForm$MH+0x0000000800d04800'
Event: 100.678 Thread 0x00007fc84c0a1c10 Unloading class 0x0000000800d04000 'java/lang/invoke/LambdaForm$MH+0x0000000800d04000'
Event: 100.678 Thread 0x00007fc84c0a1c10 Unloading class 0x0000000800c1d000 'jdk/internal/reflect/GeneratedMethodAccessor5'
Event: 100.678 Thread 0x00007fc84c0a1c10 Unloading class 0x0000000800c1cc00 'jdk/internal/reflect/GeneratedMethodAccessor4'
Event: 100.678 Thread 0x00007fc84c0a1c10 Unloading class 0x0000000800c1c800 'jdk/internal/reflect/GeneratedMethodAccessor3'
Event: 100.678 Thread 0x00007fc84c0a1c10 Unloading class 0x0000000800c1c400 'jdk/internal/reflect/GeneratedMethodAccessor2'
Event: 100.678 Thread 0x00007fc84c0a1c10 Unloading class 0x0000000800c1c000 'jdk/internal/reflect/GeneratedMethodAccessor1'
Event: 100.678 Thread 0x00007fc84c0a1c10 Unloading class 0x0000000800c01c00 'java/lang/invoke/LambdaForm$DMH+0x0000000800c01c00'

Classes redefined (0 events):
No events

Internal exceptions (20 events):
Event: 52.728 Thread 0x00007fc7e0334b80 Exception <a 'java/lang/NoSuchMethodError'{0x00000000f55f7660}: 'java.lang.Object java.lang.invoke.DirectMethodHandle$Holder.newInvokeSpecial(java.lang.Object, java.lang.Object, java.lang.Object, int, java.lang.Object)'> (0x00000000f55f7660) 
thrown [src/hotspot/share/interpreter/linkResolver.cpp, line 758]
Event: 52.730 Thread 0x00007fc7e0334b80 Exception <a 'java/lang/NoSuchMethodError'{0x00000000f5627e48}: 'java.lang.Object java.lang.invoke.DirectMethodHandle$Holder.invokeSpecial(java.lang.Object, java.lang.Object, java.lang.Object, java.lang.Object, int, java.lang.Object)'> (0x00000000f5627e48) 
thrown [src/hotspot/share/interpreter/linkResolver.cpp, line 758]
Event: 52.730 Thread 0x00007fc7e0334b80 Exception <a 'java/lang/NoSuchMethodError'{0x00000000f562b930}: 'java.lang.Object java.lang.invoke.Invokers$Holder.linkToTargetMethod(java.lang.Object, java.lang.Object, int, java.lang.Object, java.lang.Object)'> (0x00000000f562b930) 
thrown [src/hotspot/share/interpreter/linkResolver.cpp, line 758]
Event: 52.926 Thread 0x00007fc7bc000ff0 Implicit null exception at 0x00007fc83afac555 to 0x00007fc83afac865
Event: 53.224 Thread 0x00007fc7bc000ff0 Implicit null exception at 0x00007fc83afa0a22 to 0x00007fc83afa0db2
Event: 55.206 Thread 0x00007fc7bc000ff0 Implicit null exception at 0x00007fc83b0bbc35 to 0x00007fc83b0bc27d
Event: 63.740 Thread 0x00007fc84c4cb1d0 Implicit null exception at 0x00007fc83b19074f to 0x00007fc83b190db2
Event: 73.628 Thread 0x00007fc7dc0e36a0 Exception <a 'java/lang/NoSuchMethodError'{0x00000000f594d6c8}: 'java.lang.Object java.lang.invoke.DirectMethodHandle$Holder.invokeStatic(java.lang.Object, int, java.lang.Object, java.lang.Object, java.lang.Object, java.lang.Object)'> (0x00000000f594d6c8) 
thrown [src/hotspot/share/interpreter/linkResolver.cpp, line 758]
Event: 73.634 Thread 0x00007fc7dc0f1620 Exception <a 'java/lang/NoSuchMethodError'{0x00000000f5949ae0}: 'java.lang.Object java.lang.invoke.DirectMethodHandle$Holder.invokeStatic(java.lang.Object, int, java.lang.Object, java.lang.Object, java.lang.Object, java.lang.Object)'> (0x00000000f5949ae0) 
thrown [src/hotspot/share/interpreter/linkResolver.cpp, line 758]
Event: 73.705 Thread 0x00007fc7dc0f02b0 Exception <a 'java/lang/NoSuchMethodError'{0x00000000f5b4c120}: 'java.lang.Object java.lang.invoke.DirectMethodHandle$Holder.newInvokeSpecial(java.lang.Object, java.lang.Object, int, java.lang.Object, java.lang.Object, java.lang.Object, java.lang.Object)'> (0x00000000f5b4c120) 
thrown [src/hotspot/share/interpreter/linkResolver.cpp, line 758]
Event: 73.709 Thread 0x00007fc7dc0e36a0 Exception <a 'java/lang/NoSuchMethodError'{0x00000000f5cf4530}: 'java.lang.Object java.lang.invoke.DirectMethodHandle$Holder.newInvokeSpecial(java.lang.Object, int, java.lang.Object, java.lang.Object, java.lang.Object)'> (0x00000000f5cf4530) 
thrown [src/hotspot/share/interpreter/linkResolver.cpp, line 758]
Event: 73.709 Thread 0x00007fc7dc0f1620 Exception <a 'java/lang/NoSuchMethodError'{0x00000000f5cf6c10}: 'java.lang.Object java.lang.invoke.DirectMethodHandle$Holder.newInvokeSpecial(java.lang.Object, int, java.lang.Object, java.lang.Object, java.lang.Object)'> (0x00000000f5cf6c10) 
thrown [src/hotspot/share/interpreter/linkResolver.cpp, line 758]
Event: 73.716 Thread 0x00007fc7dc0e36a0 Exception <a 'java/lang/NoSuchMethodError'{0x00000000f5d3a540}: 'java.lang.Object java.lang.invoke.Invokers$Holder.linkToTargetMethod(int, java.lang.Object, java.lang.Object, java.lang.Object, java.lang.Object)'> (0x00000000f5d3a540) 
thrown [src/hotspot/share/interpreter/linkResolver.cpp, line 758]
Event: 73.904 Thread 0x00007fc7dc0e4ea0 Exception <a 'java/lang/NoSuchMethodError'{0x00000000f578ca10}: 'void java.lang.invoke.DirectMethodHandle$Holder.invokeSpecial(java.lang.Object, java.lang.Object, int)'> (0x00000000f578ca10) 
thrown [src/hotspot/share/interpreter/linkResolver.cpp, line 758]
Event: 74.519 Thread 0x00007fc7dc0e4300 Exception <a 'java/lang/NoSuchMethodError'{0x00000000f629dd58}: 'int java.lang.invoke.DirectMethodHandle$Holder.invokeStatic(java.lang.Object, int, int, java.lang.Object)'> (0x00000000f629dd58) 
thrown [src/hotspot/share/interpreter/linkResolver.cpp, line 758]
Event: 76.530 Thread 0x00007fc7dc0f1620 Exception <a 'java/lang/NoSuchMethodError'{0x00000000f5a4f720}: 'int java.lang.invoke.DirectMethodHandle$Holder.invokeSpecialIFC(java.lang.Object, java.lang.Object, java.lang.Object, java.lang.Object)'> (0x00000000f5a4f720) 
thrown [src/hotspot/share/interpreter/linkResolver.cpp, line 758]
Event: 232.760 Thread 0x00007fc84c4cb1d0 Implicit null exception at 0x00007fc83b0ac927 to 0x00007fc83b0ac9da
Event: 1373.035 Thread 0x00007fc7e049ed40 Exception <a 'java/lang/OutOfMemoryError'{0x00000000e0010c48}> (0x00000000e0010c48) 
thrown [src/hotspot/share/gc/shared/memAllocator.cpp, line 138]
Event: 1374.218 Thread 0x00007fc7e049ed40 Implicit null exception at 0x00007fc83b2053d3 to 0x00007fc83b20596e
Event: 1386.513 Thread 0x00007fc84c0b2210 Exception <a 'java/lang/OutOfMemoryError'{0x00000000e0010108}> (0x00000000e0010108) 
thrown [src/hotspot/share/gc/shared/memAllocator.cpp, line 136]

VM Operations (20 events):
Event: 1374.218 Executing VM operation: ParallelGCFailedAllocation done
Event: 1374.218 Executing VM operation: ParallelGCFailedAllocation
Event: 1375.510 Executing VM operation: ParallelGCFailedAllocation done
Event: 1375.510 Executing VM operation: ParallelGCFailedAllocation
Event: 1376.648 Executing VM operation: ParallelGCFailedAllocation done
Event: 1376.648 Executing VM operation: ParallelGCFailedAllocation
Event: 1377.814 Executing VM operation: ParallelGCFailedAllocation done
Event: 1377.815 Executing VM operation: ParallelGCFailedAllocation
Event: 1378.934 Executing VM operation: ParallelGCFailedAllocation done
Event: 1378.934 Executing VM operation: ParallelGCFailedAllocation
Event: 1380.148 Executing VM operation: ParallelGCFailedAllocation done
Event: 1380.148 Executing VM operation: ParallelGCFailedAllocation
Event: 1381.461 Executing VM operation: ParallelGCFailedAllocation done
Event: 1381.461 Executing VM operation: ParallelGCFailedAllocation
Event: 1382.743 Executing VM operation: ParallelGCFailedAllocation done
Event: 1382.744 Executing VM operation: ParallelGCFailedAllocation
Event: 1384.103 Executing VM operation: ParallelGCFailedAllocation done
Event: 1384.103 Executing VM operation: ParallelGCFailedAllocation
Event: 1386.513 Executing VM operation: ParallelGCFailedAllocation done
Event: 1386.514 Executing VM operation: ParallelGCFailedAllocation

Events (20 events):
Event: 90.625 Thread 0x00007fc84c0b4b70 flushing nmethod 0x00007fc834b86c90
Event: 90.625 Thread 0x00007fc84c0b4b70 flushing nmethod 0x00007fc834bcb890
Event: 90.625 Thread 0x00007fc84c0b4b70 flushing nmethod 0x00007fc834be4590
Event: 90.625 Thread 0x00007fc84c0b4b70 flushing nmethod 0x00007fc834bf7b90
Event: 90.625 Thread 0x00007fc84c0b4b70 flushing nmethod 0x00007fc834bff510
Event: 90.626 Thread 0x00007fc84c0b4b70 flushing nmethod 0x00007fc834c64910
Event: 90.626 Thread 0x00007fc84c0b4b70 flushing nmethod 0x00007fc834c6bd10
Event: 90.626 Thread 0x00007fc84c0b4b70 flushing nmethod 0x00007fc834c78910
Event: 90.626 Thread 0x00007fc84c0b4b70 flushing nmethod 0x00007fc834c79610
Event: 103.109 Thread 0x00007fc7ac008830 Thread exited: 0x00007fc7ac008830
Event: 104.566 Thread 0x00007fc7b0484090 Thread exited: 0x00007fc7b0484090
Event: 139.033 Thread 0x00007fc7c8001220 Thread exited: 0x00007fc7c8001220
Event: 141.537 Thread 0x00007fc7bc002340 Thread exited: 0x00007fc7bc002340
Event: 147.731 Thread 0x00007fc7d40010d0 Thread exited: 0x00007fc7d40010d0
Event: 282.321 Thread 0x00007fc7dc0f02b0 Thread added: 0x00007fc7dc0f02b0
Event: 282.321 Protecting memory [0x00007fc7f8900000,0x00007fc7f8904000] with protection modes 0
Event: 381.639 Thread 0x00007fc7b047dbb0 Thread exited: 0x00007fc7b047dbb0
Event: 398.712 Thread 0x00007fc7ac007420 Thread exited: 0x00007fc7ac007420
Event: 431.307 Thread 0x00007fc7dc0f02b0 Thread exited: 0x00007fc7dc0f02b0
Event: 452.034 Thread 0x00007fc7b047e3f0 Thread exited: 0x00007fc7b047e3f0


Dynamic libraries:
e0000000-f5580000 rw-p 00000000 00:00 0 
f5580000-f8e80000 rw-p 00000000 00:00 0 
f8e80000-100000000 ---p 00000000 00:00 0 
800000000-800449000 rw-p 00001000 00:1d42 4611686019135357769            /nix/store/gpxl5qgg8kicmcvivwmybwjlpf7wh20l-graalvm17-ce-22.3.0/lib/server/classes.jsa
800449000-800bc8000 r--p 0044a000 00:1d42 4611686019135357769            /nix/store/gpxl5qgg8kicmcvivwmybwjlpf7wh20l-graalvm17-ce-22.3.0/lib/server/classes.jsa
800bc8000-800c00000 ---p 00000000 00:00 0 
800c00000-800c20000 rw-p 00000000 00:00 0 
800c20000-800c40000 rw-p 00000000 00:00 0 
800c40000-800cc0000 rw-p 00000000 00:00 0 
800cc0000-800d00000 rw-p 00000000 00:00 0 
800d00000-800dc0000 rw-p 00000000 00:00 0 
800dc0000-800e00000 rw-p 00000000 00:00 0 
800e00000-800f40000 rw-p 00000000 00:00 0 
800f40000-800fc0000 rw-p 00000000 00:00 0 
800fc0000-800ff0000 rw-p 00000000 00:00 0 
800ff0000-801000000 ---p 00000000 00:00 0 
801000000-801260000 rw-p 00000000 00:00 0 
801260000-840c00000 ---p 00000000 00:00 0 
5631ddb91000-5631ddb92000 r-xp 00000000 00:1d42 4611686019099417844      /nix/store/gpxl5qgg8kicmcvivwmybwjlpf7wh20l-graalvm17-ce-22.3.0/bin/.java-wrapped
5631ddb93000-5631ddb94000 r--p 00001000 00:1d42 4611686019099417844      /nix/store/gpxl5qgg8kicmcvivwmybwjlpf7wh20l-graalvm17-ce-22.3.0/bin/.java-wrapped
5631ddb94000-5631ddb95000 rw-p 00002000 00:1d42 4611686019099417844      /nix/store/gpxl5qgg8kicmcvivwmybwjlpf7wh20l-graalvm17-ce-22.3.0/bin/.java-wrapped
5631ddb95000-5631ddb96000 rw-p 00004000 00:1d42 4611686019099417844      /nix/store/gpxl5qgg8kicmcvivwmybwjlpf7wh20l-graalvm17-ce-22.3.0/bin/.java-wrapped
5631ddb96000-5631ddb97000 rw-p 00005000 00:1d42 4611686019099417844      /nix/store/gpxl5qgg8kicmcvivwmybwjlpf7wh20l-graalvm17-ce-22.3.0/bin/.java-wrapped
5631de733000-5631de77b000 rw-p 00000000 00:00 0                          [heap]
7fc764000000-7fc764038000 rw-p 00000000 00:00 0 
7fc764038000-7fc768000000 ---p 00000000 00:00 0 
7fc76c000000-7fc76c041000 rw-p 00000000 00:00 0 
7fc76c041000-7fc770000000 ---p 00000000 00:00 0 
7fc770000000-7fc770046000 rw-p 00000000 00:00 0 
7fc770046000-7fc774000000 ---p 00000000 00:00 0 
7fc774000000-7fc774022000 rw-p 00000000 00:00 0 
7fc774022000-7fc778000000 ---p 00000000 00:00 0 
7fc778000000-7fc778029000 rw-p 00000000 00:00 0 
7fc778029000-7fc77c000000 ---p 00000000 00:00 0 
7fc77c000000-7fc77c04f000 rw-p 00000000 00:00 0 
7fc77c04f000-7fc780000000 ---p 00000000 00:00 0 
7fc780000000-7fc780024000 rw-p 00000000 00:00 0 
7fc780024000-7fc784000000 ---p 00000000 00:00 0 
7fc784000000-7fc784031000 rw-p 00000000 00:00 0 
7fc784031000-7fc788000000 ---p 00000000 00:00 0 
7fc788000000-7fc78803c000 rw-p 00000000 00:00 0 
7fc78803c000-7fc78c000000 ---p 00000000 00:00 0 
7fc78c000000-7fc78c021000 rw-p 00000000 00:00 0 
7fc78c021000-7fc790000000 ---p 00000000 00:00 0 
7fc790000000-7fc790021000 rw-p 00000000 00:00 0 
7fc790021000-7fc794000000 ---p 00000000 00:00 0 
7fc794000000-7fc794021000 rw-p 00000000 00:00 0 
7fc794021000-7fc798000000 ---p 00000000 00:00 0 
7fc79a4b3000-7fc7a4000000 r--s 00000000 00:1d42 4611686019135192581      /nix/store/gpxl5qgg8kicmcvivwmybwjlpf7wh20l-graalvm17-ce-22.3.0/lib/modules
7fc7a4000000-7fc7a402c000 rw-p 00000000 00:00 0 
7fc7a402c000-7fc7a8000000 ---p 00000000 00:00 0 
7fc7a8000000-7fc7a8021000 rw-p 00000000 00:00 0 
7fc7a8021000-7fc7ac000000 ---p 00000000 00:00 0 
7fc7ac000000-7fc7ac021000 rw-p 00000000 00:00 0 
7fc7ac021000-7fc7b0000000 ---p 00000000 00:00 0 
7fc7b0000000-7fc7b0642000 rw-p 00000000 00:00 0 
7fc7b0642000-7fc7b4000000 ---p 00000000 00:00 0 
7fc7b4400000-7fc7b4490000 rw-p 00000000 00:00 0 
7fc7b4490000-7fc7b4c00000 ---p 00000000 00:00 0 
7fc7b5800000-7fc7b6000000 rw-p 00000000 00:00 0 
7fc7b6400000-7fc7b6900000 rw-p 00000000 00:00 0 
7fc7b6900000-7fc7b6b00000 rw-p 00000000 00:00 0 
7fc7b6b00000-7fc7b6b70000 rw-p 00000000 00:00 0 
7fc7b6b70000-7fc7b6c00000 ---p 00000000 00:00 0 
7fc7b7000000-7fc7b7500000 rw-p 00000000 00:00 0 
7fc7b7500000-7fc7b7600000 rw-p 00000000 00:00 0 
7fc7b7600000-7fc7b7800000 rw-p 00000000 00:00 0 
7fc7b7800000-7fc7b7900000 rw-p 00000000 00:00 0 
7fc7b7900000-7fc7b7b00000 rw-p 00000000 00:00 0 
7fc7b7b00000-7fc7b7d00000 rw-p 00000000 00:00 0 
7fc7b7d00000-7fc7b7e00000 rw-p 00000000 00:00 0 
7fc7b7e00000-7fc7b8000000 rw-p 00000000 00:00 0 
7fc7b8000000-7fc7b8021000 rw-p 00000000 00:00 0 
7fc7b8021000-7fc7bc000000 ---p 00000000 00:00 0 
7fc7bc000000-7fc7bc021000 rw-p 00000000 00:00 0 
7fc7bc021000-7fc7c0000000 ---p 00000000 00:00 0 
7fc7c0000000-7fc7c0130000 rw-p 00000000 00:00 0 
7fc7c0130000-7fc7c4000000 ---p 00000000 00:00 0 
7fc7c4000000-7fc7c4021000 rw-p 00000000 00:00 0 
7fc7c4021000-7fc7c8000000 ---p 00000000 00:00 0 
7fc7c8000000-7fc7c8052000 rw-p 00000000 00:00 0 
7fc7c8052000-7fc7cc000000 ---p 00000000 00:00 0 
7fc7cc000000-7fc7cc0b7000 rw-p 00000000 00:00 0 
7fc7cc0b7000-7fc7d0000000 ---p 00000000 00:00 0 
7fc7d0000000-7fc7d0021000 rw-p 00000000 00:00 0 
7fc7d0021000-7fc7d4000000 ---p 00000000 00:00 0 
7fc7d4000000-7fc7d4325000 rw-p 00000000 00:00 0 
7fc7d4325000-7fc7d8000000 ---p 00000000 00:00 0 
7fc7d8000000-7fc7d8021000 rw-p 00000000 00:00 0 
7fc7d8021000-7fc7dc000000 ---p 00000000 00:00 0 
7fc7dc000000-7fc7dc100000 rw-p 00000000 00:00 0 
7fc7dc100000-7fc7e0000000 ---p 00000000 00:00 0 
7fc7e0000000-7fc7e08cb000 rw-p 00000000 00:00 0 
7fc7e08cb000-7fc7e4000000 ---p 00000000 00:00 0 
7fc7e4000000-7fc7e4025000 rw-p 00000000 00:00 0 
7fc7e4025000-7fc7e8000000 ---p 00000000 00:00 0 
7fc7e8000000-7fc7e8025000 rw-p 00000000 00:00 0 
7fc7e8025000-7fc7ec000000 ---p 00000000 00:00 0 
7fc7ec000000-7fc7ec021000 rw-p 00000000 00:00 0 
7fc7ec021000-7fc7f0000000 ---p 00000000 00:00 0 
7fc7f0000000-7fc7f0065000 rw-p 00000000 00:00 0 
7fc7f0065000-7fc7f4000000 ---p 00000000 00:00 0 
7fc7f4000000-7fc7f4100000 rw-p 00000000 00:00 0 
7fc7f4100000-7fc7f4200000 rw-p 00000000 00:00 0 
7fc7f4200000-7fc7f4700000 rw-p 00000000 00:00 0 
7fc7f4700000-7fc7f4800000 rw-p 00000000 00:00 0 
7fc7f4800000-7fc7f4900000 rw-p 00000000 00:00 0 
7fc7f4900000-7fc7f4a00000 rw-p 00000000 00:00 0 
7fc7f4a00000-7fc7f4d00000 rw-p 00000000 00:00 0 
7fc7f4d00000-7fc7f4e00000 rw-p 00000000 00:00 0 
7fc7f4e00000-7fc7f5000000 rw-p 00000000 00:00 0 
7fc7f5000000-7fc7f5010000 r-xp 00000000 00:1d3f 395                      /home/runner/.cache/jdt-language-server/config/org.eclipse.equinox.launcher/org.eclipse.equinox.launcher.gtk.linux.x86_64_1.2.400.v20211117-0650/eclipse_11600.so
7fc7f5010000-7fc7f520f000 ---p 00010000 00:1d3f 395                      /home/runner/.cache/jdt-language-server/config/org.eclipse.equinox.launcher/org.eclipse.equinox.launcher.gtk.linux.x86_64_1.2.400.v20211117-0650/eclipse_11600.so
7fc7f520f000-7fc7f5210000 r--p 0000f000 00:1d3f 395                      /home/runner/.cache/jdt-language-server/config/org.eclipse.equinox.launcher/org.eclipse.equinox.launcher.gtk.linux.x86_64_1.2.400.v20211117-0650/eclipse_11600.so
7fc7f5210000-7fc7f5211000 rw-p 00010000 00:1d3f 395                      /home/runner/.cache/jdt-language-server/config/org.eclipse.equinox.launcher/org.eclipse.equinox.launcher.gtk.linux.x86_64_1.2.400.v20211117-0650/eclipse_11600.so
7fc7f5b00000-7fc7f5c00000 ---p 00000000 00:00 0 
7fc7f5c00000-7fc7f61af000 r--p 01122000 00:1d42 4611686019135190040      /nix/store/gpxl5qgg8kicmcvivwmybwjlpf7wh20l-graalvm17-ce-22.3.0/lib/libjvmcicompiler.so
7fc7f61af000-7fc7f6300000 r--p 00000000 00:00 0 
7fc7f6300000-7fc7f633d000 rw-p 00000000 00:00 0 
7fc7f633d000-7fc7f685d000 rw-p 0185f000 00:1d42 4611686019135190040      /nix/store/gpxl5qgg8kicmcvivwmybwjlpf7wh20l-graalvm17-ce-22.3.0/lib/libjvmcicompiler.so
7fc7f685d000-7fc7f6c44000 r--p 01d7f000 00:1d42 4611686019135190040      /nix/store/gpxl5qgg8kicmcvivwmybwjlpf7wh20l-graalvm17-ce-22.3.0/lib/libjvmcicompiler.so
7fc7f6d00000-7fc7f6d04000 ---p 00000000 00:00 0 
7fc7f6d04000-7fc7f6e00000 rw-p 00000000 00:00 0 
7fc7f6f00000-7fc7f6f04000 ---p 00000000 00:00 0 
7fc7f6f04000-7fc7f7000000 rw-p 00000000 00:00 0 
7fc7f7100000-7fc7f7104000 ---p 00000000 00:00 0 
7fc7f7104000-7fc7f7200000 rw-p 00000000 00:00 0 
7fc7f7200000-7fc7f7204000 ---p 00000000 00:00 0 
7fc7f7204000-7fc7f7300000 rw-p 00000000 00:00 0 
7fc7f7300000-7fc7f7304000 ---p 00000000 00:00 0 
7fc7f7304000-7fc7f7400000 rw-p 00000000 00:00 0 
7fc7f7500000-7fc7f7504000 ---p 00000000 00:00 0 
7fc7f7504000-7fc7f7600000 rw-p 00000000 00:00 0 
7fc7f7700000-7fc7f7704000 ---p 00000000 00:00 0 
7fc7f7704000-7fc7f7800000 rw-p 00000000 00:00 0 
7fc7f7800000-7fc7f7804000 ---p 00000000 00:00 0 
7fc7f7804000-7fc7f7900000 rw-p 00000000 00:00 0 
7fc7f7900000-7fc7f7904000 ---p 00000000 00:00 0 
7fc7f7904000-7fc7f7a00000 rw-p 00000000 00:00 0 
7fc7f7a00000-7fc7f7a04000 ---p 00000000 00:00 0 
7fc7f7a04000-7fc7f7b00000 rw-p 00000000 00:00 0 
7fc7f7b00000-7fc7f7b04000 ---p 00000000 00:00 0 
7fc7f7b04000-7fc7f7c00000 rw-p 00000000 00:00 0 
7fc7f7c00000-7fc7f7c04000 ---p 00000000 00:00 0 
7fc7f7c04000-7fc7f7d00000 rw-p 00000000 00:00 0 
7fc7f7d00000-7fc7f7d04000 ---p 00000000 00:00 0 
7fc7f7d04000-7fc7f7e00000 rw-p 00000000 00:00 0 
7fc7f7f00000-7fc7f7f04000 ---p 00000000 00:00 0 
7fc7f7f04000-7fc7f8000000 rw-p 00000000 00:00 0 
7fc7f8000000-7fc7f8004000 ---p 00000000 00:00 0 
7fc7f8004000-7fc7f8100000 rw-p 00000000 00:00 0 
7fc7f8100000-7fc7f8104000 ---p 00000000 00:00 0 
7fc7f8104000-7fc7f8200000 rw-p 00000000 00:00 0 
7fc7f8200000-7fc7f8204000 ---p 00000000 00:00 0 
7fc7f8204000-7fc7f8300000 rw-p 00000000 00:00 0 
7fc7f8300000-7fc7f8304000 ---p 00000000 00:00 0 
7fc7f8304000-7fc7f8400000 rw-p 00000000 00:00 0 
7fc7f8500000-7fc7f8504000 ---p 00000000 00:00 0 
7fc7f8504000-7fc7f8600000 rw-p 00000000 00:00 0 
7fc7f8700000-7fc7f8704000 ---p 00000000 00:00 0 
7fc7f8704000-7fc7f8800000 rw-p 00000000 00:00 0 
7fc7f8900000-7fc7f8904000 ---p 00000000 00:00 0 
7fc7f8904000-7fc7f8a00000 rw-p 00000000 00:00 0 
7fc7f97a9000-7fc7f9b00000 rw-p 00000000 00:00 0 
7fc7f9c00000-7fc7fbd6a000 r-xp 00000000 00:1d42 4611686019135190040      /nix/store/gpxl5qgg8kicmcvivwmybwjlpf7wh20l-graalvm17-ce-22.3.0/lib/libjvmcicompiler.so
7fc7fbd6a000-7fc7fbf69000 ---p 0216a000 00:1d42 4611686019135190040      /nix/store/gpxl5qgg8kicmcvivwmybwjlpf7wh20l-graalvm17-ce-22.3.0/lib/libjvmcicompiler.so
7fc7fbf69000-7fc7fbf6a000 r--p 02169000 00:1d42 4611686019135190040      /nix/store/gpxl5qgg8kicmcvivwmybwjlpf7wh20l-graalvm17-ce-22.3.0/lib/libjvmcicompiler.so
7fc7fbf6a000-7fc7fbf6c000 rw-p 0216a000 00:1d42 4611686019135190040      /nix/store/gpxl5qgg8kicmcvivwmybwjlpf7wh20l-graalvm17-ce-22.3.0/lib/libjvmcicompiler.so
7fc7fbf6c000-7fc7fbf6d000 rw-p 00000000 00:00 0 
7fc7fbf6d000-7fc7fbf72000 rw-p 023c3000 00:1d42 4611686019135190040      /nix/store/gpxl5qgg8kicmcvivwmybwjlpf7wh20l-graalvm17-ce-22.3.0/lib/libjvmcicompiler.so
7fc7fc000000-7fc7fc021000 rw-p 00000000 00:00 0 
7fc7fc021000-7fc800000000 ---p 00000000 00:00 0 
7fc800000000-7fc800021000 rw-p 00000000 00:00 0 
7fc800021000-7fc804000000 ---p 00000000 00:00 0 
7fc804000000-7fc804069000 rw-p 00000000 00:00 0 
7fc804069000-7fc808000000 ---p 00000000 00:00 0 
7fc808000000-7fc808021000 rw-p 00000000 00:00 0 
7fc808021000-7fc80c000000 ---p 00000000 00:00 0 
7fc80c000000-7fc80c0d3000 rw-p 00000000 00:00 0 
7fc80c0d3000-7fc810000000 ---p 00000000 00:00 0 
7fc810000000-7fc810bd4000 rw-p 00000000 00:00 0 
7fc810bd4000-7fc814000000 ---p 00000000 00:00 0 
7fc814000000-7fc814021000 rw-p 00000000 00:00 0 
7fc814021000-7fc818000000 ---p 00000000 00:00 0 
7fc818000000-7fc818021000 rw-p 00000000 00:00 0 
7fc818021000-7fc81c000000 ---p 00000000 00:00 0 
7fc81c000000-7fc81c021000 rw-p 00000000 00:00 0 
7fc81c021000-7fc820000000 ---p 00000000 00:00 0 
7fc820000000-7fc820021000 rw-p 00000000 00:00 0 
7fc820021000-7fc824000000 ---p 00000000 00:00 0 
7fc824000000-7fc824021000 rw-p 00000000 00:00 0 
7fc824021000-7fc828000000 ---p 00000000 00:00 0 
7fc828000000-7fc828021000 rw-p 00000000 00:00 0 
7fc828021000-7fc82c000000 ---p 00000000 00:00 0 
7fc82c000000-7fc82c12a000 rw-p 00000000 00:00 0 
7fc82c12a000-7fc830000000 ---p 00000000 00:00 0 
7fc830000000-7fc830004000 ---p 00000000 00:00 0 
7fc830004000-7fc830100000 rw-p 00000000 00:00 0 
7fc830200000-7fc830204000 ---p 00000000 00:00 0 
7fc830204000-7fc830300000 rw-p 00000000 00:00 0 
7fc830300000-7fc830304000 ---p 00000000 00:00 0 
7fc830304000-7fc830400000 rw-p 00000000 00:00 0 
7fc830400000-7fc830404000 ---p 00000000 00:00 0 
7fc830404000-7fc830500000 rw-p 00000000 00:00 0 
7fc830600000-7fc830604000 ---p 00000000 00:00 0 
7fc830604000-7fc830700000 rw-p 00000000 00:00 0 
7fc830800000-7fc830804000 ---p 00000000 00:00 0 
7fc830804000-7fc830900000 rw-p 00000000 00:00 0 
7fc830a00000-7fc830a04000 ---p 00000000 00:00 0 
7fc830a04000-7fc830b00000 rw-p 00000000 00:00 0 
7fc830c00000-7fc830c04000 ---p 00000000 00:00 0 
7fc830c04000-7fc830d00000 rw-p 00000000 00:00 0 
7fc830d00000-7fc830d04000 ---p 00000000 00:00 0 
7fc830d04000-7fc830e00000 rw-p 00000000 00:00 0 
7fc830e00000-7fc830e04000 ---p 00000000 00:00 0 
7fc830e04000-7fc830f00000 rw-p 00000000 00:00 0 
7fc830fbd000-7fc8310fe000 rw-p 00000000 00:00 0 
7fc8310fe000-7fc8310ff000 ---p 00000000 00:00 0 
7fc8310ff000-7fc831200000 rw-p 00000000 00:00 0 
7fc831200000-7fc831204000 ---p 00000000 00:00 0 
7fc831204000-7fc831300000 rw-p 00000000 00:00 0 
7fc831300000-7fc831304000 ---p 00000000 00:00 0 
7fc831304000-7fc831400000 rw-p 00000000 00:00 0 
7fc831400000-7fc831404000 ---p 00000000 00:00 0 
7fc831404000-7fc831500000 rw-p 00000000 00:00 0 
7fc831500000-7fc831504000 ---p 00000000 00:00 0 
7fc831504000-7fc831700000 rw-p 00000000 00:00 0 
7fc831700000-7fc831704000 ---p 00000000 00:00 0 
7fc831704000-7fc831900000 rw-p 00000000 00:00 0 
7fc831900000-7fc831904000 ---p 00000000 00:00 0 
7fc831904000-7fc831a00000 rw-p 00000000 00:00 0 
7fc831a00000-7fc831a04000 ---p 00000000 00:00 0 
7fc831a04000-7fc831b00000 rw-p 00000000 00:00 0 
7fc831b00000-7fc831b04000 ---p 00000000 00:00 0 
7fc831b04000-7fc832000000 rw-p 00000000 00:00 0 
7fc832000000-7fc832300000 rw-p 00000000 00:00 0 
7fc832300000-7fc832400000 rw-p 00000000 00:00 0 
7fc8324b3000-7fc8334b3000 rw-p 00000000 00:00 0 
7fc8334b3000-7fc833723000 rwxp 00000000 00:00 0 
7fc833723000-7fc833a42000 ---p 00000000 00:00 0 
7fc833a42000-7fc834cd2000 rwxp 00000000 00:00 0 
7fc834cd2000-7fc83af7a000 ---p 00000000 00:00 0 
7fc83af7a000-7fc83b23a000 rwxp 00000000 00:00 0 
7fc83b23a000-7fc8424b3000 ---p 00000000 00:00 0 
7fc8424b3000-7fc84c000000 r--s 00000000 00:1d42 4611686019135192581      /nix/store/gpxl5qgg8kicmcvivwmybwjlpf7wh20l-graalvm17-ce-22.3.0/lib/modules
7fc84c000000-7fc84c60b000 rw-p 00000000 00:00 0 
7fc84c60b000-7fc850000000 ---p 00000000 00:00 0 
7fc850011000-7fc850013000 r-xp 00000000 00:1d42 4611686019135190017      /nix/store/gpxl5qgg8kicmcvivwmybwjlpf7wh20l-graalvm17-ce-22.3.0/lib/libextnet.so
7fc850013000-7fc850014000 r--p 00001000 00:1d42 4611686019135190017      /nix/store/gpxl5qgg8kicmcvivwmybwjlpf7wh20l-graalvm17-ce-22.3.0/lib/libextnet.so
7fc850014000-7fc850015000 rw-p 00002000 00:1d42 4611686019135190017      /nix/store/gpxl5qgg8kicmcvivwmybwjlpf7wh20l-graalvm17-ce-22.3.0/lib/libextnet.so
7fc850015000-7fc850016000 rw-p 00004000 00:1d42 4611686019135190017      /nix/store/gpxl5qgg8kicmcvivwmybwjlpf7wh20l-graalvm17-ce-22.3.0/lib/libextnet.so
7fc850016000-7fc85001a000 ---p 00000000 00:00 0 
7fc85001a000-7fc850038000 rw-p 00000000 00:00 0 
7fc850038000-7fc85003f000 r-xp 00000000 00:1d42 4611686019135192580      /nix/store/gpxl5qgg8kicmcvivwmybwjlpf7wh20l-graalvm17-ce-22.3.0/lib/libzip.so
7fc85003f000-7fc850040000 ---p 00007000 00:1d42 4611686019135192580      /nix/store/gpxl5qgg8kicmcvivwmybwjlpf7wh20l-graalvm17-ce-22.3.0/lib/libzip.so
7fc850040000-7fc850041000 r--p 00007000 00:1d42 4611686019135192580      /nix/store/gpxl5qgg8kicmcvivwmybwjlpf7wh20l-graalvm17-ce-22.3.0/lib/libzip.so
7fc850041000-7fc850042000 rw-p 00008000 00:1d42 4611686019135192580      /nix/store/gpxl5qgg8kicmcvivwmybwjlpf7wh20l-graalvm17-ce-22.3.0/lib/libzip.so
7fc850042000-7fc850044000 rw-p 0000b000 00:1d42 4611686019135192580      /nix/store/gpxl5qgg8kicmcvivwmybwjlpf7wh20l-graalvm17-ce-22.3.0/lib/libzip.so
7fc850044000-7fc850059000 r-xp 00000000 00:1d42 4611686019135192570      /nix/store/gpxl5qgg8kicmcvivwmybwjlpf7wh20l-graalvm17-ce-22.3.0/lib/libnet.so
7fc850059000-7fc85005a000 ---p 00015000 00:1d42 4611686019135192570      /nix/store/gpxl5qgg8kicmcvivwmybwjlpf7wh20l-graalvm17-ce-22.3.0/lib/libnet.so
7fc85005a000-7fc85005b000 r--p 00015000 00:1d42 4611686019135192570      /nix/store/gpxl5qgg8kicmcvivwmybwjlpf7wh20l-graalvm17-ce-22.3.0/lib/libnet.so
7fc85005b000-7fc85005c000 rw-p 00016000 00:1d42 4611686019135192570      /nix/store/gpxl5qgg8kicmcvivwmybwjlpf7wh20l-graalvm17-ce-22.3.0/lib/libnet.so
7fc85005c000-7fc85005f000 rw-p 0001b000 00:1d42 4611686019135192570      /nix/store/gpxl5qgg8kicmcvivwmybwjlpf7wh20l-graalvm17-ce-22.3.0/lib/libnet.so
7fc85005f000-7fc850072000 r-xp 00000000 00:1d42 4611686019135192571      /nix/store/gpxl5qgg8kicmcvivwmybwjlpf7wh20l-graalvm17-ce-22.3.0/lib/libnio.so
7fc850072000-7fc850073000 r--p 00012000 00:1d42 4611686019135192571      /nix/store/gpxl5qgg8kicmcvivwmybwjlpf7wh20l-graalvm17-ce-22.3.0/lib/libnio.so
7fc850073000-7fc850074000 rw-p 00013000 00:1d42 4611686019135192571      /nix/store/gpxl5qgg8kicmcvivwmybwjlpf7wh20l-graalvm17-ce-22.3.0/lib/libnio.so
7fc850074000-7fc850079000 rw-p 00019000 00:1d42 4611686019135192571      /nix/store/gpxl5qgg8kicmcvivwmybwjlpf7wh20l-graalvm17-ce-22.3.0/lib/libnio.so
7fc850079000-7fc85035f000 r--p 00000000 00:14bc 28444448                 /usr/lib/locale/locale-archive
7fc85035f000-7fc850363000 ---p 00000000 00:00 0 
7fc850363000-7fc85045f000 rw-p 00000000 00:00 0 
7fc85045f000-7fc850463000 ---p 00000000 00:00 0 
7fc850463000-7fc85055f000 rw-p 00000000 00:00 0 
7fc85055f000-7fc850560000 ---p 00000000 00:00 0 
7fc850560000-7fc850661000 rw-p 00000000 00:00 0 
7fc850661000-7fc85072f000 r-xp 00000000 00:1d42 4611686019135190036      /nix/store/gpxl5qgg8kicmcvivwmybwjlpf7wh20l-graalvm17-ce-22.3.0/lib/libjsvml.so
7fc85072f000-7fc850730000 r--p 000cd000 00:1d42 4611686019135190036      /nix/store/gpxl5qgg8kicmcvivwmybwjlpf7wh20l-graalvm17-ce-22.3.0/lib/libjsvml.so
7fc850730000-7fc850731000 rw-p 000ce000 00:1d42 4611686019135190036      /nix/store/gpxl5qgg8kicmcvivwmybwjlpf7wh20l-graalvm17-ce-22.3.0/lib/libjsvml.so
7fc850731000-7fc851009000 rw-p 00000000 00:00 0 
7fc851009000-7fc85100a000 ---p 00000000 00:00 0 
7fc85100a000-7fc8511b5000 rw-p 00000000 00:00 0 
7fc8511b5000-7fc8511d3000 rw-p 00000000 00:00 0 
7fc8511d3000-7fc85120b000 ---p 00000000 00:00 0 
7fc85120b000-7fc851212000 rw-p 00000000 00:00 0 
7fc851212000-7fc8512f7000 ---p 00000000 00:00 0 
7fc8512f7000-7fc85131d000 rw-p 00000000 00:00 0 
7fc85131d000-7fc8513e2000 ---p 00000000 00:00 0 
7fc8513e2000-7fc8513e7000 rw-p 00000000 00:00 0 
7fc8513e7000-7fc8513ee000 ---p 00000000 00:00 0 
7fc8513ee000-7fc851412000 r-xp 00000000 00:1d42 4611686019135190028      /nix/store/gpxl5qgg8kicmcvivwmybwjlpf7wh20l-graalvm17-ce-22.3.0/lib/libjava.so
7fc851412000-7fc851413000 ---p 00024000 00:1d42 4611686019135190028      /nix/store/gpxl5qgg8kicmcvivwmybwjlpf7wh20l-graalvm17-ce-22.3.0/lib/libjava.so
7fc851413000-7fc851414000 r--p 00024000 00:1d42 4611686019135190028      /nix/store/gpxl5qgg8kicmcvivwmybwjlpf7wh20l-graalvm17-ce-22.3.0/lib/libjava.so
7fc851414000-7fc851415000 rw-p 00025000 00:1d42 4611686019135190028      /nix/store/gpxl5qgg8kicmcvivwmybwjlpf7wh20l-graalvm17-ce-22.3.0/lib/libjava.so
7fc851415000-7fc851416000 rw-p 00000000 00:00 0 
7fc851416000-7fc85141d000 rw-p 0002f000 00:1d42 4611686019135190028      /nix/store/gpxl5qgg8kicmcvivwmybwjlpf7wh20l-graalvm17-ce-22.3.0/lib/libjava.so
7fc85141d000-7fc851425000 rw-s 00000000 00:14b9 392                      /tmp/hsperfdata_runner/130
7fc851425000-7fc851426000 ---p 00000000 00:00 0 
7fc851426000-7fc851427000 r--p 00000000 00:00 0 
7fc851427000-7fc851428000 rwxp 00000000 00:00 0 
7fc851428000-7fc851443000 r-xp 00000000 00:1d42 4611686019135190032      /nix/store/gpxl5qgg8kicmcvivwmybwjlpf7wh20l-graalvm17-ce-22.3.0/lib/libjimage.so
7fc851443000-7fc851444000 ---p 0001b000 00:1d42 4611686019135190032      /nix/store/gpxl5qgg8kicmcvivwmybwjlpf7wh20l-graalvm17-ce-22.3.0/lib/libjimage.so
7fc851444000-7fc851446000 r--p 0001b000 00:1d42 4611686019135190032      /nix/store/gpxl5qgg8kicmcvivwmybwjlpf7wh20l-graalvm17-ce-22.3.0/lib/libjimage.so
7fc851446000-7fc851447000 rw-p 0001d000 00:1d42 4611686019135190032      /nix/store/gpxl5qgg8kicmcvivwmybwjlpf7wh20l-graalvm17-ce-22.3.0/lib/libjimage.so
7fc851447000-7fc851448000 rw-p 00024000 00:1d42 4611686019135190032      /nix/store/gpxl5qgg8kicmcvivwmybwjlpf7wh20l-graalvm17-ce-22.3.0/lib/libjimage.so
7fc851448000-7fc85144c000 ---p 00000000 00:00 0 
7fc85144c000-7fc851548000 rw-p 00000000 00:00 0 
7fc851548000-7fc851556000 r--p 00000000 00:1d42 4611686019027979927      /nix/store/4nlgxhb09sdr51nc9hdm8az5b08vzkgx-glibc-2.35-163/lib/libm.so.6
7fc851556000-7fc8515c9000 r-xp 0000e000 00:1d42 4611686019027979927      /nix/store/4nlgxhb09sdr51nc9hdm8az5b08vzkgx-glibc-2.35-163/lib/libm.so.6
7fc8515c9000-7fc851626000 r--p 00081000 00:1d42 4611686019027979927      /nix/store/4nlgxhb09sdr51nc9hdm8az5b08vzkgx-glibc-2.35-163/lib/libm.so.6
7fc851626000-7fc851627000 r--p 000dd000 00:1d42 4611686019027979927      /nix/store/4nlgxhb09sdr51nc9hdm8az5b08vzkgx-glibc-2.35-163/lib/libm.so.6
7fc851627000-7fc851628000 rw-p 000de000 00:1d42 4611686019027979927      /nix/store/4nlgxhb09sdr51nc9hdm8az5b08vzkgx-glibc-2.35-163/lib/libm.so.6
7fc851628000-7fc851629000 r--p 00000000 00:1d42 4611686019027979946      /nix/store/4nlgxhb09sdr51nc9hdm8az5b08vzkgx-glibc-2.35-163/lib/librt.so.1
7fc851629000-7fc85162a000 r-xp 00001000 00:1d42 4611686019027979946      /nix/store/4nlgxhb09sdr51nc9hdm8az5b08vzkgx-glibc-2.35-163/lib/librt.so.1
7fc85162a000-7fc85162b000 r--p 00002000 00:1d42 4611686019027979946      /nix/store/4nlgxhb09sdr51nc9hdm8az5b08vzkgx-glibc-2.35-163/lib/librt.so.1
7fc85162b000-7fc85162c000 r--p 00002000 00:1d42 4611686019027979946      /nix/store/4nlgxhb09sdr51nc9hdm8az5b08vzkgx-glibc-2.35-163/lib/librt.so.1
7fc85162c000-7fc85162d000 rw-p 00003000 00:1d42 4611686019027979946      /nix/store/4nlgxhb09sdr51nc9hdm8az5b08vzkgx-glibc-2.35-163/lib/librt.so.1
7fc85162d000-7fc852740000 r-xp 00000000 00:1d42 4611686019135360866      /nix/store/gpxl5qgg8kicmcvivwmybwjlpf7wh20l-graalvm17-ce-22.3.0/lib/server/libjvm.so
7fc852740000-7fc852741000 ---p 01113000 00:1d42 4611686019135360866      /nix/store/gpxl5qgg8kicmcvivwmybwjlpf7wh20l-graalvm17-ce-22.3.0/lib/server/libjvm.so
7fc852741000-7fc8527f6000 r--p 01113000 00:1d42 4611686019135360866      /nix/store/gpxl5qgg8kicmcvivwmybwjlpf7wh20l-graalvm17-ce-22.3.0/lib/server/libjvm.so
7fc8527f6000-7fc85282a000 rw-p 011c8000 00:1d42 4611686019135360866      /nix/store/gpxl5qgg8kicmcvivwmybwjlpf7wh20l-graalvm17-ce-22.3.0/lib/server/libjvm.so
7fc85282a000-7fc852886000 rw-p 00000000 00:00 0 
7fc852886000-7fc8528ae000 r--p 00000000 00:1d42 4611686019027979918      /nix/store/4nlgxhb09sdr51nc9hdm8az5b08vzkgx-glibc-2.35-163/lib/libc.so.6
7fc8528ae000-7fc852a24000 r-xp 00028000 00:1d42 4611686019027979918      /nix/store/4nlgxhb09sdr51nc9hdm8az5b08vzkgx-glibc-2.35-163/lib/libc.so.6
7fc852a24000-7fc852a7c000 r--p 0019e000 00:1d42 4611686019027979918      /nix/store/4nlgxhb09sdr51nc9hdm8az5b08vzkgx-glibc-2.35-163/lib/libc.so.6
7fc852a7c000-7fc852a80000 r--p 001f6000 00:1d42 4611686019027979918      /nix/store/4nlgxhb09sdr51nc9hdm8az5b08vzkgx-glibc-2.35-163/lib/libc.so.6
7fc852a80000-7fc852a82000 rw-p 001fa000 00:1d42 4611686019027979918      /nix/store/4nlgxhb09sdr51nc9hdm8az5b08vzkgx-glibc-2.35-163/lib/libc.so.6
7fc852a82000-7fc852a91000 rw-p 00000000 00:00 0 
7fc852a91000-7fc852a92000 r--p 00000000 00:1d42 4611686019027979923      /nix/store/4nlgxhb09sdr51nc9hdm8az5b08vzkgx-glibc-2.35-163/lib/libdl.so.2
7fc852a92000-7fc852a93000 r-xp 00001000 00:1d42 4611686019027979923      /nix/store/4nlgxhb09sdr51nc9hdm8az5b08vzkgx-glibc-2.35-163/lib/libdl.so.2
7fc852a93000-7fc852a94000 r--p 00002000 00:1d42 4611686019027979923      /nix/store/4nlgxhb09sdr51nc9hdm8az5b08vzkgx-glibc-2.35-163/lib/libdl.so.2
7fc852a94000-7fc852a95000 r--p 00002000 00:1d42 4611686019027979923      /nix/store/4nlgxhb09sdr51nc9hdm8az5b08vzkgx-glibc-2.35-163/lib/libdl.so.2
7fc852a95000-7fc852a96000 rw-p 00003000 00:1d42 4611686019027979923      /nix/store/4nlgxhb09sdr51nc9hdm8az5b08vzkgx-glibc-2.35-163/lib/libdl.so.2
7fc852a96000-7fc852a97000 r--p 00000000 00:1d42 4611686019027979942      /nix/store/4nlgxhb09sdr51nc9hdm8az5b08vzkgx-glibc-2.35-163/lib/libpthread.so.0
7fc852a97000-7fc852a98000 r-xp 00001000 00:1d42 4611686019027979942      /nix/store/4nlgxhb09sdr51nc9hdm8az5b08vzkgx-glibc-2.35-163/lib/libpthread.so.0
7fc852a98000-7fc852a99000 r--p 00002000 00:1d42 4611686019027979942      /nix/store/4nlgxhb09sdr51nc9hdm8az5b08vzkgx-glibc-2.35-163/lib/libpthread.so.0
7fc852a99000-7fc852a9a000 r--p 00002000 00:1d42 4611686019027979942      /nix/store/4nlgxhb09sdr51nc9hdm8az5b08vzkgx-glibc-2.35-163/lib/libpthread.so.0
7fc852a9a000-7fc852a9b000 rw-p 00003000 00:1d42 4611686019027979942      /nix/store/4nlgxhb09sdr51nc9hdm8az5b08vzkgx-glibc-2.35-163/lib/libpthread.so.0
7fc852a9b000-7fc852aa9000 r-xp 00000000 00:1d42 4611686019135190033      /nix/store/gpxl5qgg8kicmcvivwmybwjlpf7wh20l-graalvm17-ce-22.3.0/lib/libjli.so
7fc852aa9000-7fc852aaa000 ---p 0000e000 00:1d42 4611686019135190033      /nix/store/gpxl5qgg8kicmcvivwmybwjlpf7wh20l-graalvm17-ce-22.3.0/lib/libjli.so
7fc852aaa000-7fc852aab000 r--p 0000e000 00:1d42 4611686019135190033      /nix/store/gpxl5qgg8kicmcvivwmybwjlpf7wh20l-graalvm17-ce-22.3.0/lib/libjli.so
7fc852aab000-7fc852aac000 rw-p 0000f000 00:1d42 4611686019135190033      /nix/store/gpxl5qgg8kicmcvivwmybwjlpf7wh20l-graalvm17-ce-22.3.0/lib/libjli.so
7fc852aac000-7fc852aad000 rw-p 00012000 00:1d42 4611686019135190033      /nix/store/gpxl5qgg8kicmcvivwmybwjlpf7wh20l-graalvm17-ce-22.3.0/lib/libjli.so
7fc852aad000-7fc852ab0000 r--p 00000000 00:1d42 4611686019106210071      /nix/store/026hln0aq1hyshaxsdvhg0kmcm6yf45r-zlib-1.2.13/lib/libz.so.1.2.13
7fc852ab0000-7fc852ac2000 r-xp 00003000 00:1d42 4611686019106210071      /nix/store/026hln0aq1hyshaxsdvhg0kmcm6yf45r-zlib-1.2.13/lib/libz.so.1.2.13
7fc852ac2000-7fc852ac9000 r--p 00015000 00:1d42 4611686019106210071      /nix/store/026hln0aq1hyshaxsdvhg0kmcm6yf45r-zlib-1.2.13/lib/libz.so.1.2.13
7fc852ac9000-7fc852aca000 r--p 0001b000 00:1d42 4611686019106210071      /nix/store/026hln0aq1hyshaxsdvhg0kmcm6yf45r-zlib-1.2.13/lib/libz.so.1.2.13
7fc852aca000-7fc852acb000 rw-p 0001c000 00:1d42 4611686019106210071      /nix/store/026hln0aq1hyshaxsdvhg0kmcm6yf45r-zlib-1.2.13/lib/libz.so.1.2.13
7fc852acb000-7fc852acd000 rw-p 00000000 00:00 0 
7fc852acd000-7fc852acf000 r--p 00000000 00:1d42 4611686019027979912      /nix/store/4nlgxhb09sdr51nc9hdm8az5b08vzkgx-glibc-2.35-163/lib/ld-linux-x86-64.so.2
7fc852acf000-7fc852af6000 r-xp 00002000 00:1d42 4611686019027979912      /nix/store/4nlgxhb09sdr51nc9hdm8az5b08vzkgx-glibc-2.35-163/lib/ld-linux-x86-64.so.2
7fc852af6000-7fc852b02000 r--p 00029000 00:1d42 4611686019027979912      /nix/store/4nlgxhb09sdr51nc9hdm8az5b08vzkgx-glibc-2.35-163/lib/ld-linux-x86-64.so.2
7fc852b02000-7fc852b04000 r--p 00034000 00:1d42 4611686019027979912      /nix/store/4nlgxhb09sdr51nc9hdm8az5b08vzkgx-glibc-2.35-163/lib/ld-linux-x86-64.so.2
7fc852b04000-7fc852b06000 rw-p 00036000 00:1d42 4611686019027979912      /nix/store/4nlgxhb09sdr51nc9hdm8az5b08vzkgx-glibc-2.35-163/lib/ld-linux-x86-64.so.2
7fffe5946000-7fffe596a000 rw-p 00000000 00:00 0                          [stack]
7fffe5998000-7fffe599c000 r--p 00000000 00:00 0                          [vvar]
7fffe599c000-7fffe599e000 r-xp 00000000 00:00 0                          [vdso]
ffffffffff600000-ffffffffff601000 --xp 00000000 00:00 0                  [vsyscall]


VM Arguments:
jvm_args: -XX:ThreadPriorityPolicy=1 -XX:+UnlockExperimentalVMOptions -XX:+EnableJVMCIProduct -XX:JVMCIThreadsPerNativeLibraryRuntime=1 -XX:-UnlockExperimentalVMOptions -Declipse.application=org.eclipse.jdt.ls.core.id1 -Dosgi.bundles.defaultStartLevel=4 -Declipse.product=org.eclipse.jdt.ls.core.product -Dlog.level=ALL -Xverify:none -XX:+UseParallelGC -XX:GCTimeRatio=4 -XX:AdaptiveSizePolicyWeight=90 -Dsun.zip.disableMemoryMapping=true -Xmx512m -Xms100m 
java_command: /nix/store/m6gcpi1ii6rghy04cjwjddcavv7i90df-jdt-language-server-1.9.0/share/java/plugins/org.eclipse.equinox.launcher_1.6.400.v20210924-0641.jar --add-modules=ALL-SYSTEM --add-opens java.base/java.util=ALL-UNNAMED --add-opens java.base/java.lang=ALL-UNNAMED -configuration /home/runner/.cache/jdt-language-server/config -data /home/runner/.cache/jdt-language-server/data/home/runner/Pokemon-Battle-Simulator
java_class_path (initial): /nix/store/m6gcpi1ii6rghy04cjwjddcavv7i90df-jdt-language-server-1.9.0/share/java/plugins/org.eclipse.equinox.launcher_1.6.400.v20210924-0641.jar
Launcher Type: SUN_STANDARD

[Global flags]
    uintx AdaptiveSizePolicyWeight                 = 90                                        {product} {command line}
     intx CICompilerCount                          = 2                                         {product} {ergonomic}
     bool EnableJVMCIProduct                       = true                                {JVMCI product} {jimage}
    uintx GCTimeRatio                              = 4                                         {product} {command line}
   size_t InitialHeapSize                          = 104857600                                 {product} {command line}
     uint JVMCIThreadsPerNativeLibraryRuntime      = 1                                   {JVMCI product} {jimage}
   size_t MaxHeapSize                              = 536870912                                 {product} {command line}
   size_t MaxNewSize                               = 178782208                                 {product} {ergonomic}
   size_t MinHeapDeltaBytes                        = 524288                                    {product} {ergonomic}
   size_t MinHeapSize                              = 104857600                                 {product} {command line}
   size_t NewSize                                  = 34603008                                  {product} {ergonomic}
    uintx NonNMethodCodeHeapSize                   = 5826188                                {pd product} {ergonomic}
    uintx NonProfiledCodeHeapSize                  = 122916026                              {pd product} {ergonomic}
   size_t OldSize                                  = 70254592                                  {product} {ergonomic}
    uintx ProfiledCodeHeapSize                     = 122916026                              {pd product} {ergonomic}
    uintx ReservedCodeCacheSize                    = 251658240                              {pd product} {ergonomic}
     bool SegmentedCodeCache                       = true                                      {product} {ergonomic}
   size_t SoftMaxHeapSize                          = 536870912                              {manageable} {ergonomic}
     intx ThreadPriorityPolicy                     = 1                                         {product} {jimage}
     bool UseCompressedClassPointers               = true                           {product lp64_product} {ergonomic}
     bool UseCompressedOops                        = true                           {product lp64_product} {ergonomic}
     bool UseParallelGC                            = true                                      {product} {command line}

Logging:
Log output configuration:
 #0: stdout all=warning uptime,level,tags
 #1: stderr all=off uptime,level,tags

Environment Variables:
JAVA_HOME=/nix/store/gpxl5qgg8kicmcvivwmybwjlpf7wh20l-graalvm17-ce-22.3.0
PATH=/nix/store/1d6ian3r8kdzspw8hacjhl3xkp40g1lj-binutils-wrapper-2.39/bin:/nix/store/dq0xwmsk1g0i2ayg6pb7y87na2knzylh-gcc-wrapper-11.3.0/bin:/nix/store/bap4d0lpcrhpwmpb8ayjcgkmvfj62lnq-bash-interactive-5.1-p16/bin:/nix/store/pr5n59mb4jzmfx6kanwxly0l07p861fg-patchelf-0.15.0/bin:/nix/store/1gf2flfqnpqbr1b4p4qz2f72y42bs56r-gcc-11.3.0/bin:/nix/store/57xv61c5zi8pphjbcwxxjlgc34p61ic9-glibc-2.35-163-bin/bin:/nix/store/a7gvj343m05j2s32xcnwr35v31ynlypr-coreutils-9.1/bin:/nix/store/039g378vc3pc3dvi9dzdlrd0i4q93qwf-binutils-2.39/bin:/nix/store/gpxl5qgg8kicmcvivwmybwjlpf7wh20l-graalvm17-ce-22.3.0/bin:/nix/store/6z9ag3ihc8mq2hzsw48lhbznvzny65nz-apache-maven-3.8.6/bin:/nix/store/m6gcpi1ii6rghy04cjwjddcavv7i90df-jdt-language-server-1.9.0/bin:/nix/store/84xs5alhs01zrbr4ywm05kxbjbp5590l-java-debug/bin:/nix/store/mydc6f4k2z73xlcz7ilif3v2lcaiqvza-findutils-4.9.0/bin:/nix/store/j9p3g8472iijd50vhdprx0nmk2fqn5gv-diffutils-3.8/bin:/nix/store/89zs7rms6x00xfq4dq6m7mjnhkr8a6r4-gnused-4.8/bin:/nix/store/86bp03jkmsl6f92w0yzg4s59g5mhxwmy-gnugrep-3.7/bin:/nix/store/hwcdqw4jrjnd37wxqgsd47hd0j8bnj09-gawk-5.1.1/bin:/nix/store/cfbhw8r8ags41vwqaz47r583d0p4h4a1-gnutar-1.34/bin:/nix/store/p3m1ndl1lapwrlh698bnb5lvvxh67378-gzip-1.12/bin:/nix/store/a8mhcagrsly7c7mpjrpsnaahk4aax056-bzip2-1.0.8-bin/bin:/nix/store/mblgz65m3zv9x548a3d5m96fj2pbwr09-gnumake-4.3/bin:/nix/store/dsd5gz46hdbdk2rfdimqddhq6m8m8fqs-bash-5.1-p16/bin:/nix/store/v7ljksji50mg3w61dykaa3n3y79n6nil-patch-2.7.6/bin:/nix/store/zlcnmqq14jz5x9439jf937mvayyl63da-xz-5.2.7-bin/bin:/nix/store/y6aj732zm9m87c82fpvf103a1xb22blp-file-5.43/bin:/nix/store/i4kzir3m7mrisxmf5xvlnkw01x4qaqr4-prybar-elisp-0.0.0-e0d9a52/bin:/nix/store/lwwivxf6h7x3cvxp9zv8sj0mv7dak99r-prybar-lua-0.0.0-e0d9a52/bin:/nix/store/gxj28g1cg4hq3qanmjv07156h800qr58-prybar-python3-0.0.0-e0d9a52/bin:/nix/store/hshkjnxrgidigf8x75vg6lqng2xlx9i3-prybar-sqlite-0.0.0-e0d9a52/bin:/nix/store/c4w01bpjgyy5ixmwdk8m1pw87zq4sl26-prybar-tcl-0.0.0-e0d9a52/bin:/nix/store/hpbvrlwd5viqmvcaisb3x0118i913a9n-st
LD_LIBRARY_PATH=/nix/store/a4pff549sk2idnkpzk5nsfps3mdkdnvm-cups-2.4.2-lib/lib:/nix/store/72mqxxhh3cy5yifh92wh2yb8cl2hikyy-cairo-1.16.0/lib:/nix/store/2k366jrbsra97gjfxwvrhvixjfxdach5-glib-2.74.1/lib:/nix/store/2j2znigd8ak37rlwh9khz0ry3clqlw1l-gtk+3-3.24.34/lib:/nix/store/hisqvx32cd57apbpcsnkpx6k3549wql1-libglvnd-1.4.0/lib:/nix/store/p36pgcv991mq5srvg765b78yqpxvk3qs-mesa-21.3.3-drivers/lib:/nix/store/mav4251if1ahjq5vkpwycyyvnmy459c4-pulseaudio-14.2/lib
DISPLAY=:0
LANG=en_US.UTF-8

Signal Handlers:
   SIGSEGV: crash_handler in libjvm.so, mask=11100100010111111101111111111110, flags=SA_RESTART|SA_SIGINFO
    SIGBUS: crash_handler in libjvm.so, mask=11100100010111111101111111111110, flags=SA_RESTART|SA_SIGINFO
    SIGFPE: crash_handler in libjvm.so, mask=11100100010111111101111111111110, flags=SA_RESTART|SA_SIGINFO
   SIGPIPE: IsolateEnterStub_IgnoreSIGPIPEStartupHook_noopSignalHandler_8f19bff2f35b5f630d83b364d6b2339320d4ec70_216e8361c6bc87a8f89f58cc10d3b2fd4415bf87 in libjvmcicompiler.so, mask=00000000000000000000000000000000, flags=SA_RESTART
  *** Handler was modified!
  *** Expected: javaSignalHandler in libjvm.so, mask=11100100110111111111111111111110, flags=SA_RESTART|SA_SIGINFO
   SIGXFSZ: javaSignalHandler in libjvm.so, mask=11100100010111111101111111111110, flags=SA_RESTART|SA_SIGINFO
    SIGILL: crash_handler in libjvm.so, mask=11100100010111111101111111111110, flags=SA_RESTART|SA_SIGINFO
   SIGUSR2: SR_handler in libjvm.so, mask=00000000000000000000000000000000, flags=SA_RESTART|SA_SIGINFO
    SIGHUP: UserHandler in libjvm.so, mask=11100100010111111101111111111110, flags=SA_RESTART|SA_SIGINFO
    SIGINT: UserHandler in libjvm.so, mask=11100100010111111101111111111110, flags=SA_RESTART|SA_SIGINFO
   SIGTERM: UserHandler in libjvm.so, mask=11100100010111111101111111111110, flags=SA_RESTART|SA_SIGINFO
   SIGQUIT: UserHandler in libjvm.so, mask=11100100010111111101111111111110, flags=SA_RESTART|SA_SIGINFO
  *** Handler was modified!
  *** Expected: javaSignalHandler in libjvm.so, mask=11100100110111111111111111111110, flags=SA_RESTART|SA_SIGINFO
   SIGTRAP: crash_handler in libjvm.so, mask=11100100010111111101111111111110, flags=SA_RESTART|SA_SIGINFO


---------------  S Y S T E M  ---------------

OS:
DISTRIB_ID=Ubuntu
DISTRIB_RELEASE=20.04
DISTRIB_CODENAME=focal
DISTRIB_DESCRIPTION="Ubuntu 20.04.2 LTS"
uname: Linux 5.19.0-1025-gcp #27~22.04.1-Ubuntu SMP Wed May 24 03:53:01 UTC 2023 x86_64
OS uptime: 0 days 1:04 hours
libc: glibc 2.35 NPTL 2.35 
rlimit (soft/hard): STACK 8192k/infinity , CORE infinity/infinity , NPROC infinity/infinity , NOFILE 5242/5242 , AS infinity/infinity , CPU infinity/infinity , DATA infinity/infinity , FSIZE infinity/infinity , MEMLOCK 8192k/8192k
load average: 12.81 13.94 12.98

/proc/meminfo:
MemTotal:       65852244 kB
MemFree:        30214424 kB
MemAvailable:   46436160 kB
Buffers:         1354052 kB
Cached:         14011404 kB
SwapCached:            0 kB
Active:          6056848 kB
Inactive:       26046576 kB
Active(anon):      17312 kB
Inactive(anon): 16444804 kB
Active(file):    6039536 kB
Inactive(file):  9601772 kB
Unevictable:       56612 kB
Mlocked:           56612 kB
SwapTotal:             0 kB
SwapFree:              0 kB
Zswap:                 0 kB
Zswapped:              0 kB
Dirty:              6212 kB
Writeback:             0 kB
AnonPages:      15990112 kB
Mapped:          1471944 kB
Shmem:             31772 kB
KReclaimable:    1307028 kB
Slab:            2365552 kB
SReclaimable:    1307028 kB
SUnreclaim:      1058524 kB
KernelStack:      491248 kB
PageTables:       196936 kB
NFS_Unstable:          0 kB
Bounce:                0 kB
WritebackTmp:          0 kB
CommitLimit:    32926120 kB
Committed_AS:   72319488 kB
VmallocTotal:   34359738367 kB
VmallocUsed:      531256 kB
VmallocChunk:          0 kB
Percpu:            52736 kB
HardwareCorrupted:     0 kB
AnonHugePages:   1785856 kB
ShmemHugePages:        0 kB
ShmemPmdMapped:        0 kB
FileHugePages:         0 kB
FilePmdMapped:         0 kB
HugePages_Total:       0
HugePages_Free:        0
HugePages_Rsvd:        0
HugePages_Surp:        0
Hugepagesize:       2048 kB
Hugetlb:               0 kB
DirectMap4k:     2607928 kB
DirectMap2M:    41428992 kB
DirectMap1G:    25165824 kB

/sys/kernel/mm/transparent_hugepage/enabled: always [madvise] never
/sys/kernel/mm/transparent_hugepage/defrag (defrag/compaction efforts parameter): always defer defer+madvise [madvise] never

Process Memory:
Virtual Size: 5330008K (peak: 5413692K)
Resident Set Size: 759456K (peak: 798668K) (anon: 564348K, file: 195108K, shmem: 0K)
Swapped out: 0K
C-Heap outstanding allocations: 44575K, retained: 15268K
glibc malloc tunables: (default)

/proc/sys/kernel/threads-max (system-wide limit on the number of threads): 514406
/proc/sys/vm/max_map_count (maximum number of memory map areas a process may have): 65530
/proc/sys/kernel/pid_max (system-wide limit on number of process identifiers): 4194304

container (cgroup) information:
container_type: cgroupv1
cpu_cpuset_cpus: 2-7
cpu_memory_nodes: 0
active_processor_count: 1
cpu_quota: 50000
cpu_period: 100000
cpu_shares: 512
memory_limit_in_bytes: 1048576 k
memory_and_swap_limit_in_bytes: 1048576 k
memory_soft_limit_in_bytes: 524288 k
memory_usage_in_bytes: 797736 k
memory_max_usage_in_bytes: 815712 k
maximum number of tasks: 1000
current number of tasks: 71

KVM virtualization detected
Steal ticks since vm start: 0
Steal ticks percentage since vm start:  0.000

CPU: total 8 (initial active 1) (8 cores per cpu, 2 threads per core) family 23 model 49 stepping 0 microcode 0xffffffff, cx8, cmov, fxsr, ht, mmx, 3dnowpref, sse, sse2, sse3, ssse3, sse4a, sse4.1, sse4.2, popcnt, lzcnt, tsc, tscinvbit, avx, avx2, aes, clmul, bmi1, bmi2, adx, sha, fma, vzeroupper, clflush, clflushopt, hv
CPU Model and flags from /proc/cpuinfo:
model name	: AMD EPYC 7B12
flags		: fpu vme de pse tsc msr pae mce cx8 apic sep mtrr pge mca cmov pat pse36 clflush mmx fxsr sse sse2 ht syscall nx mmxext fxsr_opt pdpe1gb rdtscp lm constant_tsc rep_good nopl nonstop_tsc cpuid extd_apicid tsc_known_freq pni pclmulqdq ssse3 fma cx16 sse4_1 sse4_2 movbe popcnt aes xsave avx f16c rdrand hypervisor lahf_lm cmp_legacy cr8_legacy abm sse4a misalignsse 3dnowprefetch osvw topoext ssbd ibrs ibpb stibp vmmcall fsgsbase tsc_adjust bmi1 avx2 smep bmi2 rdseed adx smap clflushopt clwb sha_ni xsaveopt xsavec xgetbv1 clzero xsaveerptr arat npt nrip_save umip rdpid

Online cpus: 0-7
Offline cpus: 
BIOS frequency limitation: <Not Available>
Frequency switch latency (ns): <Not Available>
Available cpu frequencies: <Not Available>
Current governor: <Not Available>
Core performance/turbo boost: <Not Available>

Memory: 4k page, physical 1048576k(250836k free), swap 0k(0k free)
Page Sizes: 4k

vm_info: OpenJDK 64-Bit Server VM (17.0.5+8-jvmci-22.3-b08) for linux-amd64 JRE (17.0.5+8-jvmci-22.3-b08), built on Oct 19 2022 09:01:27 by "buildslave" with gcc 10.3.0

END.
